{"/app/applet/src/App.tsx": {"path":"/app/applet/src/App.tsx","statementMap":{"0":{"start":{"line":42,"column":29},"end":{"line":420,"column":null}},"1":{"start":{"line":44,"column":32},"end":{"line":44,"column":null}},"2":{"start":{"line":45,"column":35},"end":{"line":45,"column":null}},"3":{"start":{"line":46,"column":29},"end":{"line":46,"column":null}},"4":{"start":{"line":47,"column":36},"end":{"line":47,"column":null}},"5":{"start":{"line":48,"column":42},"end":{"line":48,"column":null}},"6":{"start":{"line":51,"column":38},"end":{"line":51,"column":null}},"7":{"start":{"line":52,"column":30},"end":{"line":52,"column":null}},"8":{"start":{"line":53,"column":40},"end":{"line":53,"column":null}},"9":{"start":{"line":54,"column":24},"end":{"line":54,"column":null}},"10":{"start":{"line":57,"column":34},"end":{"line":57,"column":null}},"11":{"start":{"line":58,"column":48},"end":{"line":58,"column":null}},"12":{"start":{"line":59,"column":38},"end":{"line":59,"column":null}},"13":{"start":{"line":60,"column":36},"end":{"line":60,"column":null}},"14":{"start":{"line":61,"column":46},"end":{"line":61,"column":null}},"15":{"start":{"line":62,"column":32},"end":{"line":62,"column":null}},"16":{"start":{"line":65,"column":22},"end":{"line":68,"column":null}},"17":{"start":{"line":66,"column":4},"end":{"line":66,"column":null}},"18":{"start":{"line":67,"column":4},"end":{"line":67,"column":null}},"19":{"start":{"line":70,"column":19},"end":{"line":73,"column":null}},"20":{"start":{"line":71,"column":4},"end":{"line":71,"column":null}},"21":{"start":{"line":72,"column":4},"end":{"line":72,"column":null}},"22":{"start":{"line":75,"column":29},"end":{"line":78,"column":null}},"23":{"start":{"line":76,"column":4},"end":{"line":76,"column":null}},"24":{"start":{"line":77,"column":4},"end":{"line":77,"column":null}},"25":{"start":{"line":80,"column":25},"end":{"line":83,"column":null}},"26":{"start":{"line":81,"column":4},"end":{"line":81,"column":null}},"27":{"start":{"line":82,"column":4},"end":{"line":82,"column":null}},"28":{"start":{"line":85,"column":30},"end":{"line":88,"column":null}},"29":{"start":{"line":86,"column":4},"end":{"line":86,"column":null}},"30":{"start":{"line":87,"column":4},"end":{"line":87,"column":null}},"31":{"start":{"line":90,"column":22},"end":{"line":93,"column":null}},"32":{"start":{"line":91,"column":4},"end":{"line":91,"column":null}},"33":{"start":{"line":92,"column":4},"end":{"line":92,"column":null}},"34":{"start":{"line":96,"column":25},"end":{"line":99,"column":null}},"35":{"start":{"line":97,"column":4},"end":{"line":97,"column":null}},"36":{"start":{"line":98,"column":4},"end":{"line":98,"column":null}},"37":{"start":{"line":101,"column":28},"end":{"line":116,"column":null}},"38":{"start":{"line":102,"column":4},"end":{"line":102,"column":null}},"39":{"start":{"line":103,"column":4},"end":{"line":115,"column":null}},"40":{"start":{"line":105,"column":28},"end":{"line":108,"column":null}},"41":{"start":{"line":105,"column":51},"end":{"line":108,"column":8}},"42":{"start":{"line":109,"column":6},"end":{"line":109,"column":null}},"43":{"start":{"line":110,"column":6},"end":{"line":113,"column":null}},"44":{"start":{"line":114,"column":6},"end":{"line":114,"column":null}},"45":{"start":{"line":118,"column":32},"end":{"line":148,"column":null}},"46":{"start":{"line":120,"column":24},"end":{"line":120,"column":null}},"47":{"start":{"line":121,"column":23},"end":{"line":121,"column":null}},"48":{"start":{"line":123,"column":4},"end":{"line":127,"column":null}},"49":{"start":{"line":130,"column":42},"end":{"line":145,"column":null}},"50":{"start":{"line":147,"column":4},"end":{"line":147,"column":null}},"51":{"start":{"line":150,"column":32},"end":{"line":176,"column":null}},"52":{"start":{"line":151,"column":23},"end":{"line":151,"column":null}},"53":{"start":{"line":152,"column":4},"end":{"line":156,"column":null}},"54":{"start":{"line":158,"column":42},"end":{"line":173,"column":null}},"55":{"start":{"line":175,"column":4},"end":{"line":175,"column":null}},"56":{"start":{"line":178,"column":26},"end":{"line":237,"column":null}},"57":{"start":{"line":180,"column":23},"end":{"line":180,"column":null}},"58":{"start":{"line":181,"column":4},"end":{"line":185,"column":null}},"59":{"start":{"line":188,"column":24},"end":{"line":188,"column":null}},"60":{"start":{"line":188,"column":50},"end":{"line":188,"column":119}},"61":{"start":{"line":189,"column":22},"end":{"line":189,"column":null}},"62":{"start":{"line":191,"column":23},"end":{"line":191,"column":null}},"63":{"start":{"line":193,"column":4},"end":{"line":216,"column":null}},"64":{"start":{"line":194,"column":6},"end":{"line":201,"column":null}},"65":{"start":{"line":203,"column":6},"end":{"line":215,"column":null}},"66":{"start":{"line":218,"column":4},"end":{"line":218,"column":null}},"67":{"start":{"line":221,"column":37},"end":{"line":234,"column":null}},"68":{"start":{"line":236,"column":4},"end":{"line":236,"column":null}},"69":{"start":{"line":240,"column":31},"end":{"line":294,"column":null}},"70":{"start":{"line":242,"column":4},"end":{"line":253,"column":null}},"71":{"start":{"line":243,"column":21},"end":{"line":243,"column":null}},"72":{"start":{"line":244,"column":6},"end":{"line":251,"column":null}},"73":{"start":{"line":245,"column":20},"end":{"line":245,"column":null}},"74":{"start":{"line":245,"column":44},"end":{"line":245,"column":98}},"75":{"start":{"line":246,"column":8},"end":{"line":250,"column":null}},"76":{"start":{"line":247,"column":10},"end":{"line":247,"column":null}},"77":{"start":{"line":249,"column":10},"end":{"line":249,"column":null}},"78":{"start":{"line":252,"column":6},"end":{"line":252,"column":null}},"79":{"start":{"line":256,"column":4},"end":{"line":262,"column":null}},"80":{"start":{"line":257,"column":6},"end":{"line":261,"column":null}},"81":{"start":{"line":265,"column":4},"end":{"line":273,"column":null}},"82":{"start":{"line":266,"column":27},"end":{"line":271,"column":null}},"83":{"start":{"line":267,"column":8},"end":{"line":269,"column":null}},"84":{"start":{"line":268,"column":10},"end":{"line":268,"column":null}},"85":{"start":{"line":270,"column":8},"end":{"line":270,"column":null}},"86":{"start":{"line":272,"column":6},"end":{"line":272,"column":null}},"87":{"start":{"line":276,"column":4},"end":{"line":293,"column":null}},"88":{"start":{"line":277,"column":39},"end":{"line":291,"column":null}},"89":{"start":{"line":292,"column":6},"end":{"line":292,"column":null}},"90":{"start":{"line":296,"column":27},"end":{"line":299,"column":null}},"91":{"start":{"line":297,"column":20},"end":{"line":297,"column":null}},"92":{"start":{"line":297,"column":38},"end":{"line":297,"column":90}},"93":{"start":{"line":298,"column":4},"end":{"line":298,"column":null}},"94":{"start":{"line":301,"column":26},"end":{"line":307,"column":null}},"95":{"start":{"line":302,"column":4},"end":{"line":302,"column":null}},"96":{"start":{"line":303,"column":4},"end":{"line":303,"column":null}},"97":{"start":{"line":304,"column":4},"end":{"line":304,"column":null}},"98":{"start":{"line":305,"column":4},"end":{"line":305,"column":null}},"99":{"start":{"line":306,"column":4},"end":{"line":306,"column":null}},"100":{"start":{"line":309,"column":32},"end":{"line":312,"column":null}},"101":{"start":{"line":310,"column":4},"end":{"line":310,"column":null}},"102":{"start":{"line":311,"column":4},"end":{"line":311,"column":null}},"103":{"start":{"line":314,"column":2},"end":{"line":418,"column":null}},"104":{"start":{"line":322,"column":30},"end":{"line":322,"column":null}},"105":{"start":{"line":335,"column":35},"end":{"line":335,"column":null}},"106":{"start":{"line":340,"column":31},"end":{"line":340,"column":null}},"107":{"start":{"line":361,"column":31},"end":{"line":361,"column":null}},"108":{"start":{"line":362,"column":39},"end":{"line":362,"column":null}},"109":{"start":{"line":376,"column":38},"end":{"line":376,"column":null}},"110":{"start":{"line":377,"column":36},"end":{"line":377,"column":null}},"111":{"start":{"line":389,"column":23},"end":{"line":389,"column":null}},"112":{"start":{"line":400,"column":23},"end":{"line":400,"column":null}},"113":{"start":{"line":407,"column":23},"end":{"line":407,"column":null}},"114":{"start":{"line":410,"column":37},"end":{"line":410,"column":null}}},"fnMap":{"0":{"name":"(anonymous_0)","decl":{"start":{"line":42,"column":29},"end":{"line":42,"column":35}},"loc":{"start":{"line":42,"column":35},"end":{"line":420,"column":null}},"line":42},"1":{"name":"(anonymous_1)","decl":{"start":{"line":65,"column":22},"end":{"line":65,"column":23}},"loc":{"start":{"line":65,"column":42},"end":{"line":68,"column":null}},"line":65},"2":{"name":"(anonymous_2)","decl":{"start":{"line":70,"column":19},"end":{"line":70,"column":20}},"loc":{"start":{"line":70,"column":37},"end":{"line":73,"column":null}},"line":70},"3":{"name":"(anonymous_3)","decl":{"start":{"line":75,"column":29},"end":{"line":75,"column":30}},"loc":{"start":{"line":75,"column":62},"end":{"line":78,"column":null}},"line":75},"4":{"name":"(anonymous_4)","decl":{"start":{"line":80,"column":25},"end":{"line":80,"column":26}},"loc":{"start":{"line":80,"column":62},"end":{"line":83,"column":null}},"line":80},"5":{"name":"(anonymous_5)","decl":{"start":{"line":85,"column":30},"end":{"line":85,"column":31}},"loc":{"start":{"line":85,"column":60},"end":{"line":88,"column":null}},"line":85},"6":{"name":"(anonymous_6)","decl":{"start":{"line":90,"column":22},"end":{"line":90,"column":23}},"loc":{"start":{"line":90,"column":48},"end":{"line":93,"column":null}},"line":90},"7":{"name":"(anonymous_7)","decl":{"start":{"line":96,"column":25},"end":{"line":96,"column":26}},"loc":{"start":{"line":96,"column":95},"end":{"line":99,"column":null}},"line":96},"8":{"name":"(anonymous_8)","decl":{"start":{"line":101,"column":28},"end":{"line":101,"column":34}},"loc":{"start":{"line":101,"column":34},"end":{"line":116,"column":null}},"line":101},"9":{"name":"(anonymous_9)","decl":{"start":{"line":103,"column":15},"end":{"line":103,"column":21}},"loc":{"start":{"line":103,"column":21},"end":{"line":115,"column":7}},"line":103},"10":{"name":"(anonymous_10)","decl":{"start":{"line":105,"column":41},"end":{"line":105,"column":42}},"loc":{"start":{"line":105,"column":51},"end":{"line":108,"column":8}},"line":105},"11":{"name":"(anonymous_11)","decl":{"start":{"line":118,"column":32},"end":{"line":118,"column":33}},"loc":{"start":{"line":118,"column":53},"end":{"line":148,"column":null}},"line":118},"12":{"name":"(anonymous_12)","decl":{"start":{"line":150,"column":32},"end":{"line":150,"column":33}},"loc":{"start":{"line":150,"column":76},"end":{"line":176,"column":null}},"line":150},"13":{"name":"(anonymous_13)","decl":{"start":{"line":178,"column":26},"end":{"line":178,"column":27}},"loc":{"start":{"line":178,"column":57},"end":{"line":237,"column":null}},"line":178},"14":{"name":"(anonymous_14)","decl":{"start":{"line":188,"column":43},"end":{"line":188,"column":44}},"loc":{"start":{"line":188,"column":50},"end":{"line":188,"column":119}},"line":188},"15":{"name":"(anonymous_15)","decl":{"start":{"line":240,"column":31},"end":{"line":240,"column":32}},"loc":{"start":{"line":240,"column":93},"end":{"line":294,"column":null}},"line":240},"16":{"name":"(anonymous_16)","decl":{"start":{"line":244,"column":30},"end":{"line":244,"column":31}},"loc":{"start":{"line":244,"column":42},"end":{"line":251,"column":7}},"line":244},"17":{"name":"(anonymous_17)","decl":{"start":{"line":245,"column":37},"end":{"line":245,"column":38}},"loc":{"start":{"line":245,"column":44},"end":{"line":245,"column":98}},"line":245},"18":{"name":"(anonymous_18)","decl":{"start":{"line":266,"column":37},"end":{"line":266,"column":38}},"loc":{"start":{"line":266,"column":44},"end":{"line":271,"column":7}},"line":266},"19":{"name":"(anonymous_19)","decl":{"start":{"line":296,"column":27},"end":{"line":296,"column":28}},"loc":{"start":{"line":296,"column":47},"end":{"line":299,"column":null}},"line":296},"20":{"name":"(anonymous_20)","decl":{"start":{"line":297,"column":30},"end":{"line":297,"column":31}},"loc":{"start":{"line":297,"column":38},"end":{"line":297,"column":90}},"line":297},"21":{"name":"(anonymous_21)","decl":{"start":{"line":301,"column":26},"end":{"line":301,"column":32}},"loc":{"start":{"line":301,"column":32},"end":{"line":307,"column":null}},"line":301},"22":{"name":"(anonymous_22)","decl":{"start":{"line":309,"column":32},"end":{"line":309,"column":38}},"loc":{"start":{"line":309,"column":38},"end":{"line":312,"column":null}},"line":309},"23":{"name":"(anonymous_23)","decl":{"start":{"line":322,"column":21},"end":{"line":322,"column":22}},"loc":{"start":{"line":322,"column":30},"end":{"line":322,"column":null}},"line":322},"24":{"name":"(anonymous_24)","decl":{"start":{"line":335,"column":29},"end":{"line":335,"column":35}},"loc":{"start":{"line":335,"column":35},"end":{"line":335,"column":null}},"line":335},"25":{"name":"(anonymous_25)","decl":{"start":{"line":340,"column":25},"end":{"line":340,"column":31}},"loc":{"start":{"line":340,"column":31},"end":{"line":340,"column":null}},"line":340},"26":{"name":"(anonymous_26)","decl":{"start":{"line":361,"column":25},"end":{"line":361,"column":31}},"loc":{"start":{"line":361,"column":31},"end":{"line":361,"column":null}},"line":361},"27":{"name":"(anonymous_27)","decl":{"start":{"line":362,"column":33},"end":{"line":362,"column":39}},"loc":{"start":{"line":362,"column":39},"end":{"line":362,"column":null}},"line":362},"28":{"name":"(anonymous_28)","decl":{"start":{"line":376,"column":32},"end":{"line":376,"column":38}},"loc":{"start":{"line":376,"column":38},"end":{"line":376,"column":null}},"line":376},"29":{"name":"(anonymous_29)","decl":{"start":{"line":377,"column":30},"end":{"line":377,"column":36}},"loc":{"start":{"line":377,"column":36},"end":{"line":377,"column":null}},"line":377},"30":{"name":"(anonymous_30)","decl":{"start":{"line":389,"column":17},"end":{"line":389,"column":23}},"loc":{"start":{"line":389,"column":23},"end":{"line":389,"column":null}},"line":389},"31":{"name":"(anonymous_31)","decl":{"start":{"line":400,"column":17},"end":{"line":400,"column":23}},"loc":{"start":{"line":400,"column":23},"end":{"line":400,"column":null}},"line":400},"32":{"name":"(anonymous_32)","decl":{"start":{"line":407,"column":17},"end":{"line":407,"column":23}},"loc":{"start":{"line":407,"column":23},"end":{"line":407,"column":null}},"line":407},"33":{"name":"(anonymous_33)","decl":{"start":{"line":410,"column":26},"end":{"line":410,"column":27}},"loc":{"start":{"line":410,"column":37},"end":{"line":410,"column":null}},"line":410}},"branchMap":{"0":{"loc":{"start":{"line":96,"column":26},"end":{"line":96,"column":95}},"type":"default-arg","locations":[{"start":{"line":96,"column":81},"end":{"line":96,"column":95}}],"line":96},"1":{"loc":{"start":{"line":120,"column":24},"end":{"line":120,"column":null}},"type":"cond-expr","locations":[{"start":{"line":120,"column":50},"end":{"line":120,"column":56}},{"start":{"line":120,"column":56},"end":{"line":120,"column":null}}],"line":120},"2":{"loc":{"start":{"line":188,"column":50},"end":{"line":188,"column":119}},"type":"binary-expr","locations":[{"start":{"line":188,"column":50},"end":{"line":188,"column":76}},{"start":{"line":188,"column":76},"end":{"line":188,"column":119}}],"line":188},"3":{"loc":{"start":{"line":191,"column":23},"end":{"line":191,"column":null}},"type":"cond-expr","locations":[{"start":{"line":191,"column":84},"end":{"line":191,"column":88}},{"start":{"line":191,"column":88},"end":{"line":191,"column":null}}],"line":191},"4":{"loc":{"start":{"line":191,"column":23},"end":{"line":191,"column":84}},"type":"binary-expr","locations":[{"start":{"line":191,"column":23},"end":{"line":191,"column":54}},{"start":{"line":191,"column":54},"end":{"line":191,"column":84}}],"line":191},"5":{"loc":{"start":{"line":191,"column":88},"end":{"line":191,"column":null}},"type":"cond-expr","locations":[{"start":{"line":191,"column":119},"end":{"line":191,"column":123}},{"start":{"line":191,"column":123},"end":{"line":191,"column":null}}],"line":191},"6":{"loc":{"start":{"line":193,"column":4},"end":{"line":216,"column":null}},"type":"if","locations":[{"start":{"line":193,"column":4},"end":{"line":216,"column":null}},{"start":{"line":202,"column":11},"end":{"line":216,"column":null}}],"line":193},"7":{"loc":{"start":{"line":242,"column":4},"end":{"line":253,"column":null}},"type":"if","locations":[{"start":{"line":242,"column":4},"end":{"line":253,"column":null}},{"start":{},"end":{}}],"line":242},"8":{"loc":{"start":{"line":242,"column":8},"end":{"line":242,"column":55}},"type":"binary-expr","locations":[{"start":{"line":242,"column":8},"end":{"line":242,"column":27}},{"start":{"line":242,"column":27},"end":{"line":242,"column":55}}],"line":242},"9":{"loc":{"start":{"line":245,"column":44},"end":{"line":245,"column":98}},"type":"binary-expr","locations":[{"start":{"line":245,"column":44},"end":{"line":245,"column":70}},{"start":{"line":245,"column":70},"end":{"line":245,"column":98}}],"line":245},"10":{"loc":{"start":{"line":246,"column":8},"end":{"line":250,"column":null}},"type":"if","locations":[{"start":{"line":246,"column":8},"end":{"line":250,"column":null}},{"start":{"line":248,"column":15},"end":{"line":250,"column":null}}],"line":246},"11":{"loc":{"start":{"line":256,"column":4},"end":{"line":262,"column":null}},"type":"if","locations":[{"start":{"line":256,"column":4},"end":{"line":262,"column":null}},{"start":{},"end":{}}],"line":256},"12":{"loc":{"start":{"line":265,"column":4},"end":{"line":273,"column":null}},"type":"if","locations":[{"start":{"line":265,"column":4},"end":{"line":273,"column":null}},{"start":{},"end":{}}],"line":265},"13":{"loc":{"start":{"line":265,"column":8},"end":{"line":265,"column":60}},"type":"binary-expr","locations":[{"start":{"line":265,"column":8},"end":{"line":265,"column":45}},{"start":{"line":265,"column":45},"end":{"line":265,"column":60}}],"line":265},"14":{"loc":{"start":{"line":267,"column":8},"end":{"line":269,"column":null}},"type":"if","locations":[{"start":{"line":267,"column":8},"end":{"line":269,"column":null}},{"start":{},"end":{}}],"line":267},"15":{"loc":{"start":{"line":276,"column":4},"end":{"line":293,"column":null}},"type":"if","locations":[{"start":{"line":276,"column":4},"end":{"line":293,"column":null}},{"start":{},"end":{}}],"line":276},"16":{"loc":{"start":{"line":276,"column":8},"end":{"line":276,"column":59}},"type":"binary-expr","locations":[{"start":{"line":276,"column":8},"end":{"line":276,"column":25}},{"start":{"line":276,"column":25},"end":{"line":276,"column":46}},{"start":{"line":276,"column":46},"end":{"line":276,"column":59}}],"line":276},"17":{"loc":{"start":{"line":283,"column":18},"end":{"line":283,"column":null}},"type":"binary-expr","locations":[{"start":{"line":283,"column":18},"end":{"line":283,"column":37}},{"start":{"line":283,"column":37},"end":{"line":283,"column":null}}],"line":283},"18":{"loc":{"start":{"line":284,"column":27},"end":{"line":284,"column":null}},"type":"binary-expr","locations":[{"start":{"line":284,"column":27},"end":{"line":284,"column":47}},{"start":{"line":284,"column":47},"end":{"line":284,"column":null}}],"line":284},"19":{"loc":{"start":{"line":285,"column":19},"end":{"line":285,"column":null}},"type":"binary-expr","locations":[{"start":{"line":285,"column":19},"end":{"line":285,"column":39}},{"start":{"line":285,"column":39},"end":{"line":285,"column":null}}],"line":285},"20":{"loc":{"start":{"line":297,"column":38},"end":{"line":297,"column":90}},"type":"cond-expr","locations":[{"start":{"line":297,"column":56},"end":{"line":297,"column":88}},{"start":{"line":297,"column":88},"end":{"line":297,"column":90}}],"line":297},"21":{"loc":{"start":{"line":315,"column":36},"end":{"line":315,"column":117}},"type":"cond-expr","locations":[{"start":{"line":315,"column":56},"end":{"line":315,"column":88}},{"start":{"line":315,"column":88},"end":{"line":315,"column":117}}],"line":315},"22":{"loc":{"start":{"line":327,"column":9},"end":{"line":343,"column":null}},"type":"binary-expr","locations":[{"start":{"line":327,"column":9},"end":{"line":327,"column":null}},{"start":{"line":328,"column":10},"end":{"line":343,"column":null}}],"line":327},"23":{"loc":{"start":{"line":346,"column":9},"end":{"line":353,"column":null}},"type":"binary-expr","locations":[{"start":{"line":346,"column":9},"end":{"line":346,"column":null}},{"start":{"line":347,"column":10},"end":{"line":353,"column":null}}],"line":346},"24":{"loc":{"start":{"line":356,"column":9},"end":{"line":363,"column":null}},"type":"binary-expr","locations":[{"start":{"line":356,"column":9},"end":{"line":356,"column":null}},{"start":{"line":357,"column":10},"end":{"line":363,"column":null}}],"line":356},"25":{"loc":{"start":{"line":366,"column":9},"end":{"line":379,"column":null}},"type":"binary-expr","locations":[{"start":{"line":366,"column":9},"end":{"line":366,"column":null}},{"start":{"line":367,"column":10},"end":{"line":379,"column":null}}],"line":366}},"s":{"0":3,"1":17,"2":17,"3":17,"4":17,"5":17,"6":17,"7":17,"8":17,"9":17,"10":17,"11":17,"12":17,"13":17,"14":17,"15":17,"16":17,"17":1,"18":1,"19":17,"20":0,"21":0,"22":17,"23":1,"24":1,"25":17,"26":0,"27":0,"28":17,"29":2,"30":2,"31":17,"32":0,"33":0,"34":17,"35":0,"36":0,"37":17,"38":1,"39":1,"40":0,"41":0,"42":0,"43":0,"44":0,"45":17,"46":0,"47":0,"48":0,"49":0,"50":0,"51":17,"52":0,"53":0,"54":0,"55":0,"56":17,"57":0,"58":0,"59":0,"60":0,"61":0,"62":0,"63":0,"64":0,"65":0,"66":0,"67":0,"68":0,"69":17,"70":0,"71":0,"72":0,"73":0,"74":0,"75":0,"76":0,"77":0,"78":0,"79":0,"80":0,"81":0,"82":0,"83":0,"84":0,"85":0,"86":0,"87":0,"88":0,"89":0,"90":17,"91":0,"92":0,"93":0,"94":17,"95":0,"96":0,"97":0,"98":0,"99":0,"100":17,"101":0,"102":0,"103":17,"104":2,"105":0,"106":1,"107":0,"108":0,"109":0,"110":0,"111":0,"112":0,"113":1,"114":1},"f":{"0":17,"1":1,"2":0,"3":1,"4":0,"5":2,"6":0,"7":0,"8":1,"9":0,"10":0,"11":0,"12":0,"13":0,"14":0,"15":0,"16":0,"17":0,"18":0,"19":0,"20":0,"21":0,"22":0,"23":2,"24":0,"25":1,"26":0,"27":0,"28":0,"29":0,"30":0,"31":0,"32":1,"33":1},"b":{"0":[0],"1":[0,0],"2":[0,0],"3":[0,0],"4":[0,0],"5":[0,0],"6":[0,0],"7":[0,0],"8":[0,0],"9":[0,0],"10":[0,0],"11":[0,0],"12":[0,0],"13":[0,0],"14":[0,0],"15":[0,0],"16":[0,0,0],"17":[0,0],"18":[0,0],"19":[0,0],"20":[0,0],"21":[0,17],"22":[17,13],"23":[17,0],"24":[17,1],"25":[17,3]},"meta":{"lastBranch":26,"lastFunction":34,"lastStatement":115,"seen":{"s:42:29:420:Infinity":0,"f:42:29:42:35":0,"s:44:32:44:Infinity":1,"s:45:35:45:Infinity":2,"s:46:29:46:Infinity":3,"s:47:36:47:Infinity":4,"s:48:42:48:Infinity":5,"s:51:38:51:Infinity":6,"s:52:30:52:Infinity":7,"s:53:40:53:Infinity":8,"s:54:24:54:Infinity":9,"s:57:34:57:Infinity":10,"s:58:48:58:Infinity":11,"s:59:38:59:Infinity":12,"s:60:36:60:Infinity":13,"s:61:46:61:Infinity":14,"s:62:32:62:Infinity":15,"s:65:22:68:Infinity":16,"f:65:22:65:23":1,"s:66:4:66:Infinity":17,"s:67:4:67:Infinity":18,"s:70:19:73:Infinity":19,"f:70:19:70:20":2,"s:71:4:71:Infinity":20,"s:72:4:72:Infinity":21,"s:75:29:78:Infinity":22,"f:75:29:75:30":3,"s:76:4:76:Infinity":23,"s:77:4:77:Infinity":24,"s:80:25:83:Infinity":25,"f:80:25:80:26":4,"s:81:4:81:Infinity":26,"s:82:4:82:Infinity":27,"s:85:30:88:Infinity":28,"f:85:30:85:31":5,"s:86:4:86:Infinity":29,"s:87:4:87:Infinity":30,"s:90:22:93:Infinity":31,"f:90:22:90:23":6,"s:91:4:91:Infinity":32,"s:92:4:92:Infinity":33,"s:96:25:99:Infinity":34,"f:96:25:96:26":7,"b:96:81:96:95":0,"s:97:4:97:Infinity":35,"s:98:4:98:Infinity":36,"s:101:28:116:Infinity":37,"f:101:28:101:34":8,"s:102:4:102:Infinity":38,"s:103:4:115:Infinity":39,"f:103:15:103:21":9,"s:105:28:108:Infinity":40,"f:105:41:105:42":10,"s:105:51:108:8":41,"s:109:6:109:Infinity":42,"s:110:6:113:Infinity":43,"s:114:6:114:Infinity":44,"s:118:32:148:Infinity":45,"f:118:32:118:33":11,"s:120:24:120:Infinity":46,"b:120:50:120:56:120:56:120:Infinity":1,"s:121:23:121:Infinity":47,"s:123:4:127:Infinity":48,"s:130:42:145:Infinity":49,"s:147:4:147:Infinity":50,"s:150:32:176:Infinity":51,"f:150:32:150:33":12,"s:151:23:151:Infinity":52,"s:152:4:156:Infinity":53,"s:158:42:173:Infinity":54,"s:175:4:175:Infinity":55,"s:178:26:237:Infinity":56,"f:178:26:178:27":13,"s:180:23:180:Infinity":57,"s:181:4:185:Infinity":58,"s:188:24:188:Infinity":59,"f:188:43:188:44":14,"s:188:50:188:119":60,"b:188:50:188:76:188:76:188:119":2,"s:189:22:189:Infinity":61,"s:191:23:191:Infinity":62,"b:191:84:191:88:191:88:191:Infinity":3,"b:191:23:191:54:191:54:191:84":4,"b:191:119:191:123:191:123:191:Infinity":5,"b:193:4:216:Infinity:202:11:216:Infinity":6,"s:193:4:216:Infinity":63,"s:194:6:201:Infinity":64,"s:203:6:215:Infinity":65,"s:218:4:218:Infinity":66,"s:221:37:234:Infinity":67,"s:236:4:236:Infinity":68,"s:240:31:294:Infinity":69,"f:240:31:240:32":15,"b:242:4:253:Infinity:undefined:undefined:undefined:undefined":7,"s:242:4:253:Infinity":70,"b:242:8:242:27:242:27:242:55":8,"s:243:21:243:Infinity":71,"s:244:6:251:Infinity":72,"f:244:30:244:31":16,"s:245:20:245:Infinity":73,"f:245:37:245:38":17,"s:245:44:245:98":74,"b:245:44:245:70:245:70:245:98":9,"b:246:8:250:Infinity:248:15:250:Infinity":10,"s:246:8:250:Infinity":75,"s:247:10:247:Infinity":76,"s:249:10:249:Infinity":77,"s:252:6:252:Infinity":78,"b:256:4:262:Infinity:undefined:undefined:undefined:undefined":11,"s:256:4:262:Infinity":79,"s:257:6:261:Infinity":80,"b:265:4:273:Infinity:undefined:undefined:undefined:undefined":12,"s:265:4:273:Infinity":81,"b:265:8:265:45:265:45:265:60":13,"s:266:27:271:Infinity":82,"f:266:37:266:38":18,"b:267:8:269:Infinity:undefined:undefined:undefined:undefined":14,"s:267:8:269:Infinity":83,"s:268:10:268:Infinity":84,"s:270:8:270:Infinity":85,"s:272:6:272:Infinity":86,"b:276:4:293:Infinity:undefined:undefined:undefined:undefined":15,"s:276:4:293:Infinity":87,"b:276:8:276:25:276:25:276:46:276:46:276:59":16,"s:277:39:291:Infinity":88,"b:283:18:283:37:283:37:283:Infinity":17,"b:284:27:284:47:284:47:284:Infinity":18,"b:285:19:285:39:285:39:285:Infinity":19,"s:292:6:292:Infinity":89,"s:296:27:299:Infinity":90,"f:296:27:296:28":19,"s:297:20:297:Infinity":91,"f:297:30:297:31":20,"s:297:38:297:90":92,"b:297:56:297:88:297:88:297:90":20,"s:298:4:298:Infinity":93,"s:301:26:307:Infinity":94,"f:301:26:301:32":21,"s:302:4:302:Infinity":95,"s:303:4:303:Infinity":96,"s:304:4:304:Infinity":97,"s:305:4:305:Infinity":98,"s:306:4:306:Infinity":99,"s:309:32:312:Infinity":100,"f:309:32:309:38":22,"s:310:4:310:Infinity":101,"s:311:4:311:Infinity":102,"s:314:2:418:Infinity":103,"b:315:56:315:88:315:88:315:117":21,"f:322:21:322:22":23,"s:322:30:322:Infinity":104,"b:327:9:327:Infinity:328:10:343:Infinity":22,"f:335:29:335:35":24,"s:335:35:335:Infinity":105,"f:340:25:340:31":25,"s:340:31:340:Infinity":106,"b:346:9:346:Infinity:347:10:353:Infinity":23,"b:356:9:356:Infinity:357:10:363:Infinity":24,"f:361:25:361:31":26,"s:361:31:361:Infinity":107,"f:362:33:362:39":27,"s:362:39:362:Infinity":108,"b:366:9:366:Infinity:367:10:379:Infinity":25,"f:376:32:376:38":28,"s:376:38:376:Infinity":109,"f:377:30:377:36":29,"s:377:36:377:Infinity":110,"f:389:17:389:23":30,"s:389:23:389:Infinity":111,"f:400:17:400:23":31,"s:400:23:400:Infinity":112,"f:407:17:407:23":32,"s:407:23:407:Infinity":113,"f:410:26:410:27":33,"s:410:37:410:Infinity":114},"fnNames":{}}}
,"/app/applet/src/components/AddTransactionModal.tsx": {"path":"/app/applet/src/components/AddTransactionModal.tsx","statementMap":{"0":{"start":{"line":14,"column":71},"end":{"line":218,"column":null}},"1":{"start":{"line":21,"column":26},"end":{"line":21,"column":null}},"2":{"start":{"line":22,"column":22},"end":{"line":22,"column":null}},"3":{"start":{"line":23,"column":30},"end":{"line":23,"column":null}},"4":{"start":{"line":24,"column":26},"end":{"line":24,"column":null}},"5":{"start":{"line":25,"column":24},"end":{"line":25,"column":null}},"6":{"start":{"line":26,"column":32},"end":{"line":26,"column":null}},"7":{"start":{"line":27,"column":24},"end":{"line":27,"column":null}},"8":{"start":{"line":29,"column":2},"end":{"line":29,"column":null}},"9":{"start":{"line":29,"column":15},"end":{"line":29,"column":null}},"10":{"start":{"line":31,"column":23},"end":{"line":55,"column":null}},"11":{"start":{"line":32,"column":4},"end":{"line":32,"column":null}},"12":{"start":{"line":33,"column":19},"end":{"line":33,"column":null}},"13":{"start":{"line":34,"column":4},"end":{"line":37,"column":null}},"14":{"start":{"line":35,"column":6},"end":{"line":35,"column":null}},"15":{"start":{"line":36,"column":6},"end":{"line":36,"column":null}},"16":{"start":{"line":39,"column":37},"end":{"line":51,"column":null}},"17":{"start":{"line":53,"column":4},"end":{"line":53,"column":null}},"18":{"start":{"line":54,"column":4},"end":{"line":54,"column":null}},"19":{"start":{"line":57,"column":2},"end":{"line":216,"column":null}},"20":{"start":{"line":88,"column":16},"end":{"line":103,"column":null}},"21":{"start":{"line":91,"column":33},"end":{"line":91,"column":null}},"22":{"start":{"line":116,"column":31},"end":{"line":116,"column":null}},"23":{"start":{"line":120,"column":16},"end":{"line":122,"column":null}},"24":{"start":{"line":140,"column":31},"end":{"line":140,"column":null}},"25":{"start":{"line":154,"column":31},"end":{"line":154,"column":null}},"26":{"start":{"line":178,"column":31},"end":{"line":178,"column":null}},"27":{"start":{"line":193,"column":31},"end":{"line":193,"column":null}}},"fnMap":{"0":{"name":"(anonymous_0)","decl":{"start":{"line":14,"column":71},"end":{"line":14,"column":72}},"loc":{"start":{"line":20,"column":6},"end":{"line":218,"column":null}},"line":20},"1":{"name":"(anonymous_1)","decl":{"start":{"line":31,"column":23},"end":{"line":31,"column":24}},"loc":{"start":{"line":31,"column":47},"end":{"line":55,"column":null}},"line":31},"2":{"name":"(anonymous_2)","decl":{"start":{"line":87,"column":76},"end":{"line":87,"column":77}},"loc":{"start":{"line":88,"column":16},"end":{"line":103,"column":null}},"line":88},"3":{"name":"(anonymous_3)","decl":{"start":{"line":91,"column":27},"end":{"line":91,"column":33}},"loc":{"start":{"line":91,"column":33},"end":{"line":91,"column":null}},"line":91},"4":{"name":"(anonymous_4)","decl":{"start":{"line":116,"column":24},"end":{"line":116,"column":25}},"loc":{"start":{"line":116,"column":31},"end":{"line":116,"column":null}},"line":116},"5":{"name":"(anonymous_5)","decl":{"start":{"line":119,"column":25},"end":{"line":119,"column":26}},"loc":{"start":{"line":120,"column":16},"end":{"line":122,"column":null}},"line":120},"6":{"name":"(anonymous_6)","decl":{"start":{"line":140,"column":24},"end":{"line":140,"column":25}},"loc":{"start":{"line":140,"column":31},"end":{"line":140,"column":null}},"line":140},"7":{"name":"(anonymous_7)","decl":{"start":{"line":154,"column":24},"end":{"line":154,"column":25}},"loc":{"start":{"line":154,"column":31},"end":{"line":154,"column":null}},"line":154},"8":{"name":"(anonymous_8)","decl":{"start":{"line":178,"column":24},"end":{"line":178,"column":25}},"loc":{"start":{"line":178,"column":31},"end":{"line":178,"column":null}},"line":178},"9":{"name":"(anonymous_9)","decl":{"start":{"line":193,"column":24},"end":{"line":193,"column":25}},"loc":{"start":{"line":193,"column":31},"end":{"line":193,"column":null}},"line":193}},"branchMap":{"0":{"loc":{"start":{"line":29,"column":2},"end":{"line":29,"column":null}},"type":"if","locations":[{"start":{"line":29,"column":2},"end":{"line":29,"column":null}},{"start":{},"end":{}}],"line":29},"1":{"loc":{"start":{"line":34,"column":4},"end":{"line":37,"column":null}},"type":"if","locations":[{"start":{"line":34,"column":4},"end":{"line":37,"column":null}},{"start":{},"end":{}}],"line":34},"2":{"loc":{"start":{"line":34,"column":8},"end":{"line":34,"column":38}},"type":"binary-expr","locations":[{"start":{"line":34,"column":8},"end":{"line":34,"column":25}},{"start":{"line":34,"column":25},"end":{"line":34,"column":38}}],"line":34},"3":{"loc":{"start":{"line":46,"column":25},"end":{"line":46,"column":null}},"type":"binary-expr","locations":[{"start":{"line":46,"column":25},"end":{"line":46,"column":41}},{"start":{"line":46,"column":41},"end":{"line":46,"column":null}}],"line":46},"4":{"loc":{"start":{"line":47,"column":17},"end":{"line":47,"column":null}},"type":"binary-expr","locations":[{"start":{"line":47,"column":17},"end":{"line":47,"column":37}},{"start":{"line":47,"column":37},"end":{"line":47,"column":null}}],"line":47},"5":{"loc":{"start":{"line":93,"column":20},"end":{"line":99,"column":null}},"type":"cond-expr","locations":[{"start":{"line":94,"column":24},"end":{"line":98,"column":null}},{"start":{"line":99,"column":24},"end":{"line":99,"column":null}}],"line":93},"6":{"loc":{"start":{"line":94,"column":24},"end":{"line":98,"column":null}},"type":"cond-expr","locations":[{"start":{"line":95,"column":26},"end":{"line":95,"column":null}},{"start":{"line":96,"column":26},"end":{"line":98,"column":null}}],"line":94},"7":{"loc":{"start":{"line":96,"column":26},"end":{"line":98,"column":null}},"type":"cond-expr","locations":[{"start":{"line":97,"column":26},"end":{"line":97,"column":null}},{"start":{"line":98,"column":26},"end":{"line":98,"column":null}}],"line":96},"8":{"loc":{"start":{"line":102,"column":19},"end":{"line":102,"column":null}},"type":"cond-expr","locations":[{"start":{"line":102,"column":29},"end":{"line":102,"column":64}},{"start":{"line":102,"column":64},"end":{"line":102,"column":null}}],"line":102},"9":{"loc":{"start":{"line":102,"column":64},"end":{"line":102,"column":null}},"type":"cond-expr","locations":[{"start":{"line":102,"column":74},"end":{"line":102,"column":111}},{"start":{"line":102,"column":107},"end":{"line":102,"column":null}}],"line":102},"10":{"loc":{"start":{"line":143,"column":13},"end":{"line":143,"column":null}},"type":"binary-expr","locations":[{"start":{"line":143,"column":13},"end":{"line":143,"column":22}},{"start":{"line":143,"column":22},"end":{"line":143,"column":null}}],"line":143}},"s":{"0":3,"1":18,"2":18,"3":18,"4":18,"5":18,"6":18,"7":18,"8":18,"9":16,"10":2,"11":1,"12":1,"13":1,"14":0,"15":0,"16":1,"17":1,"18":1,"19":2,"20":6,"21":0,"22":0,"23":48,"24":1,"25":0,"26":0,"27":0},"f":{"0":18,"1":1,"2":6,"3":0,"4":0,"5":48,"6":1,"7":0,"8":0,"9":0},"b":{"0":[16,2],"1":[0,1],"2":[1,1],"3":[1,1],"4":[1,1],"5":[2,4],"6":[0,2],"7":[2,0],"8":[2,4],"9":[2,2],"10":[2,0]},"meta":{"lastBranch":11,"lastFunction":10,"lastStatement":28,"seen":{"s:14:71:218:Infinity":0,"f:14:71:14:72":0,"s:21:26:21:Infinity":1,"s:22:22:22:Infinity":2,"s:23:30:23:Infinity":3,"s:24:26:24:Infinity":4,"s:25:24:25:Infinity":5,"s:26:32:26:Infinity":6,"s:27:24:27:Infinity":7,"b:29:2:29:Infinity:undefined:undefined:undefined:undefined":0,"s:29:2:29:Infinity":8,"s:29:15:29:Infinity":9,"s:31:23:55:Infinity":10,"f:31:23:31:24":1,"s:32:4:32:Infinity":11,"s:33:19:33:Infinity":12,"b:34:4:37:Infinity:undefined:undefined:undefined:undefined":1,"s:34:4:37:Infinity":13,"b:34:8:34:25:34:25:34:38":2,"s:35:6:35:Infinity":14,"s:36:6:36:Infinity":15,"s:39:37:51:Infinity":16,"b:46:25:46:41:46:41:46:Infinity":3,"b:47:17:47:37:47:37:47:Infinity":4,"s:53:4:53:Infinity":17,"s:54:4:54:Infinity":18,"s:57:2:216:Infinity":19,"f:87:76:87:77":2,"s:88:16:103:Infinity":20,"f:91:27:91:33":3,"s:91:33:91:Infinity":21,"b:94:24:98:Infinity:99:24:99:Infinity":5,"b:95:26:95:Infinity:96:26:98:Infinity":6,"b:97:26:97:Infinity:98:26:98:Infinity":7,"b:102:29:102:64:102:64:102:Infinity":8,"b:102:74:102:111:102:107:102:Infinity":9,"f:116:24:116:25":4,"s:116:31:116:Infinity":22,"f:119:25:119:26":5,"s:120:16:122:Infinity":23,"f:140:24:140:25":6,"s:140:31:140:Infinity":24,"b:143:13:143:22:143:22:143:Infinity":10,"f:154:24:154:25":7,"s:154:31:154:Infinity":25,"f:178:24:178:25":8,"s:178:31:178:Infinity":26,"f:193:24:193:25":9,"s:193:31:193:Infinity":27},"fnNames":{}}}
,"/app/applet/src/components/Navbar.tsx": {"path":"/app/applet/src/components/Navbar.tsx","statementMap":{"0":{"start":{"line":14,"column":45},"end":{"line":81,"column":null}},"1":{"start":{"line":21,"column":2},"end":{"line":79,"column":null}},"2":{"start":{"line":27,"column":25},"end":{"line":27,"column":null}},"3":{"start":{"line":54,"column":29},"end":{"line":54,"column":null}},"4":{"start":{"line":66,"column":29},"end":{"line":66,"column":null}},"5":{"start":{"line":87,"column":5},"end":{"line":135,"column":null}},"6":{"start":{"line":88,"column":2},"end":{"line":133,"column":null}},"7":{"start":{"line":92,"column":23},"end":{"line":92,"column":null}},"8":{"start":{"line":103,"column":23},"end":{"line":103,"column":null}},"9":{"start":{"line":114,"column":23},"end":{"line":114,"column":null}},"10":{"start":{"line":125,"column":23},"end":{"line":125,"column":null}}},"fnMap":{"0":{"name":"(anonymous_0)","decl":{"start":{"line":14,"column":45},"end":{"line":14,"column":46}},"loc":{"start":{"line":20,"column":6},"end":{"line":81,"column":null}},"line":20},"1":{"name":"(anonymous_1)","decl":{"start":{"line":27,"column":19},"end":{"line":27,"column":25}},"loc":{"start":{"line":27,"column":25},"end":{"line":27,"column":null}},"line":27},"2":{"name":"(anonymous_2)","decl":{"start":{"line":54,"column":23},"end":{"line":54,"column":29}},"loc":{"start":{"line":54,"column":29},"end":{"line":54,"column":null}},"line":54},"3":{"name":"(anonymous_3)","decl":{"start":{"line":66,"column":23},"end":{"line":66,"column":29}},"loc":{"start":{"line":66,"column":29},"end":{"line":66,"column":null}},"line":66},"4":{"name":"(anonymous_4)","decl":{"start":{"line":87,"column":5},"end":{"line":87,"column":6}},"loc":{"start":{"line":87,"column":48},"end":{"line":135,"column":null}},"line":87},"5":{"name":"(anonymous_5)","decl":{"start":{"line":92,"column":17},"end":{"line":92,"column":23}},"loc":{"start":{"line":92,"column":23},"end":{"line":92,"column":null}},"line":92},"6":{"name":"(anonymous_6)","decl":{"start":{"line":103,"column":17},"end":{"line":103,"column":23}},"loc":{"start":{"line":103,"column":23},"end":{"line":103,"column":null}},"line":103},"7":{"name":"(anonymous_7)","decl":{"start":{"line":114,"column":17},"end":{"line":114,"column":23}},"loc":{"start":{"line":114,"column":23},"end":{"line":114,"column":null}},"line":114},"8":{"name":"(anonymous_8)","decl":{"start":{"line":125,"column":17},"end":{"line":125,"column":23}},"loc":{"start":{"line":125,"column":23},"end":{"line":125,"column":null}},"line":125}},"branchMap":{"0":{"loc":{"start":{"line":56,"column":16},"end":{"line":58,"column":null}},"type":"cond-expr","locations":[{"start":{"line":57,"column":20},"end":{"line":57,"column":null}},{"start":{"line":58,"column":20},"end":{"line":58,"column":null}}],"line":56},"1":{"loc":{"start":{"line":68,"column":16},"end":{"line":70,"column":null}},"type":"cond-expr","locations":[{"start":{"line":69,"column":20},"end":{"line":69,"column":null}},{"start":{"line":70,"column":20},"end":{"line":70,"column":null}}],"line":68},"2":{"loc":{"start":{"line":94,"column":10},"end":{"line":94,"column":null}},"type":"cond-expr","locations":[{"start":{"line":94,"column":33},"end":{"line":94,"column":64}},{"start":{"line":94,"column":64},"end":{"line":94,"column":null}}],"line":94},"3":{"loc":{"start":{"line":105,"column":10},"end":{"line":105,"column":null}},"type":"cond-expr","locations":[{"start":{"line":105,"column":36},"end":{"line":105,"column":67}},{"start":{"line":105,"column":67},"end":{"line":105,"column":null}}],"line":105},"4":{"loc":{"start":{"line":116,"column":10},"end":{"line":116,"column":null}},"type":"cond-expr","locations":[{"start":{"line":116,"column":41},"end":{"line":116,"column":72}},{"start":{"line":116,"column":72},"end":{"line":116,"column":null}}],"line":116},"5":{"loc":{"start":{"line":127,"column":10},"end":{"line":127,"column":null}},"type":"cond-expr","locations":[{"start":{"line":127,"column":37},"end":{"line":127,"column":68}},{"start":{"line":127,"column":68},"end":{"line":127,"column":null}}],"line":127}},"s":{"0":4,"1":20,"2":0,"3":1,"4":2,"5":4,"6":18,"7":2,"8":1,"9":1,"10":2},"f":{"0":20,"1":0,"2":1,"3":2,"4":18,"5":2,"6":1,"7":1,"8":2},"b":{"0":[19,1],"1":[1,19],"2":[14,4],"3":[0,18],"4":[1,17],"5":[3,15]},"meta":{"lastBranch":6,"lastFunction":9,"lastStatement":11,"seen":{"s:14:45:81:Infinity":0,"f:14:45:14:46":0,"s:21:2:79:Infinity":1,"f:27:19:27:25":1,"s:27:25:27:Infinity":2,"f:54:23:54:29":2,"s:54:29:54:Infinity":3,"b:57:20:57:Infinity:58:20:58:Infinity":0,"f:66:23:66:29":3,"s:66:29:66:Infinity":4,"b:69:20:69:Infinity:70:20:70:Infinity":1,"s:87:5:135:Infinity":5,"f:87:5:87:6":4,"s:88:2:133:Infinity":6,"f:92:17:92:23":5,"s:92:23:92:Infinity":7,"b:94:33:94:64:94:64:94:Infinity":2,"f:103:17:103:23":6,"s:103:23:103:Infinity":8,"b:105:36:105:67:105:67:105:Infinity":3,"f:114:17:114:23":7,"s:114:23:114:Infinity":9,"b:116:41:116:72:116:72:116:Infinity":4,"f:125:17:125:23":8,"s:125:23:125:Infinity":10,"b:127:37:127:68:127:68:127:Infinity":5},"fnNames":{}}}
,"/app/applet/src/components/OnboardingModal.tsx": {"path":"/app/applet/src/components/OnboardingModal.tsx","statementMap":{"0":{"start":{"line":12,"column":63},"end":{"line":105,"column":null}},"1":{"start":{"line":13,"column":22},"end":{"line":13,"column":null}},"2":{"start":{"line":15,"column":2},"end":{"line":15,"column":null}},"3":{"start":{"line":15,"column":15},"end":{"line":15,"column":null}},"4":{"start":{"line":17,"column":16},"end":{"line":42,"column":null}},"5":{"start":{"line":44,"column":21},"end":{"line":50,"column":null}},"6":{"start":{"line":45,"column":4},"end":{"line":49,"column":null}},"7":{"start":{"line":46,"column":6},"end":{"line":46,"column":null}},"8":{"start":{"line":48,"column":6},"end":{"line":48,"column":null}},"9":{"start":{"line":52,"column":2},"end":{"line":103,"column":null}},"10":{"start":{"line":72,"column":12},"end":{"line":77,"column":null}},"11":{"start":{"line":84,"column":29},"end":{"line":84,"column":null}}},"fnMap":{"0":{"name":"(anonymous_0)","decl":{"start":{"line":12,"column":63},"end":{"line":12,"column":64}},"loc":{"start":{"line":12,"column":98},"end":{"line":105,"column":null}},"line":12},"1":{"name":"(anonymous_1)","decl":{"start":{"line":44,"column":21},"end":{"line":44,"column":27}},"loc":{"start":{"line":44,"column":27},"end":{"line":50,"column":null}},"line":44},"2":{"name":"(anonymous_2)","decl":{"start":{"line":71,"column":21},"end":{"line":71,"column":22}},"loc":{"start":{"line":72,"column":12},"end":{"line":77,"column":null}},"line":72},"3":{"name":"(anonymous_3)","decl":{"start":{"line":84,"column":23},"end":{"line":84,"column":29}},"loc":{"start":{"line":84,"column":29},"end":{"line":84,"column":null}},"line":84}},"branchMap":{"0":{"loc":{"start":{"line":15,"column":2},"end":{"line":15,"column":null}},"type":"if","locations":[{"start":{"line":15,"column":2},"end":{"line":15,"column":null}},{"start":{},"end":{}}],"line":15},"1":{"loc":{"start":{"line":45,"column":4},"end":{"line":49,"column":null}},"type":"if","locations":[{"start":{"line":45,"column":4},"end":{"line":49,"column":null}},{"start":{"line":47,"column":11},"end":{"line":49,"column":null}}],"line":45},"2":{"loc":{"start":{"line":75,"column":16},"end":{"line":75,"column":null}},"type":"cond-expr","locations":[{"start":{"line":75,"column":29},"end":{"line":75,"column":52}},{"start":{"line":75,"column":52},"end":{"line":75,"column":null}}],"line":75},"3":{"loc":{"start":{"line":82,"column":11},"end":{"line":90,"column":null}},"type":"cond-expr","locations":[{"start":{"line":83,"column":12},"end":{"line":88,"column":null}},{"start":{"line":90,"column":12},"end":{"line":90,"column":null}}],"line":82},"4":{"loc":{"start":{"line":98,"column":19},"end":{"line":98,"column":83}},"type":"cond-expr","locations":[{"start":{"line":98,"column":47},"end":{"line":98,"column":63}},{"start":{"line":98,"column":47},"end":{"line":98,"column":83}}],"line":98}},"s":{"0":3,"1":17,"2":17,"3":0,"4":17,"5":17,"6":0,"7":0,"8":0,"9":17,"10":68,"11":0},"f":{"0":17,"1":0,"2":68,"3":0},"b":{"0":[0,17],"1":[0,0],"2":[17,51],"3":[0,17],"4":[0,17]},"meta":{"lastBranch":5,"lastFunction":4,"lastStatement":12,"seen":{"s:12:63:105:Infinity":0,"f:12:63:12:64":0,"s:13:22:13:Infinity":1,"b:15:2:15:Infinity:undefined:undefined:undefined:undefined":0,"s:15:2:15:Infinity":2,"s:15:15:15:Infinity":3,"s:17:16:42:Infinity":4,"s:44:21:50:Infinity":5,"f:44:21:44:27":1,"b:45:4:49:Infinity:47:11:49:Infinity":1,"s:45:4:49:Infinity":6,"s:46:6:46:Infinity":7,"s:48:6:48:Infinity":8,"s:52:2:103:Infinity":9,"f:71:21:71:22":2,"s:72:12:77:Infinity":10,"b:75:29:75:52:75:52:75:Infinity":2,"b:83:12:88:Infinity:90:12:90:Infinity":3,"f:84:23:84:29":3,"s:84:29:84:Infinity":11,"b:98:47:98:63:98:47:98:83":4},"fnNames":{}}}
,"/app/applet/src/components/PackageCard.tsx": {"path":"/app/applet/src/components/PackageCard.tsx","statementMap":{"0":{"start":{"line":11,"column":55},"end":{"line":95,"column":null}},"1":{"start":{"line":12,"column":21},"end":{"line":12,"column":null}},"2":{"start":{"line":13,"column":18},"end":{"line":13,"column":null}},"3":{"start":{"line":14,"column":16},"end":{"line":14,"column":null}},"4":{"start":{"line":16,"column":21},"end":{"line":16,"column":null}},"5":{"start":{"line":18,"column":14},"end":{"line":18,"column":null}},"6":{"start":{"line":19,"column":22},"end":{"line":19,"column":null}},"7":{"start":{"line":20,"column":19},"end":{"line":20,"column":null}},"8":{"start":{"line":22,"column":22},"end":{"line":27,"column":null}},"9":{"start":{"line":23,"column":4},"end":{"line":23,"column":null}},"10":{"start":{"line":23,"column":20},"end":{"line":23,"column":null}},"11":{"start":{"line":24,"column":4},"end":{"line":24,"column":null}},"12":{"start":{"line":24,"column":17},"end":{"line":24,"column":null}},"13":{"start":{"line":25,"column":4},"end":{"line":25,"column":null}},"14":{"start":{"line":25,"column":15},"end":{"line":25,"column":null}},"15":{"start":{"line":26,"column":4},"end":{"line":26,"column":null}},"16":{"start":{"line":29,"column":25},"end":{"line":34,"column":null}},"17":{"start":{"line":30,"column":4},"end":{"line":30,"column":null}},"18":{"start":{"line":30,"column":20},"end":{"line":30,"column":null}},"19":{"start":{"line":31,"column":4},"end":{"line":31,"column":null}},"20":{"start":{"line":31,"column":17},"end":{"line":31,"column":null}},"21":{"start":{"line":32,"column":4},"end":{"line":32,"column":null}},"22":{"start":{"line":32,"column":15},"end":{"line":32,"column":null}},"23":{"start":{"line":33,"column":4},"end":{"line":33,"column":null}},"24":{"start":{"line":36,"column":27},"end":{"line":43,"column":null}},"25":{"start":{"line":37,"column":4},"end":{"line":37,"column":null}},"26":{"start":{"line":37,"column":25},"end":{"line":37,"column":null}},"27":{"start":{"line":38,"column":4},"end":{"line":38,"column":null}},"28":{"start":{"line":38,"column":25},"end":{"line":38,"column":null}},"29":{"start":{"line":39,"column":4},"end":{"line":39,"column":null}},"30":{"start":{"line":39,"column":20},"end":{"line":39,"column":null}},"31":{"start":{"line":40,"column":4},"end":{"line":40,"column":null}},"32":{"start":{"line":40,"column":17},"end":{"line":40,"column":null}},"33":{"start":{"line":41,"column":4},"end":{"line":41,"column":null}},"34":{"start":{"line":41,"column":15},"end":{"line":41,"column":null}},"35":{"start":{"line":42,"column":4},"end":{"line":42,"column":null}},"36":{"start":{"line":45,"column":2},"end":{"line":93,"column":null}}},"fnMap":{"0":{"name":"(anonymous_0)","decl":{"start":{"line":11,"column":55},"end":{"line":11,"column":56}},"loc":{"start":{"line":11,"column":78},"end":{"line":95,"column":null}},"line":11},"1":{"name":"(anonymous_1)","decl":{"start":{"line":22,"column":22},"end":{"line":22,"column":28}},"loc":{"start":{"line":22,"column":28},"end":{"line":27,"column":null}},"line":22},"2":{"name":"(anonymous_2)","decl":{"start":{"line":29,"column":25},"end":{"line":29,"column":31}},"loc":{"start":{"line":29,"column":31},"end":{"line":34,"column":null}},"line":29},"3":{"name":"(anonymous_3)","decl":{"start":{"line":36,"column":27},"end":{"line":36,"column":33}},"loc":{"start":{"line":36,"column":33},"end":{"line":43,"column":null}},"line":36}},"branchMap":{"0":{"loc":{"start":{"line":16,"column":71},"end":{"line":16,"column":96}},"type":"binary-expr","locations":[{"start":{"line":16,"column":71},"end":{"line":16,"column":90}},{"start":{"line":16,"column":90},"end":{"line":16,"column":96}}],"line":16},"1":{"loc":{"start":{"line":23,"column":4},"end":{"line":23,"column":null}},"type":"if","locations":[{"start":{"line":23,"column":4},"end":{"line":23,"column":null}},{"start":{},"end":{}}],"line":23},"2":{"loc":{"start":{"line":24,"column":4},"end":{"line":24,"column":null}},"type":"if","locations":[{"start":{"line":24,"column":4},"end":{"line":24,"column":null}},{"start":{},"end":{}}],"line":24},"3":{"loc":{"start":{"line":25,"column":4},"end":{"line":25,"column":null}},"type":"if","locations":[{"start":{"line":25,"column":4},"end":{"line":25,"column":null}},{"start":{},"end":{}}],"line":25},"4":{"loc":{"start":{"line":30,"column":4},"end":{"line":30,"column":null}},"type":"if","locations":[{"start":{"line":30,"column":4},"end":{"line":30,"column":null}},{"start":{},"end":{}}],"line":30},"5":{"loc":{"start":{"line":31,"column":4},"end":{"line":31,"column":null}},"type":"if","locations":[{"start":{"line":31,"column":4},"end":{"line":31,"column":null}},{"start":{},"end":{}}],"line":31},"6":{"loc":{"start":{"line":32,"column":4},"end":{"line":32,"column":null}},"type":"if","locations":[{"start":{"line":32,"column":4},"end":{"line":32,"column":null}},{"start":{},"end":{}}],"line":32},"7":{"loc":{"start":{"line":37,"column":4},"end":{"line":37,"column":null}},"type":"if","locations":[{"start":{"line":37,"column":4},"end":{"line":37,"column":null}},{"start":{},"end":{}}],"line":37},"8":{"loc":{"start":{"line":38,"column":4},"end":{"line":38,"column":null}},"type":"if","locations":[{"start":{"line":38,"column":4},"end":{"line":38,"column":null}},{"start":{},"end":{}}],"line":38},"9":{"loc":{"start":{"line":39,"column":4},"end":{"line":39,"column":null}},"type":"if","locations":[{"start":{"line":39,"column":4},"end":{"line":39,"column":null}},{"start":{},"end":{}}],"line":39},"10":{"loc":{"start":{"line":40,"column":4},"end":{"line":40,"column":null}},"type":"if","locations":[{"start":{"line":40,"column":4},"end":{"line":40,"column":null}},{"start":{},"end":{}}],"line":40},"11":{"loc":{"start":{"line":41,"column":4},"end":{"line":41,"column":null}},"type":"if","locations":[{"start":{"line":41,"column":4},"end":{"line":41,"column":null}},{"start":{},"end":{}}],"line":41},"12":{"loc":{"start":{"line":57,"column":15},"end":{"line":57,"column":null}},"type":"cond-expr","locations":[{"start":{"line":57,"column":35},"end":{"line":57,"column":67}},{"start":{"line":57,"column":67},"end":{"line":57,"column":null}}],"line":57},"13":{"loc":{"start":{"line":57,"column":67},"end":{"line":57,"column":null}},"type":"cond-expr","locations":[{"start":{"line":57,"column":88},"end":{"line":57,"column":122}},{"start":{"line":57,"column":122},"end":{"line":57,"column":null}}],"line":57},"14":{"loc":{"start":{"line":76,"column":41},"end":{"line":76,"column":66}},"type":"cond-expr","locations":[{"start":{"line":76,"column":61},"end":{"line":76,"column":65}},{"start":{"line":76,"column":65},"end":{"line":76,"column":66}}],"line":76}},"s":{"0":4,"1":11,"2":11,"3":11,"4":11,"5":11,"6":11,"7":11,"8":11,"9":11,"10":5,"11":6,"12":6,"13":0,"14":0,"15":0,"16":11,"17":11,"18":5,"19":6,"20":6,"21":0,"22":0,"23":0,"24":11,"25":11,"26":0,"27":11,"28":6,"29":5,"30":5,"31":0,"32":0,"33":0,"34":0,"35":0,"36":11},"f":{"0":11,"1":11,"2":11,"3":11},"b":{"0":[11,0],"1":[5,6],"2":[6,0],"3":[0,0],"4":[5,6],"5":[6,0],"6":[0,0],"7":[0,11],"8":[6,5],"9":[5,0],"10":[0,0],"11":[0,0],"12":[5,6],"13":[6,0],"14":[5,6]},"meta":{"lastBranch":15,"lastFunction":4,"lastStatement":37,"seen":{"s:11:55:95:Infinity":0,"f:11:55:11:56":0,"s:12:21:12:Infinity":1,"s:13:18:13:Infinity":2,"s:14:16:14:Infinity":3,"s:16:21:16:Infinity":4,"b:16:71:16:90:16:90:16:96":0,"s:18:14:18:Infinity":5,"s:19:22:19:Infinity":6,"s:20:19:20:Infinity":7,"s:22:22:27:Infinity":8,"f:22:22:22:28":1,"b:23:4:23:Infinity:undefined:undefined:undefined:undefined":1,"s:23:4:23:Infinity":9,"s:23:20:23:Infinity":10,"b:24:4:24:Infinity:undefined:undefined:undefined:undefined":2,"s:24:4:24:Infinity":11,"s:24:17:24:Infinity":12,"b:25:4:25:Infinity:undefined:undefined:undefined:undefined":3,"s:25:4:25:Infinity":13,"s:25:15:25:Infinity":14,"s:26:4:26:Infinity":15,"s:29:25:34:Infinity":16,"f:29:25:29:31":2,"b:30:4:30:Infinity:undefined:undefined:undefined:undefined":4,"s:30:4:30:Infinity":17,"s:30:20:30:Infinity":18,"b:31:4:31:Infinity:undefined:undefined:undefined:undefined":5,"s:31:4:31:Infinity":19,"s:31:17:31:Infinity":20,"b:32:4:32:Infinity:undefined:undefined:undefined:undefined":6,"s:32:4:32:Infinity":21,"s:32:15:32:Infinity":22,"s:33:4:33:Infinity":23,"s:36:27:43:Infinity":24,"f:36:27:36:33":3,"b:37:4:37:Infinity:undefined:undefined:undefined:undefined":7,"s:37:4:37:Infinity":25,"s:37:25:37:Infinity":26,"b:38:4:38:Infinity:undefined:undefined:undefined:undefined":8,"s:38:4:38:Infinity":27,"s:38:25:38:Infinity":28,"b:39:4:39:Infinity:undefined:undefined:undefined:undefined":9,"s:39:4:39:Infinity":29,"s:39:20:39:Infinity":30,"b:40:4:40:Infinity:undefined:undefined:undefined:undefined":10,"s:40:4:40:Infinity":31,"s:40:17:40:Infinity":32,"b:41:4:41:Infinity:undefined:undefined:undefined:undefined":11,"s:41:4:41:Infinity":33,"s:41:15:41:Infinity":34,"s:42:4:42:Infinity":35,"s:45:2:93:Infinity":36,"b:57:35:57:67:57:67:57:Infinity":12,"b:57:88:57:122:57:122:57:Infinity":13,"b:76:61:76:65:76:65:76:66":14},"fnNames":{}}}
,"/app/applet/src/components/SmsSimulatorModal.tsx": {"path":"/app/applet/src/components/SmsSimulatorModal.tsx","statementMap":{"0":{"start":{"line":16,"column":67},"end":{"line":211,"column":null}},"1":{"start":{"line":22,"column":26},"end":{"line":22,"column":null}},"2":{"start":{"line":23,"column":22},"end":{"line":25,"column":null}},"3":{"start":{"line":26,"column":40},"end":{"line":26,"column":null}},"4":{"start":{"line":28,"column":2},"end":{"line":28,"column":null}},"5":{"start":{"line":28,"column":15},"end":{"line":28,"column":null}},"6":{"start":{"line":30,"column":26},"end":{"line":33,"column":null}},"7":{"start":{"line":31,"column":10},"end":{"line":31,"column":null}},"8":{"start":{"line":32,"column":4},"end":{"line":32,"column":null}},"9":{"start":{"line":35,"column":29},"end":{"line":40,"column":null}},"10":{"start":{"line":36,"column":4},"end":{"line":36,"column":null}},"11":{"start":{"line":37,"column":4},"end":{"line":37,"column":null}},"12":{"start":{"line":38,"column":10},"end":{"line":38,"column":null}},"13":{"start":{"line":39,"column":4},"end":{"line":39,"column":null}},"14":{"start":{"line":42,"column":23},"end":{"line":47,"column":null}},"15":{"start":{"line":43,"column":16},"end":{"line":43,"column":null}},"16":{"start":{"line":44,"column":4},"end":{"line":44,"column":null}},"17":{"start":{"line":45,"column":4},"end":{"line":45,"column":null}},"18":{"start":{"line":46,"column":4},"end":{"line":46,"column":null}},"19":{"start":{"line":49,"column":2},"end":{"line":209,"column":null}},"20":{"start":{"line":80,"column":16},"end":{"line":87,"column":null}},"21":{"start":{"line":82,"column":33},"end":{"line":82,"column":null}},"22":{"start":{"line":102,"column":33},"end":{"line":102,"column":null}},"23":{"start":{"line":115,"column":33},"end":{"line":115,"column":null}},"24":{"start":{"line":172,"column":22},"end":{"line":175,"column":null}}},"fnMap":{"0":{"name":"(anonymous_0)","decl":{"start":{"line":16,"column":67},"end":{"line":16,"column":68}},"loc":{"start":{"line":21,"column":6},"end":{"line":211,"column":null}},"line":21},"1":{"name":"(anonymous_1)","decl":{"start":{"line":30,"column":26},"end":{"line":30,"column":32}},"loc":{"start":{"line":30,"column":32},"end":{"line":33,"column":null}},"line":30},"2":{"name":"(anonymous_2)","decl":{"start":{"line":35,"column":29},"end":{"line":35,"column":30}},"loc":{"start":{"line":35,"column":73},"end":{"line":40,"column":null}},"line":35},"3":{"name":"(anonymous_3)","decl":{"start":{"line":42,"column":23},"end":{"line":42,"column":29}},"loc":{"start":{"line":42,"column":29},"end":{"line":47,"column":null}},"line":42},"4":{"name":"(anonymous_4)","decl":{"start":{"line":79,"column":38},"end":{"line":79,"column":39}},"loc":{"start":{"line":80,"column":16},"end":{"line":87,"column":null}},"line":80},"5":{"name":"(anonymous_5)","decl":{"start":{"line":82,"column":27},"end":{"line":82,"column":33}},"loc":{"start":{"line":82,"column":33},"end":{"line":82,"column":null}},"line":82},"6":{"name":"(anonymous_6)","decl":{"start":{"line":102,"column":26},"end":{"line":102,"column":27}},"loc":{"start":{"line":102,"column":33},"end":{"line":102,"column":null}},"line":102},"7":{"name":"(anonymous_7)","decl":{"start":{"line":115,"column":26},"end":{"line":115,"column":27}},"loc":{"start":{"line":115,"column":33},"end":{"line":115,"column":null}},"line":115},"8":{"name":"(anonymous_8)","decl":{"start":{"line":171,"column":48},"end":{"line":171,"column":49}},"loc":{"start":{"line":172,"column":22},"end":{"line":175,"column":null}},"line":172}},"branchMap":{"0":{"loc":{"start":{"line":28,"column":2},"end":{"line":28,"column":null}},"type":"if","locations":[{"start":{"line":28,"column":2},"end":{"line":28,"column":null}},{"start":{},"end":{}}],"line":28},"1":{"loc":{"start":{"line":43,"column":16},"end":{"line":43,"column":null}},"type":"binary-expr","locations":[{"start":{"line":43,"column":16},"end":{"line":43,"column":33}},{"start":{"line":43,"column":16},"end":{"line":43,"column":null}}],"line":43},"2":{"loc":{"start":{"line":134,"column":11},"end":{"line":187,"column":null}},"type":"binary-expr","locations":[{"start":{"line":134,"column":11},"end":{"line":134,"column":null}},{"start":{"line":135,"column":12},"end":{"line":187,"column":null}}],"line":134},"3":{"loc":{"start":{"line":153,"column":69},"end":{"line":153,"column":97}},"type":"binary-expr","locations":[{"start":{"line":153,"column":69},"end":{"line":153,"column":91}},{"start":{"line":153,"column":91},"end":{"line":153,"column":97}}],"line":153},"4":{"loc":{"start":{"line":157,"column":78},"end":{"line":157,"column":103}},"type":"binary-expr","locations":[{"start":{"line":157,"column":78},"end":{"line":157,"column":102}},{"start":{"line":157,"column":102},"end":{"line":157,"column":103}}],"line":157},"5":{"loc":{"start":{"line":161,"column":77},"end":{"line":161,"column":110}},"type":"binary-expr","locations":[{"start":{"line":161,"column":77},"end":{"line":161,"column":104}},{"start":{"line":161,"column":104},"end":{"line":161,"column":110}}],"line":161},"6":{"loc":{"start":{"line":165,"column":15},"end":{"line":178,"column":null}},"type":"binary-expr","locations":[{"start":{"line":165,"column":15},"end":{"line":165,"column":null}},{"start":{"line":166,"column":16},"end":{"line":178,"column":null}}],"line":165},"7":{"loc":{"start":{"line":181,"column":15},"end":{"line":185,"column":null}},"type":"binary-expr","locations":[{"start":{"line":181,"column":15},"end":{"line":181,"column":null}},{"start":{"line":182,"column":16},"end":{"line":185,"column":null}}],"line":181}},"s":{"0":4,"1":21,"2":21,"3":21,"4":21,"5":17,"6":4,"7":1,"8":1,"9":4,"10":0,"11":0,"12":0,"13":0,"14":4,"15":1,"16":1,"17":1,"18":1,"19":4,"20":28,"21":0,"22":0,"23":0,"24":1},"f":{"0":21,"1":1,"2":0,"3":1,"4":28,"5":0,"6":0,"7":0,"8":1},"b":{"0":[17,4],"1":[1,1],"2":[4,1],"3":[1,0],"4":[1,0],"5":[1,0],"6":[1,1],"7":[1,0]},"meta":{"lastBranch":8,"lastFunction":9,"lastStatement":25,"seen":{"s:16:67:211:Infinity":0,"f:16:67:16:68":0,"s:22:26:22:Infinity":1,"s:23:22:25:Infinity":2,"s:26:40:26:Infinity":3,"b:28:2:28:Infinity:undefined:undefined:undefined:undefined":0,"s:28:2:28:Infinity":4,"s:28:15:28:Infinity":5,"s:30:26:33:Infinity":6,"f:30:26:30:32":1,"s:31:10:31:Infinity":7,"s:32:4:32:Infinity":8,"s:35:29:40:Infinity":9,"f:35:29:35:30":2,"s:36:4:36:Infinity":10,"s:37:4:37:Infinity":11,"s:38:10:38:Infinity":12,"s:39:4:39:Infinity":13,"s:42:23:47:Infinity":14,"f:42:23:42:29":3,"s:43:16:43:Infinity":15,"b:43:16:43:33:43:16:43:Infinity":1,"s:44:4:44:Infinity":16,"s:45:4:45:Infinity":17,"s:46:4:46:Infinity":18,"s:49:2:209:Infinity":19,"f:79:38:79:39":4,"s:80:16:87:Infinity":20,"f:82:27:82:33":5,"s:82:33:82:Infinity":21,"f:102:26:102:27":6,"s:102:33:102:Infinity":22,"f:115:26:115:27":7,"s:115:33:115:Infinity":23,"b:134:11:134:Infinity:135:12:187:Infinity":2,"b:153:69:153:91:153:91:153:97":3,"b:157:78:157:102:157:102:157:103":4,"b:161:77:161:104:161:104:161:110":5,"b:165:15:165:Infinity:166:16:178:Infinity":6,"f:171:48:171:49":8,"s:172:22:175:Infinity":24,"b:181:15:181:Infinity:182:16:185:Infinity":7},"fnNames":{}}}
,"/app/applet/src/components/SummaryCard.tsx": {"path":"/app/applet/src/components/SummaryCard.tsx","statementMap":{"0":{"start":{"line":19,"column":55},"end":{"line":147,"column":null}},"1":{"start":{"line":31,"column":2},"end":{"line":145,"column":null}},"2":{"start":{"line":87,"column":12},"end":{"line":95,"column":null}},"3":{"start":{"line":89,"column":29},"end":{"line":89,"column":null}}},"fnMap":{"0":{"name":"(anonymous_0)","decl":{"start":{"line":19,"column":55},"end":{"line":19,"column":56}},"loc":{"start":{"line":30,"column":6},"end":{"line":147,"column":null}},"line":30},"1":{"name":"(anonymous_1)","decl":{"start":{"line":86,"column":16},"end":{"line":86,"column":17}},"loc":{"start":{"line":87,"column":12},"end":{"line":95,"column":null}},"line":87},"2":{"name":"(anonymous_2)","decl":{"start":{"line":89,"column":23},"end":{"line":89,"column":29}},"loc":{"start":{"line":89,"column":29},"end":{"line":89,"column":null}},"line":89}},"branchMap":{"0":{"loc":{"start":{"line":28,"column":2},"end":{"line":28,"column":null}},"type":"default-arg","locations":[{"start":{"line":28,"column":14},"end":{"line":28,"column":null}}],"line":28},"1":{"loc":{"start":{"line":48,"column":15},"end":{"line":58,"column":null}},"type":"binary-expr","locations":[{"start":{"line":48,"column":15},"end":{"line":48,"column":null}},{"start":{"line":49,"column":16},"end":{"line":58,"column":null}}],"line":48},"2":{"loc":{"start":{"line":56,"column":51},"end":{"line":56,"column":82}},"type":"cond-expr","locations":[{"start":{"line":56,"column":63},"end":{"line":56,"column":80}},{"start":{"line":56,"column":80},"end":{"line":56,"column":82}}],"line":56},"3":{"loc":{"start":{"line":71,"column":17},"end":{"line":71,"column":null}},"type":"cond-expr","locations":[{"start":{"line":71,"column":17},"end":{"line":71,"column":59}},{"start":{"line":71,"column":55},"end":{"line":71,"column":null}}],"line":71},"4":{"loc":{"start":{"line":73,"column":11},"end":{"line":73,"column":null}},"type":"cond-expr","locations":[{"start":{"line":73,"column":25},"end":{"line":73,"column":55}},{"start":{"line":73,"column":55},"end":{"line":73,"column":null}}],"line":73},"5":{"loc":{"start":{"line":91,"column":16},"end":{"line":91,"column":null}},"type":"cond-expr","locations":[{"start":{"line":91,"column":45},"end":{"line":91,"column":73}},{"start":{"line":91,"column":73},"end":{"line":91,"column":null}}],"line":91},"6":{"loc":{"start":{"line":104,"column":13},"end":{"line":104,"column":null}},"type":"cond-expr","locations":[{"start":{"line":104,"column":27},"end":{"line":104,"column":61}},{"start":{"line":104,"column":61},"end":{"line":104,"column":null}}],"line":104},"7":{"loc":{"start":{"line":111,"column":40},"end":{"line":111,"column":94}},"type":"cond-expr","locations":[{"start":{"line":111,"column":58},"end":{"line":111,"column":79}},{"start":{"line":111,"column":79},"end":{"line":111,"column":94}}],"line":111},"8":{"loc":{"start":{"line":112,"column":13},"end":{"line":112,"column":null}},"type":"cond-expr","locations":[{"start":{"line":112,"column":31},"end":{"line":112,"column":46}},{"start":{"line":112,"column":46},"end":{"line":112,"column":null}}],"line":112},"9":{"loc":{"start":{"line":127,"column":13},"end":{"line":127,"column":null}},"type":"cond-expr","locations":[{"start":{"line":127,"column":27},"end":{"line":127,"column":63}},{"start":{"line":127,"column":63},"end":{"line":127,"column":null}}],"line":127},"10":{"loc":{"start":{"line":140,"column":13},"end":{"line":140,"column":null}},"type":"cond-expr","locations":[{"start":{"line":140,"column":27},"end":{"line":140,"column":64}},{"start":{"line":140,"column":64},"end":{"line":140,"column":null}}],"line":140}},"s":{"0":4,"1":19,"2":95,"3":2},"f":{"0":19,"1":95,"2":2},"b":{"0":[19],"1":[19,19],"2":[2,17],"3":[18,1],"4":[18,1],"5":[19,76],"6":[18,1],"7":[19,0],"8":[19,0],"9":[18,1],"10":[18,1]},"meta":{"lastBranch":11,"lastFunction":3,"lastStatement":4,"seen":{"s:19:55:147:Infinity":0,"f:19:55:19:56":0,"b:28:14:28:Infinity":0,"s:31:2:145:Infinity":1,"b:48:15:48:Infinity:49:16:58:Infinity":1,"b:56:63:56:80:56:80:56:82":2,"b:71:17:71:59:71:55:71:Infinity":3,"b:73:25:73:55:73:55:73:Infinity":4,"f:86:16:86:17":1,"s:87:12:95:Infinity":2,"f:89:23:89:29":2,"s:89:29:89:Infinity":3,"b:91:45:91:73:91:73:91:Infinity":5,"b:104:27:104:61:104:61:104:Infinity":6,"b:111:58:111:79:111:79:111:94":7,"b:112:31:112:46:112:46:112:Infinity":8,"b:127:27:127:63:127:63:127:Infinity":9,"b:140:27:140:64:140:64:140:Infinity":10},"fnNames":{}}}
,"/app/applet/src/components/TelecomAssetCard.tsx": {"path":"/app/applet/src/components/TelecomAssetCard.tsx","statementMap":{"0":{"start":{"line":15,"column":65},"end":{"line":149,"column":null}},"1":{"start":{"line":23,"column":2},"end":{"line":147,"column":null}},"2":{"start":{"line":42,"column":27},"end":{"line":42,"column":null}},"3":{"start":{"line":51,"column":27},"end":{"line":51,"column":null}}},"fnMap":{"0":{"name":"(anonymous_0)","decl":{"start":{"line":15,"column":65},"end":{"line":15,"column":66}},"loc":{"start":{"line":22,"column":6},"end":{"line":149,"column":null}},"line":22},"1":{"name":"(anonymous_1)","decl":{"start":{"line":42,"column":21},"end":{"line":42,"column":27}},"loc":{"start":{"line":42,"column":27},"end":{"line":42,"column":null}},"line":42},"2":{"name":"(anonymous_2)","decl":{"start":{"line":51,"column":21},"end":{"line":51,"column":27}},"loc":{"start":{"line":51,"column":27},"end":{"line":51,"column":null}},"line":51}},"branchMap":{},"s":{"0":3,"1":13,"2":0,"3":0},"f":{"0":13,"1":0,"2":0},"b":{},"meta":{"lastBranch":0,"lastFunction":3,"lastStatement":4,"seen":{"s:15:65:149:Infinity":0,"f:15:65:15:66":0,"s:23:2:147:Infinity":1,"f:42:21:42:27":1,"s:42:27:42:Infinity":2,"f:51:21:51:27":2,"s:51:27:51:Infinity":3},"fnNames":{}}}
,"/app/applet/src/components/TransactionItem.tsx": {"path":"/app/applet/src/components/TransactionItem.tsx","statementMap":{"0":{"start":{"line":11,"column":24},"end":{"line":29,"column":null}},"1":{"start":{"line":12,"column":2},"end":{"line":28,"column":null}},"2":{"start":{"line":14,"column":6},"end":{"line":14,"column":null}},"3":{"start":{"line":17,"column":6},"end":{"line":17,"column":null}},"4":{"start":{"line":19,"column":6},"end":{"line":19,"column":null}},"5":{"start":{"line":22,"column":6},"end":{"line":22,"column":null}},"6":{"start":{"line":24,"column":6},"end":{"line":24,"column":null}},"7":{"start":{"line":27,"column":6},"end":{"line":27,"column":null}},"8":{"start":{"line":31,"column":28},"end":{"line":42,"column":null}},"9":{"start":{"line":32,"column":12},"end":{"line":32,"column":null}},"10":{"start":{"line":33,"column":2},"end":{"line":33,"column":null}},"11":{"start":{"line":33,"column":29},"end":{"line":33,"column":null}},"12":{"start":{"line":34,"column":2},"end":{"line":34,"column":null}},"13":{"start":{"line":34,"column":25},"end":{"line":34,"column":null}},"14":{"start":{"line":35,"column":2},"end":{"line":35,"column":null}},"15":{"start":{"line":35,"column":30},"end":{"line":35,"column":null}},"16":{"start":{"line":36,"column":2},"end":{"line":36,"column":null}},"17":{"start":{"line":36,"column":27},"end":{"line":36,"column":null}},"18":{"start":{"line":37,"column":2},"end":{"line":37,"column":null}},"19":{"start":{"line":37,"column":28},"end":{"line":37,"column":null}},"20":{"start":{"line":38,"column":2},"end":{"line":38,"column":null}},"21":{"start":{"line":38,"column":52},"end":{"line":38,"column":null}},"22":{"start":{"line":39,"column":2},"end":{"line":39,"column":null}},"23":{"start":{"line":39,"column":26},"end":{"line":39,"column":null}},"24":{"start":{"line":40,"column":2},"end":{"line":40,"column":null}},"25":{"start":{"line":40,"column":29},"end":{"line":40,"column":null}},"26":{"start":{"line":41,"column":2},"end":{"line":41,"column":null}},"27":{"start":{"line":44,"column":63},"end":{"line":177,"column":null}},"28":{"start":{"line":45,"column":30},"end":{"line":45,"column":null}},"29":{"start":{"line":46,"column":26},"end":{"line":46,"column":null}},"30":{"start":{"line":48,"column":19},"end":{"line":48,"column":null}},"31":{"start":{"line":49,"column":21},"end":{"line":49,"column":null}},"32":{"start":{"line":51,"column":24},"end":{"line":58,"column":null}},"33":{"start":{"line":52,"column":4},"end":{"line":52,"column":null}},"34":{"start":{"line":53,"column":4},"end":{"line":57,"column":null}},"35":{"start":{"line":54,"column":6},"end":{"line":54,"column":null}},"36":{"start":{"line":55,"column":6},"end":{"line":55,"column":null}},"37":{"start":{"line":56,"column":6},"end":{"line":56,"column":null}},"38":{"start":{"line":56,"column":23},"end":{"line":56,"column":41}},"39":{"start":{"line":60,"column":2},"end":{"line":175,"column":null}},"40":{"start":{"line":62,"column":21},"end":{"line":62,"column":null}}},"fnMap":{"0":{"name":"(anonymous_0)","decl":{"start":{"line":11,"column":24},"end":{"line":11,"column":25}},"loc":{"start":{"line":11,"column":59},"end":{"line":29,"column":null}},"line":11},"1":{"name":"(anonymous_1)","decl":{"start":{"line":31,"column":28},"end":{"line":31,"column":29}},"loc":{"start":{"line":31,"column":48},"end":{"line":42,"column":null}},"line":31},"2":{"name":"(anonymous_2)","decl":{"start":{"line":44,"column":63},"end":{"line":44,"column":64}},"loc":{"start":{"line":44,"column":94},"end":{"line":177,"column":null}},"line":44},"3":{"name":"(anonymous_3)","decl":{"start":{"line":51,"column":24},"end":{"line":51,"column":25}},"loc":{"start":{"line":51,"column":49},"end":{"line":58,"column":null}},"line":51},"4":{"name":"(anonymous_4)","decl":{"start":{"line":56,"column":17},"end":{"line":56,"column":23}},"loc":{"start":{"line":56,"column":23},"end":{"line":56,"column":41}},"line":56},"5":{"name":"(anonymous_5)","decl":{"start":{"line":62,"column":15},"end":{"line":62,"column":21}},"loc":{"start":{"line":62,"column":21},"end":{"line":62,"column":null}},"line":62}},"branchMap":{"0":{"loc":{"start":{"line":12,"column":2},"end":{"line":28,"column":null}},"type":"switch","locations":[{"start":{"line":13,"column":4},"end":{"line":14,"column":null}},{"start":{"line":15,"column":4},"end":{"line":15,"column":null}},{"start":{"line":16,"column":4},"end":{"line":17,"column":null}},{"start":{"line":18,"column":4},"end":{"line":19,"column":null}},{"start":{"line":20,"column":4},"end":{"line":20,"column":null}},{"start":{"line":21,"column":4},"end":{"line":22,"column":null}},{"start":{"line":23,"column":4},"end":{"line":24,"column":null}},{"start":{"line":25,"column":4},"end":{"line":25,"column":null}},{"start":{"line":26,"column":4},"end":{"line":27,"column":null}}],"line":12},"1":{"loc":{"start":{"line":33,"column":2},"end":{"line":33,"column":null}},"type":"if","locations":[{"start":{"line":33,"column":2},"end":{"line":33,"column":null}},{"start":{},"end":{}}],"line":33},"2":{"loc":{"start":{"line":34,"column":2},"end":{"line":34,"column":null}},"type":"if","locations":[{"start":{"line":34,"column":2},"end":{"line":34,"column":null}},{"start":{},"end":{}}],"line":34},"3":{"loc":{"start":{"line":35,"column":2},"end":{"line":35,"column":null}},"type":"if","locations":[{"start":{"line":35,"column":2},"end":{"line":35,"column":null}},{"start":{},"end":{}}],"line":35},"4":{"loc":{"start":{"line":36,"column":2},"end":{"line":36,"column":null}},"type":"if","locations":[{"start":{"line":36,"column":2},"end":{"line":36,"column":null}},{"start":{},"end":{}}],"line":36},"5":{"loc":{"start":{"line":37,"column":2},"end":{"line":37,"column":null}},"type":"if","locations":[{"start":{"line":37,"column":2},"end":{"line":37,"column":null}},{"start":{},"end":{}}],"line":37},"6":{"loc":{"start":{"line":38,"column":2},"end":{"line":38,"column":null}},"type":"if","locations":[{"start":{"line":38,"column":2},"end":{"line":38,"column":null}},{"start":{},"end":{}}],"line":38},"7":{"loc":{"start":{"line":38,"column":6},"end":{"line":38,"column":52}},"type":"binary-expr","locations":[{"start":{"line":38,"column":6},"end":{"line":38,"column":27}},{"start":{"line":38,"column":27},"end":{"line":38,"column":52}}],"line":38},"8":{"loc":{"start":{"line":39,"column":2},"end":{"line":39,"column":null}},"type":"if","locations":[{"start":{"line":39,"column":2},"end":{"line":39,"column":null}},{"start":{},"end":{}}],"line":39},"9":{"loc":{"start":{"line":40,"column":2},"end":{"line":40,"column":null}},"type":"if","locations":[{"start":{"line":40,"column":2},"end":{"line":40,"column":null}},{"start":{},"end":{}}],"line":40},"10":{"loc":{"start":{"line":53,"column":4},"end":{"line":57,"column":null}},"type":"if","locations":[{"start":{"line":53,"column":4},"end":{"line":57,"column":null}},{"start":{},"end":{}}],"line":53},"11":{"loc":{"start":{"line":74,"column":17},"end":{"line":74,"column":null}},"type":"binary-expr","locations":[{"start":{"line":74,"column":17},"end":{"line":74,"column":50}},{"start":{"line":74,"column":50},"end":{"line":74,"column":null}}],"line":74},"12":{"loc":{"start":{"line":86,"column":15},"end":{"line":92,"column":null}},"type":"binary-expr","locations":[{"start":{"line":86,"column":15},"end":{"line":86,"column":null}},{"start":{"line":87,"column":16},"end":{"line":92,"column":null}}],"line":86},"13":{"loc":{"start":{"line":102,"column":14},"end":{"line":106,"column":null}},"type":"cond-expr","locations":[{"start":{"line":103,"column":18},"end":{"line":103,"column":null}},{"start":{"line":104,"column":18},"end":{"line":106,"column":null}}],"line":102},"14":{"loc":{"start":{"line":104,"column":18},"end":{"line":106,"column":null}},"type":"cond-expr","locations":[{"start":{"line":105,"column":18},"end":{"line":105,"column":null}},{"start":{"line":106,"column":18},"end":{"line":106,"column":null}}],"line":104},"15":{"loc":{"start":{"line":109,"column":13},"end":{"line":109,"column":35}},"type":"cond-expr","locations":[{"start":{"line":109,"column":24},"end":{"line":109,"column":30}},{"start":{"line":109,"column":30},"end":{"line":109,"column":35}}],"line":109},"16":{"loc":{"start":{"line":114,"column":15},"end":{"line":114,"column":null}},"type":"cond-expr","locations":[{"start":{"line":114,"column":15},"end":{"line":114,"column":50}},{"start":{"line":114,"column":50},"end":{"line":114,"column":null}}],"line":114},"17":{"loc":{"start":{"line":114,"column":50},"end":{"line":114,"column":null}},"type":"cond-expr","locations":[{"start":{"line":114,"column":50},"end":{"line":114,"column":89}},{"start":{"line":114,"column":85},"end":{"line":114,"column":null}}],"line":114},"18":{"loc":{"start":{"line":116,"column":13},"end":{"line":116,"column":null}},"type":"cond-expr","locations":[{"start":{"line":116,"column":24},"end":{"line":116,"column":64}},{"start":{"line":116,"column":64},"end":{"line":116,"column":null}}],"line":116},"19":{"loc":{"start":{"line":122,"column":7},"end":{"line":173,"column":null}},"type":"binary-expr","locations":[{"start":{"line":122,"column":7},"end":{"line":122,"column":null}},{"start":{"line":123,"column":8},"end":{"line":173,"column":null}}],"line":122},"20":{"loc":{"start":{"line":124,"column":11},"end":{"line":136,"column":null}},"type":"binary-expr","locations":[{"start":{"line":124,"column":11},"end":{"line":124,"column":null}},{"start":{"line":125,"column":12},"end":{"line":136,"column":null}}],"line":124},"21":{"loc":{"start":{"line":131,"column":61},"end":{"line":131,"column":86}},"type":"binary-expr","locations":[{"start":{"line":131,"column":61},"end":{"line":131,"column":84}},{"start":{"line":131,"column":84},"end":{"line":131,"column":86}}],"line":131},"22":{"loc":{"start":{"line":140,"column":13},"end":{"line":153,"column":null}},"type":"binary-expr","locations":[{"start":{"line":140,"column":13},"end":{"line":140,"column":null}},{"start":{"line":141,"column":14},"end":{"line":153,"column":null}}],"line":140},"23":{"loc":{"start":{"line":156,"column":13},"end":{"line":160,"column":null}},"type":"binary-expr","locations":[{"start":{"line":156,"column":13},"end":{"line":156,"column":null}},{"start":{"line":157,"column":14},"end":{"line":160,"column":null}}],"line":156},"24":{"loc":{"start":{"line":163,"column":13},"end":{"line":167,"column":null}},"type":"binary-expr","locations":[{"start":{"line":163,"column":13},"end":{"line":163,"column":null}},{"start":{"line":164,"column":14},"end":{"line":167,"column":null}}],"line":163},"25":{"loc":{"start":{"line":170,"column":11},"end":{"line":171,"column":null}},"type":"binary-expr","locations":[{"start":{"line":170,"column":11},"end":{"line":170,"column":null}},{"start":{"line":171,"column":12},"end":{"line":171,"column":null}}],"line":170}},"s":{"0":3,"1":73,"2":13,"3":15,"4":1,"5":15,"6":14,"7":15,"8":3,"9":73,"10":73,"11":0,"12":73,"13":28,"14":45,"15":42,"16":3,"17":1,"18":2,"19":1,"20":1,"21":0,"22":1,"23":0,"24":1,"25":1,"26":0,"27":3,"28":73,"29":73,"30":73,"31":73,"32":73,"33":0,"34":0,"35":0,"36":0,"37":0,"38":0,"39":73,"40":0},"f":{"0":73,"1":73,"2":73,"3":0,"4":0,"5":0},"b":{"0":[13,0,15,1,14,15,14,15,15],"1":[0,73],"2":[28,45],"3":[42,3],"4":[1,2],"5":[1,1],"6":[0,1],"7":[1,1],"8":[0,1],"9":[1,0],"10":[0,0],"11":[73,0],"12":[73,73],"13":[16,57],"14":[14,43],"15":[16,57],"16":[16,57],"17":[14,43],"18":[0,73],"19":[73,0],"20":[0,0],"21":[0,0],"22":[0,0],"23":[0,0],"24":[0,0],"25":[0,0]},"meta":{"lastBranch":26,"lastFunction":6,"lastStatement":41,"seen":{"s:11:24:29:Infinity":0,"f:11:24:11:25":0,"b:13:4:14:Infinity:15:4:15:Infinity:16:4:17:Infinity:18:4:19:Infinity:20:4:20:Infinity:21:4:22:Infinity:23:4:24:Infinity:25:4:25:Infinity:26:4:27:Infinity":0,"s:12:2:28:Infinity":1,"s:14:6:14:Infinity":2,"s:17:6:17:Infinity":3,"s:19:6:19:Infinity":4,"s:22:6:22:Infinity":5,"s:24:6:24:Infinity":6,"s:27:6:27:Infinity":7,"s:31:28:42:Infinity":8,"f:31:28:31:29":1,"s:32:12:32:Infinity":9,"b:33:2:33:Infinity:undefined:undefined:undefined:undefined":1,"s:33:2:33:Infinity":10,"s:33:29:33:Infinity":11,"b:34:2:34:Infinity:undefined:undefined:undefined:undefined":2,"s:34:2:34:Infinity":12,"s:34:25:34:Infinity":13,"b:35:2:35:Infinity:undefined:undefined:undefined:undefined":3,"s:35:2:35:Infinity":14,"s:35:30:35:Infinity":15,"b:36:2:36:Infinity:undefined:undefined:undefined:undefined":4,"s:36:2:36:Infinity":16,"s:36:27:36:Infinity":17,"b:37:2:37:Infinity:undefined:undefined:undefined:undefined":5,"s:37:2:37:Infinity":18,"s:37:28:37:Infinity":19,"b:38:2:38:Infinity:undefined:undefined:undefined:undefined":6,"s:38:2:38:Infinity":20,"b:38:6:38:27:38:27:38:52":7,"s:38:52:38:Infinity":21,"b:39:2:39:Infinity:undefined:undefined:undefined:undefined":8,"s:39:2:39:Infinity":22,"s:39:26:39:Infinity":23,"b:40:2:40:Infinity:undefined:undefined:undefined:undefined":9,"s:40:2:40:Infinity":24,"s:40:29:40:Infinity":25,"s:41:2:41:Infinity":26,"s:44:63:177:Infinity":27,"f:44:63:44:64":2,"s:45:30:45:Infinity":28,"s:46:26:46:Infinity":29,"s:48:19:48:Infinity":30,"s:49:21:49:Infinity":31,"s:51:24:58:Infinity":32,"f:51:24:51:25":3,"s:52:4:52:Infinity":33,"b:53:4:57:Infinity:undefined:undefined:undefined:undefined":10,"s:53:4:57:Infinity":34,"s:54:6:54:Infinity":35,"s:55:6:55:Infinity":36,"s:56:6:56:Infinity":37,"f:56:17:56:23":4,"s:56:23:56:41":38,"s:60:2:175:Infinity":39,"f
[...]
":{"start":{"line":181,"column":6},"end":{"line":181,"column":37}},"type":"binary-expr","locations":[{"start":{"line":181,"column":6},"end":{"line":181,"column":21}},{"start":{"line":181,"column":21},"end":{"line":181,"column":37}}],"line":181},"60":{"loc":{"start":{"line":187,"column":2},"end":{"line":189,"column":null}},"type":"if","locations":[{"start":{"line":187,"column":2},"end":{"line":189,"column":null}},{"start":{},"end":{}}],"line":187},"61":{"loc":{"start":{"line":187,"column":6},"end":{"line":187,"column":106}},"type":"binary-expr","locations":[{"start":{"line":187,"column":6},"end":{"line":187,"column":20}},{"start":{"line":187,"column":20},"end":{"line":187,"column":37}},{"start":{"line":187,"column":37},"end":{"line":187,"column":72}},{"start":{"line":187,"column":72},"end":{"line":187,"column":106}}],"line":187},"62":{"loc":{"start":{"line":196,"column":12},"end":{"line":196,"column":null}},"type":"binary-expr","locations":[{"start":{"line":196,"column":12},"end":{"line":196,"column":22}},{"start":{"line":196,"column":22},"end":{"line":196,"column":null}}],"line":196},"63":{"loc":{"start":{"line":199,"column":15},"end":{"line":199,"column":null}},"type":"binary-expr","locations":[{"start":{"line":199,"column":15},"end":{"line":199,"column":28}},{"start":{"line":199,"column":28},"end":{"line":199,"column":null}}],"line":199}},"s":{"0":12,"1":12,"2":12,"3":12,"4":34,"5":2,"6":10,"7":10,"8":0,"9":10,"10":17,"11":4,"12":6,"13":12,"14":1,"15":5,"16":15,"17":1,"18":4,"19":15,"20":1,"21":3,"22":9,"23":0,"24":3,"25":8,"26":2,"27":1,"28":12,"29":12,"30":12,"31":12,"32":12,"33":12,"34":12,"35":12,"36":12,"37":12,"38":12,"39":12,"40":12,"41":12,"42":11,"43":11,"44":11,"45":2,"46":12,"47":12,"48":3,"49":3,"50":3,"51":12,"52":12,"53":1,"54":1,"55":12,"56":12,"57":1,"58":1,"59":12,"60":1,"61":1,"62":1,"63":1,"64":1,"65":1,"66":1,"67":11,"68":4,"69":4,"70":4,"71":4,"72":4,"73":4,"74":7,"75":5,"76":1,"77":1,"78":1,"79":4,"80":4,"81":4,"82":5,"83":5,"84":5,"85":12,"86":12,"87":10,"88":12,"89":12,"90":3,"91":12,"92":12,"93":11,"94":12,"95":12,"96":6,"97":12},"f":{"0":12,"1":34,"2":10,"3":17,"4":12,"5":15,"6":15,"7":9,"8":8},"b":{"0":[12],"1":[2,10],"2":[0,10],"3":[4,6],"4":[1,5],"5":[1,4],"6":[1,3],"7":[0,3],"8":[2,1],"9":[1,0],"10":[11,1],"11":[12,11],"12":[11,0],"13":[2,9],"14":[11,9,9],"15":[12,11],"16":[3,9],"17":[0,3],"18":[0,3],"19":[0,3],"20":[3,0],"21":[3,0],"22":[12,11],"23":[1,11],"24":[1,0],"25":[0,0],"26":[1,11],"27":[12,1],"28":[1,11],"29":[12,12,12],"30":[1,1],"31":[1,0],"32":[1,1],"33":[4,7],"34":[11,9,7,7,7],"35":[0,4],"36":[4,0],"37":[4,0],"38":[4,4],"39":[5,2],"40":[7,5,5,4,4,3,2,2,2,2],"41":[1,4],"42":[5,5,4,4],"43":[1,3],"44":[4,3,3,3],"45":[0,3],"46":[3,3,3],"47":[0,3],"48":[3,3,3],"49":[2,1],"50":[3,1,1],"51":[5,0],"52":[5,0],"53":[5,5],"54":[10,2],"55":[12,10],"56":[3,9],"57":[12,3],"58":[11,1],"59":[12,11],"60":[6,6],"61":[12,6,6,6],"62":[12,2],"63":[12,2]},"meta":{"lastBranch":64,"lastFunction":9,"lastStatement":98,"seen":{"f:3:16:3:33":0,"b:3:83:3:112":0,"s:4:22:4:Infinity":0,"s:5:20:5:Infinity":1,"s:7:15:7:Infinity":2,"b:8:2:16:Infinity:8:73:16:Infinity":1,"s:8:2:16:Infinity":3,"f:8:33:8:38":1,"s:8:38:8:61":4,"s:8:64:8:Infinity":5,"b:8:73:16:Infinity:9:68:16:Infinity":2,"s:8:73:16:Infinity":6,"f:9:28:9:33":2,"s:9:33:9:56":7,"s:9:59:9:Infinity":8,"b:9:68:16:Infinity:10:76:16:Infinity":3,"s:9:68:16:Infinity":9,"f:10:36:10:41":3,"s:10:41:10:64":10,"s:10:67:10:Infinity":11,"b:10:76:16:Infinity:11:73:16:Infinity":4,"s:10:76:16:Infinity":12,"f:11:33:11:38":4,"s:11:38:11:61":13,"s:11:64:11:Infinity":14,"b:11:73:16:Infinity:12:81:16:Infinity":5,"s:11:73:16:Infinity":15,"f:12:41:12:46":5,"s:12:46:12:69":16,"s:12:72:12:Infinity":17,"b:12:81:16:Infinity:13:91:16:Infinity":6,"s:12:81:16:Infinity":18,"f:13:51:13:56":6,"s:13:56:13:79":19,"s:13:82:13:Infinity":20,"b:13:91:16:Infinity:14:79:16:Infinity":7,"s:13:91:16:Infinity":21,"f:14:39:14:44":7,"s:14:44:14:67":22,"s:14:70:14:Infinity":23,"b:14:79:16:Infinity:16:7:16:Infinity":8,"s:14:79:16:Infinity":24,"f:15:55:15:60":8,"s:15:60:15:83":25,"s:15:86:15:Infinity":26,"s:16:7:16:Infinity":27,"b:16:16:16:31:16:31:16:Infinity":9,"s:18:43:18:Infinity":28,"s:19:17:19:Infinity":29,"s:20:19:20:Infinity":30,"s:21:42:21:Infinity":31,"s:22:35:22:Infinity":32,"s:23:32:23:Infinity":33,"s:24:41:24:Infinity":34,"s:25:38:25:Infinity":35,"s:26:38:26:Infinity":36,"s:27:38:27:Infinity":37,"s:28:43:28:Infinity":38,"s:29:19:29:Infinity":39,"s:33:23:33:Infinity":40,"b:34:2:41:Infinity:undefined:undefined:undefined:undefined":10,"s:34:2:41:Infinity":41,"b:34:6:34:22:34:22:34:39":11,"s:35:19:35:Infinity":42,"b:36:4:40:Infinity:undefined:undefined:undefined:undefined":12,"s:36:4:40:Infinity":43,"b:37:6:39:Infinity:undefined:undefined:undefined:undefined":13,"s:37:6:39:Infinity":44,"b:37:10:37:34:37:34:37:59:37:59:37:82":14,"s:38:8:38:Infinity":45,"s:44:24:45:Infinity":46,"b:44:24:44:Infinity:45:24:45:Infinity":15,"b:46:2:61:Infinity:undefined:undefined:undefined:undefined":16,"s:46:2:61:Infinity":47,"s:47:16:47:Infinity":48,"s:48:17:48:Infinity":49,"s:49:4:60:Infinity":50,"b:52:45:52:55:52:55:52:Infinity":17,"b:52:85:52:95:52:95:52:Infinity":18,"b:52:126:52:137:52:137:52:Infinity":19,"b:53:35:53:41:53:41:53:Infinity":20,"b:54:39:54:45:54:45:54:Infinity":21,"s:63:21:64:Infinity":51,"b:63:21:63:Infinity:64:21:64:Infinity":22,"b:65:2:79:Infinity:undefined:undefined:undefined:undefined":23,"s:65:2:79:Infinity":52,"s:66:19:66:Infinity":53,"s:67:4:78:Infinity":54,"b:70:47:70:59:70:59:70:Infinity":24,"b:70:89:70:99:70:99:70:Infinity":25,"s:81:23:81:Infinity":55,"b:82:2:96:Infinity:undefined:undefined:undefined:undefined":26,"s:82:2:96:Infinity":56,"b:82:6:82:22:82:22:82:65":27,"s:83:19:83:Infinity":57,"s:84:4:95:Infinity":58,"b:99:2:165:Infinity:109:2:165:Infinity":28,"s:99:2:165:Infinity":59,"b:99:6:99:46:99:46:99:82:99:82:99:105":29,"s:100:4:100:Infinity":60,"s:101:4:101:Infinity":61,"s:102:4:102:Infinity":62,"s:103:4:103:Infinity":63,"s:104:27:105:Infinity":64,"b:104:27:104:Infinity:105:27:105:Infinity":30,"b:106:4:108:Infinity:undefined:undefined:undefined:undefined":31,"s:106:4:108:Infinity":65,"b:106:8:106:26:106:26:106:45":32,"s:107:6:107:Infinity":66,"b:109:2:165:Infinity:128:2:165:Infinity":33,"s:109:2:165:Infinity":67,"b:114:4:114:Infinity:115:4:115:Infinity:116:4:116:Infinity:117:4:117:Infinity:118:4:118:Infinity":34,"s:120:4:120:Infinity":68,"s:121:4:121:Infinity":69,"b:121:46:121:57:121:57:121:Infinity":35,"s:122:4:122:Infinity":70,"s:123:21:124:Infinity":71,"b:123:21:123:Infinity:124:21:124:Infinity":36,"b:125:4:127:Infinity:undefined:undefined:undefined:undefined":37,"s:125:4:127:Infinity":72,"b:125:8:125:20:125:20:125:33":38,"s:126:6:126:Infinity":73,"b:128:2:165:Infinity:undefined:undefined:undefined:undefined":39,"s:128:2:165:Infinity":74,"b:131:4:131:Infinity:132:4:132:Infinity:133:4:133:Infinity:134:4:134:Infinity:135:4:135:Infinity:136:4:136:Infinity:137:4:137:Infinity:138:4:138:Infinity:139:4:139:Infinity:140:4:140:Infinity":40,"b:142:4:158:Infinity:146:11:158:Infinity":41,"s:142:4:158:Infinity":75,"b:142:8:142:48:142:48:142:85:142:85:142:115:142:115:142:143":42,"s:143:6:143:Infinity":76,"s:144:6:144:Infinity":77,"s:145:6:145:Infinity":78,"s:147:6:147:Infinity":79,"s:148:6:156:Infinity":80,"b:149:10:149:Infinity:150:10:156:Infinity":43,"b:148:17:148:51:148:51:148:82:148:82:148:115:148:115:148:Infinity":44,"b:151:10:151:Infinity:152:10:156:Infinity":45,"b:150:10:150:44:150:44:150:75:150:75:150:Infinity":46,"b:153:10:153:Infinity:154:10:156:Infinity":47,"b:152:10:152:46:152:46:152:76:152:76:152:Infinity":48,"b:155:10:155:Infinity:156:10:156:Infinity":49,"b:154:10:154:43:154:43:154:76:154:76:154:Infinity":50,"s:157:6:157:Infinity":81,"s:160:21:161:Infinity":82,"b:160:21:160:Infinity:161:21:161:Infinity":51,"b:162:4:164:Infinity:undefined:undefined:undefined:undefined":52,"s:162:4:164:Infinity":83,"b:162:8:162:20:162:20:162:33":53,"s:163:6:163:Infinity":84,"s:168:19:168:Infinity":85,"b:169:2:171:Infinity:undefined:undefined:undefined:undefined":54,"s:169:2:171:Infinity":86,"b:169:6:169:18:169:18:169:31":55,"s:170:4:170:Infinity":87,"s:174:19:174:Infinity":88,"b:175:2:177:Infinity:undefined:undefined:undefined:undefined":56,"s:175:2:177:Infinity":89,"b:175:6:175:18:175:18:175:31":57,"s:176:4:176:Infinity":90,"s:180:22:180:Infinity":91,"b:181:2:183:Infinity:undefined:undefined:undefined:undefined":58,"s:181:2:183:Infinity":92,"b:181:6:181:21:181:21:181:37":59,"s:182:4:182:Infinity":93,"s:186:21:186:Infinity":94,"b:187:2:189:Infinity:undefined:undefined:undefined:undefined":60,"s:187:2:189:Infinity":95,"b:187:6:187:20:187:20:187:37:187:37:187:72:187:72:187:106":61,"s:188:4:188:Infinity":96,"s:191:2:205:Infinity":97,"b:196:12:196:22:196:22:196:Infinity":62,"b:199:15:199:28:199:28:199:Infinity":63},"fnNames":{}}}
,"/app/applet/src/services/storage.ts": {"path":"/app/applet/src/services/storage.ts","statementMap":{"0":{"start":{"line":5,"column":21},"end":{"line":14,"column":null}},"1":{"start":{"line":17,"column":2},"end":{"line":22,"column":null}},"2":{"start":{"line":18,"column":16},"end":{"line":18,"column":null}},"3":{"start":{"line":19,"column":4},"end":{"line":19,"column":null}},"4":{"start":{"line":19,"column":13},"end":{"line":19,"column":null}},"5":{"start":{"line":21,"column":4},"end":{"line":21,"column":null}},"6":{"start":{"line":23,"column":2},"end":{"line":23,"column":null}},"7":{"start":{"line":27,"column":2},"end":{"line":27,"column":null}},"8":{"start":{"line":31,"column":2},"end":{"line":36,"column":null}},"9":{"start":{"line":32,"column":16},"end":{"line":32,"column":null}},"10":{"start":{"line":33,"column":4},"end":{"line":33,"column":null}},"11":{"start":{"line":33,"column":13},"end":{"line":33,"column":null}},"12":{"start":{"line":35,"column":4},"end":{"line":35,"column":null}},"13":{"start":{"line":37,"column":2},"end":{"line":37,"column":null}},"14":{"start":{"line":41,"column":2},"end":{"line":41,"column":null}},"15":{"start":{"line":45,"column":2},"end":{"line":50,"column":null}},"16":{"start":{"line":46,"column":16},"end":{"line":46,"column":null}},"17":{"start":{"line":47,"column":4},"end":{"line":47,"column":null}},"18":{"start":{"line":47,"column":13},"end":{"line":47,"column":null}},"19":{"start":{"line":49,"column":4},"end":{"line":49,"column":null}},"20":{"start":{"line":51,"column":2},"end":{"line":51,"column":null}},"21":{"start":{"line":55,"column":2},"end":{"line":55,"column":null}},"22":{"start":{"line":59,"column":2},"end":{"line":64,"column":null}},"23":{"start":{"line":60,"column":16},"end":{"line":60,"column":null}},"24":{"start":{"line":61,"column":4},"end":{"line":61,"column":null}},"25":{"start":{"line":61,"column":13},"end":{"line":61,"column":null}},"26":{"start":{"line":63,"column":4},"end":{"line":63,"column":null}},"27":{"start":{"line":65,"column":2},"end":{"line":65,"column":null}},"28":{"start":{"line":69,"column":2},"end":{"line":69,"column":null}},"29":{"start":{"line":73,"column":14},"end":{"line":73,"column":null}},"30":{"start":{"line":74,"column":2},"end":{"line":74,"column":null}},"31":{"start":{"line":78,"column":2},"end":{"line":78,"column":null}},"32":{"start":{"line":82,"column":14},"end":{"line":82,"column":null}},"33":{"start":{"line":83,"column":2},"end":{"line":83,"column":null}},"34":{"start":{"line":87,"column":2},"end":{"line":87,"column":null}},"35":{"start":{"line":91,"column":2},"end":{"line":91,"column":null}},"36":{"start":{"line":95,"column":2},"end":{"line":95,"column":null}},"37":{"start":{"line":99,"column":2},"end":{"line":99,"column":null}},"38":{"start":{"line":103,"column":2},"end":{"line":103,"column":null}},"39":{"start":{"line":107,"column":2},"end":{"line":107,"column":null}},"40":{"start":{"line":108,"column":2},"end":{"line":108,"column":null}},"41":{"start":{"line":109,"column":2},"end":{"line":109,"column":null}},"42":{"start":{"line":110,"column":2},"end":{"line":110,"column":null}}},"fnMap":{"0":{"name":"loadTransactions","decl":{"start":{"line":16,"column":16},"end":{"line":16,"column":56}},"loc":{"start":{"line":16,"column":56},"end":{"line":24,"column":null}},"line":16},"1":{"name":"saveTransactions","decl":{"start":{"line":26,"column":16},"end":{"line":26,"column":33}},"loc":{"start":{"line":26,"column":68},"end":{"line":28,"column":null}},"line":26},"2":{"name":"loadPackages","decl":{"start":{"line":30,"column":16},"end":{"line":30,"column":55}},"loc":{"start":{"line":30,"column":55},"end":{"line":38,"column":null}},"line":30},"3":{"name":"savePackages","decl":{"start":{"line":40,"column":16},"end":{"line":40,"column":29}},"loc":{"start":{"line":40,"column":63},"end":{"line":42,"column":null}},"line":40},"4":{"name":"loadTelecomAssets","decl":{"start":{"line":44,"column":16},"end":{"line":44,"column":51}},"loc":{"start":{"line":44,"column":51},"end":{"line":52,"column":null}},"line":44},"5":{"name":"saveTelecomAssets","decl":{"start":{"line":54,"column":16},"end":{"line":54,"column":34}},"loc":{"start":{"line":54,"column":57},"end":{"line":56,"column":null}},"line":54},"6":{"name":"loadBanks","decl":{"start":{"line":58,"column":16},"end":{"line":58,"column":40}},"loc":{"start":{"line":58,"column":40},"end":{"line":66,"column":null}},"line":58},"7":{"name":"saveBanks","decl":{"start":{"line":68,"column":16},"end":{"line":68,"column":26}},"loc":{"start":{"line":68,"column":45},"end":{"line":70,"column":null}},"line":68},"8":{"name":"loadLanguage","decl":{"start":{"line":72,"column":16},"end":{"line":72,"column":41}},"loc":{"start":{"line":72,"column":41},"end":{"line":75,"column":null}},"line":72},"9":{"name":"saveLanguage","decl":{"start":{"line":77,"column":16},"end":{"line":77,"column":29}},"loc":{"start":{"line":77,"column":45},"end":{"line":79,"column":null}},"line":77},"10":{"name":"loadTheme","decl":{"start":{"line":81,"column":16},"end":{"line":81,"column":39}},"loc":{"start":{"line":81,"column":39},"end":{"line":84,"column":null}},"line":81},"11":{"name":"saveTheme","decl":{"start":{"line":86,"column":16},"end":{"line":86,"column":26}},"loc":{"start":{"line":86,"column":44},"end":{"line":88,"column":null}},"line":86},"12":{"name":"loadUserName","decl":{"start":{"line":90,"column":16},"end":{"line":90,"column":39}},"loc":{"start":{"line":90,"column":39},"end":{"line":92,"column":null}},"line":90},"13":{"name":"saveUserName","decl":{"start":{"line":94,"column":16},"end":{"line":94,"column":29}},"loc":{"start":{"line":94,"column":43},"end":{"line":96,"column":null}},"line":94},"14":{"name":"hasCompletedOnboarding","decl":{"start":{"line":98,"column":16},"end":{"line":98,"column":50}},"loc":{"start":{"line":98,"column":50},"end":{"line":100,"column":null}},"line":98},"15":{"name":"setCompletedOnboarding","decl":{"start":{"line":102,"column":16},"end":{"line":102,"column":39}},"loc":{"start":{"line":102,"column":59},"end":{"line":104,"column":null}},"line":102},"16":{"name":"resetAllData","decl":{"start":{"line":106,"column":16},"end":{"line":106,"column":31}},"loc":{"start":{"line":106,"column":31},"end":{"line":111,"column":null}},"line":106}},"branchMap":{"0":{"loc":{"start":{"line":19,"column":4},"end":{"line":19,"column":null}},"type":"if","locations":[{"start":{"line":19,"column":4},"end":{"line":19,"column":null}},{"start":{},"end":{}}],"line":19},"1":{"loc":{"start":{"line":33,"column":4},"end":{"line":33,"column":null}},"type":"if","locations":[{"start":{"line":33,"column":4},"end":{"line":33,"column":null}},{"start":{},"end":{}}],"line":33},"2":{"loc":{"start":{"line":47,"column":4},"end":{"line":47,"column":null}},"type":"if","locations":[{"start":{"line":47,"column":4},"end":{"line":47,"column":null}},{"start":{},"end":{}}],"line":47},"3":{"loc":{"start":{"line":61,"column":4},"end":{"line":61,"column":null}},"type":"if","locations":[{"start":{"line":61,"column":4},"end":{"line":61,"column":null}},{"start":{},"end":{}}],"line":61},"4":{"loc":{"start":{"line":74,"column":9},"end":{"line":74,"column":null}},"type":"cond-expr","locations":[{"start":{"line":74,"column":56},"end":{"line":74,"column":62}},{"start":{"line":74,"column":62},"end":{"line":74,"column":null}}],"line":74},"5":{"loc":{"start":{"line":74,"column":9},"end":{"line":74,"column":56}},"type":"binary-expr","locations":[{"start":{"line":74,"column":9},"end":{"line":74,"column":25}},{"start":{"line":74,"column":25},"end":{"line":74,"column":41}},{"start":{"line":74,"column":41},"end":{"line":74,"column":56}}],"line":74},"6":{"loc":{"start":{"line":83,"column":9},"end":{"line":83,"column":null}},"type":"cond-expr","locations":[{"start":{"line":83,"column":66},"end":{"line":83,"column":72}},{"start":{"line":83,"column":72},"end":{"line":83,"column":null}}],"line":83},"7":{"loc":{"start":{"line":83,"column":9},"end":{"line":83,"column":66}},"type":"binary-expr","locations":[{"start":{"line":83,"column":9},"end":{"line":83,"column":28}},{"start":{"line":83,"column":28},"end":{"line":83,"column":49}},{"start":{"line":83,"column":49},"end":{"line":83,"column":66}}],"line":83},"8":{"loc":{"start":{"line":91,"column":9},"end":{"line":91,"column":null}},"type":"binary-expr","locations":[{"start":{"line":91,"column":9},"end":{"line":91,"column":57}},{"start":{"line":91,"column":57},"end":{"line":91,"column":null}}],"line":91},"9":{"loc":{"start":{"line":103,"column":58},"end":{"line":103,"column":86}},"type":"cond-expr","locations":[{"start":{"line":103,"column":70},"end":{"line":103,"column":79}},{"start":{"line":103,"column":79},"end":{"line":103,"column":86}}],"line":103}},"s":{"0":4,"1":19,"2":19,"3":19,"4":2,"5":0,"6":17,"7":3,"8":18,"9":18,"10":18,"11":1,"12":0,"13":17,"14":1,"15":18,"16":18,"17":18,"18":3,"19":0,"20":15,"21":3,"22":17,"23":17,"24":17,"25":0,"26":0,"27":17,"28":0,"29":20,"30":20,"31":3,"32":20,"33":20,"34":2,"35":2,"36":1,"37":19,"38":1,"39":1,"40":1,"41":1,"42":1},"f":{"0":19,"1":3,"2":18,"3":1,"4":18,"5":3,"6":17,"7":0,"8":20,"9":3,"10":20,"11":2,"12":2,"13":1,"14":19,"15":1,"16":1},"b":{"0":[2,17],"1":[1,17],"2":[3,15],"3":[0,17],"4":[4,16],"5":[20,17,16],"6":[2,18],"7":[20,19,18],"8":[2,1],"9":[1,0]},"meta":{"lastBranch":10,"lastFunction":17,"lastStatement":43,"seen":{"s:5:21:14:Infinity":0,"f:16:16:16:56":0,"s:17:2:22:Infinity":1,"s:18:16:18:Infinity":2,"b:19:4:19:Infinity:undefined:undefined:undefined:undefined":0,"s:19:4:19:Infinity":3,"s:19:13:19:Infinity":4,"s:21:4:21:Infinity":5,"s:23:2:23:Infinity":6,"f:26:16:26:33":1,"s:27:2:27:Infinity":7,"f:30:16:30:55":2,"s:31:2:36:Infinity":8,"s:32:16:32:Infinity":9,"b:33:4:33:Infinity:undefined:undefined:undefined:undefined":1,"s:33:4:33:Infinity":10,"s:33:13:33:Infinity":11,"s:35:4:35:Infinity":12,"s:37:2:37:Infinity":13,"f:40:16:40:29":3,"s:41:2:41:Infinity":14,"f:44:16:44:51":4,"s:45:2:50:Infinity":15,"s:46:16:46:Infinity":16,"b:47:4:47:Infinity:undefined:undefined:undefined:undefined":2,"s:47:4:47:Infinity":17,"s:47:13:47:Infinity":18,"s:49:4:49:Infinity":19,"s:51:2:51:Infinity":20,"f:54:16:54:34":5,"s:55:2:55:Infinity":21,"f:58:16:58:40":6,"s:59:2:64:Infinity":22,"s:60:16:60:Infinity":23,"b:61:4:61:Infinity:undefined:undefined:undefined:undefined":3,"s:61:4:61:Infinity":24,"s:61:13:61:Infinity":25,"s:63:4:63:Infinity":26,"s:65:2:65:Infinity":27,"f:68:16:68:26":7,"s:69:2:69:Infinity":28,"f:72:16:72:41":8,"s:73:14:73:Infinity":29,"s:74:2:74:Infinity":30,"b:74:56:74:62:74:62:74:Infinity":4,"b:74:9:74:25:74:25:74:41:74:41:74:56":5,"f:77:16:77:29":9,"s:78:2:78:Infinity":31,"f:81:16:81:39":10,"s:82:14:82:Infinity":32,"s:83:2:83:Infinity":33,"b:83:66:83:72:83:72:83:Infinity":6,"b:83:9:83:28:83:28:83:49:83:49:83:66":7,"f:86:16:86:26":11,"s:87:2:87:Infinity":34,"f:90:16:90:39":12,"s:91:2:91:Infinity":35,"b:91:9:91:57:91:57:91:Infinity":8,"f:94:16:94:29":13,"s:95:2:95:Infinity":36,"f:98:16:98:50":14,"s:99:2:99:Infinity":37,"f:102:16:102:39":15,"s:103:2:103:Infinity":38,"b:103:70:103:79:103:79:103:86":9,"f:106:16:106:31":16,"s:107:2:107:Infinity":39,"s:108:2:108:Infinity":40,"s:109:2:109:Infinity":41,"s:110:2:110:Infinity":42},"fnNames":{}}}
}
