{"/app/applet/src/App.tsx": {"path":"/app/applet/src/App.tsx","statementMap":{"0":{"start":{"line":45,"column":29},"end":{"line":471,"column":null}},"1":{"start":{"line":46,"column":134},"end":{"line":46,"column":null}},"2":{"start":{"line":47,"column":21},"end":{"line":47,"column":null}},"3":{"start":{"line":50,"column":2},"end":{"line":54,"column":null}},"4":{"start":{"line":51,"column":4},"end":{"line":53,"column":null}},"5":{"start":{"line":52,"column":6},"end":{"line":52,"column":null}},"6":{"start":{"line":57,"column":32},"end":{"line":57,"column":null}},"7":{"start":{"line":58,"column":35},"end":{"line":58,"column":null}},"8":{"start":{"line":59,"column":29},"end":{"line":59,"column":null}},"9":{"start":{"line":60,"column":36},"end":{"line":60,"column":null}},"10":{"start":{"line":61,"column":42},"end":{"line":61,"column":null}},"11":{"start":{"line":64,"column":38},"end":{"line":64,"column":null}},"12":{"start":{"line":65,"column":30},"end":{"line":65,"column":null}},"13":{"start":{"line":66,"column":40},"end":{"line":66,"column":null}},"14":{"start":{"line":67,"column":24},"end":{"line":67,"column":null}},"15":{"start":{"line":70,"column":34},"end":{"line":70,"column":null}},"16":{"start":{"line":71,"column":48},"end":{"line":71,"column":null}},"17":{"start":{"line":72,"column":38},"end":{"line":72,"column":null}},"18":{"start":{"line":73,"column":36},"end":{"line":73,"column":null}},"19":{"start":{"line":74,"column":46},"end":{"line":74,"column":null}},"20":{"start":{"line":75,"column":32},"end":{"line":75,"column":null}},"21":{"start":{"line":76,"column":32},"end":{"line":76,"column":null}},"22":{"start":{"line":79,"column":22},"end":{"line":82,"column":null}},"23":{"start":{"line":80,"column":4},"end":{"line":80,"column":null}},"24":{"start":{"line":81,"column":4},"end":{"line":81,"column":null}},"25":{"start":{"line":84,"column":19},"end":{"line":87,"column":null}},"26":{"start":{"line":85,"column":4},"end":{"line":85,"column":null}},"27":{"start":{"line":86,"column":4},"end":{"line":86,"column":null}},"28":{"start":{"line":89,"column":29},"end":{"line":92,"column":null}},"29":{"start":{"line":90,"column":4},"end":{"line":90,"column":null}},"30":{"start":{"line":91,"column":4},"end":{"line":91,"column":null}},"31":{"start":{"line":94,"column":25},"end":{"line":97,"column":null}},"32":{"start":{"line":95,"column":4},"end":{"line":95,"column":null}},"33":{"start":{"line":96,"column":4},"end":{"line":96,"column":null}},"34":{"start":{"line":99,"column":30},"end":{"line":102,"column":null}},"35":{"start":{"line":100,"column":4},"end":{"line":100,"column":null}},"36":{"start":{"line":101,"column":4},"end":{"line":101,"column":null}},"37":{"start":{"line":104,"column":22},"end":{"line":107,"column":null}},"38":{"start":{"line":105,"column":4},"end":{"line":105,"column":null}},"39":{"start":{"line":106,"column":4},"end":{"line":106,"column":null}},"40":{"start":{"line":110,"column":25},"end":{"line":113,"column":null}},"41":{"start":{"line":111,"column":4},"end":{"line":111,"column":null}},"42":{"start":{"line":112,"column":4},"end":{"line":112,"column":null}},"43":{"start":{"line":115,"column":28},"end":{"line":132,"column":null}},"44":{"start":{"line":116,"column":4},"end":{"line":116,"column":null}},"45":{"start":{"line":117,"column":4},"end":{"line":131,"column":null}},"46":{"start":{"line":119,"column":28},"end":{"line":122,"column":null}},"47":{"start":{"line":119,"column":51},"end":{"line":122,"column":8}},"48":{"start":{"line":123,"column":6},"end":{"line":123,"column":null}},"49":{"start":{"line":124,"column":6},"end":{"line":127,"column":null}},"50":{"start":{"line":128,"column":6},"end":{"line":128,"column":null}},"51":{"start":{"line":129,"column":6},"end":{"line":129,"column":null}},"52":{"start":{"line":130,"column":6},"end":{"line":130,"column":null}},"53":{"start":{"line":130,"column":23},"end":{"line":130,"column":44}},"54":{"start":{"line":134,"column":32},"end":{"line":164,"column":null}},"55":{"start":{"line":136,"column":24},"end":{"line":136,"column":null}},"56":{"start":{"line":137,"column":23},"end":{"line":137,"column":null}},"57":{"start":{"line":139,"column":4},"end":{"line":143,"column":null}},"58":{"start":{"line":146,"column":42},"end":{"line":161,"column":null}},"59":{"start":{"line":163,"column":4},"end":{"line":163,"column":null}},"60":{"start":{"line":166,"column":32},"end":{"line":192,"column":null}},"61":{"start":{"line":167,"column":23},"end":{"line":167,"column":null}},"62":{"start":{"line":168,"column":4},"end":{"line":172,"column":null}},"63":{"start":{"line":174,"column":42},"end":{"line":189,"column":null}},"64":{"start":{"line":191,"column":4},"end":{"line":191,"column":null}},"65":{"start":{"line":194,"column":26},"end":{"line":253,"column":null}},"66":{"start":{"line":196,"column":23},"end":{"line":196,"column":null}},"67":{"start":{"line":197,"column":4},"end":{"line":201,"column":null}},"68":{"start":{"line":204,"column":24},"end":{"line":204,"column":null}},"69":{"start":{"line":204,"column":50},"end":{"line":204,"column":119}},"70":{"start":{"line":205,"column":22},"end":{"line":205,"column":null}},"71":{"start":{"line":207,"column":23},"end":{"line":207,"column":null}},"72":{"start":{"line":209,"column":4},"end":{"line":232,"column":null}},"73":{"start":{"line":210,"column":6},"end":{"line":217,"column":null}},"74":{"start":{"line":219,"column":6},"end":{"line":231,"column":null}},"75":{"start":{"line":234,"column":4},"end":{"line":234,"column":null}},"76":{"start":{"line":237,"column":37},"end":{"line":250,"column":null}},"77":{"start":{"line":252,"column":4},"end":{"line":252,"column":null}},"78":{"start":{"line":256,"column":31},"end":{"line":310,"column":null}},"79":{"start":{"line":258,"column":4},"end":{"line":269,"column":null}},"80":{"start":{"line":259,"column":21},"end":{"line":259,"column":null}},"81":{"start":{"line":260,"column":6},"end":{"line":267,"column":null}},"82":{"start":{"line":261,"column":20},"end":{"line":261,"column":null}},"83":{"start":{"line":261,"column":44},"end":{"line":261,"column":98}},"84":{"start":{"line":262,"column":8},"end":{"line":266,"column":null}},"85":{"start":{"line":263,"column":10},"end":{"line":263,"column":null}},"86":{"start":{"line":265,"column":10},"end":{"line":265,"column":null}},"87":{"start":{"line":268,"column":6},"end":{"line":268,"column":null}},"88":{"start":{"line":272,"column":4},"end":{"line":278,"column":null}},"89":{"start":{"line":273,"column":6},"end":{"line":277,"column":null}},"90":{"start":{"line":281,"column":4},"end":{"line":289,"column":null}},"91":{"start":{"line":282,"column":27},"end":{"line":287,"column":null}},"92":{"start":{"line":283,"column":8},"end":{"line":285,"column":null}},"93":{"start":{"line":284,"column":10},"end":{"line":284,"column":null}},"94":{"start":{"line":286,"column":8},"end":{"line":286,"column":null}},"95":{"start":{"line":288,"column":6},"end":{"line":288,"column":null}},"96":{"start":{"line":292,"column":4},"end":{"line":309,"column":null}},"97":{"start":{"line":293,"column":39},"end":{"line":307,"column":null}},"98":{"start":{"line":308,"column":6},"end":{"line":308,"column":null}},"99":{"start":{"line":312,"column":27},"end":{"line":315,"column":null}},"100":{"start":{"line":313,"column":20},"end":{"line":313,"column":null}},"101":{"start":{"line":313,"column":38},"end":{"line":313,"column":90}},"102":{"start":{"line":314,"column":4},"end":{"line":314,"column":null}},"103":{"start":{"line":317,"column":24},"end":{"line":319,"column":null}},"104":{"start":{"line":318,"column":4},"end":{"line":318,"column":null}},"105":{"start":{"line":321,"column":25},"end":{"line":323,"column":null}},"106":{"start":{"line":322,"column":4},"end":{"line":322,"column":null}},"107":{"start":{"line":322,"column":34},"end":{"line":322,"column":74}},"108":{"start":{"line":325,"column":27},"end":{"line":327,"column":null}},"109":{"start":{"line":326,"column":4},"end":{"line":326,"column":null}},"110":{"start":{"line":326,"column":36},"end":{"line":326,"column":51}},"111":{"start":{"line":329,"column":26},"end":{"line":335,"column":null}},"112":{"start":{"line":330,"column":4},"end":{"line":330,"column":null}},"113":{"start":{"line":331,"column":4},"end":{"line":331,"column":null}},"114":{"start":{"line":332,"column":4},"end":{"line":332,"column":null}},"115":{"start":{"line":333,"column":4},"end":{"line":333,"column":null}},"116":{"start":{"line":334,"column":4},"end":{"line":334,"column":null}},"117":{"start":{"line":337,"column":32},"end":{"line":340,"column":null}},"118":{"start":{"line":338,"column":4},"end":{"line":338,"column":null}},"119":{"start":{"line":339,"column":4},"end":{"line":339,"column":null}},"120":{"start":{"line":342,"column":2},"end":{"line":344,"column":null}},"121":{"start":{"line":343,"column":4},"end":{"line":343,"column":null}},"122":{"start":{"line":346,"column":2},"end":{"line":469,"column":null}},"123":{"start":{"line":354,"column":30},"end":{"line":354,"column":null}},"124":{"start":{"line":367,"column":35},"end":{"line":367,"column":null}},"125":{"start":{"line":372,"column":31},"end":{"line":372,"column":null}},"126":{"start":{"line":393,"column":31},"end":{"line":393,"column":null}},"127":{"start":{"line":394,"column":39},"end":{"line":394,"column":null}},"128":{"start":{"line":411,"column":38},"end":{"line":411,"column":null}},"129":{"start":{"line":412,"column":36},"end":{"line":412,"column":null}},"130":{"start":{"line":440,"column":23},"end":{"line":440,"column":null}},"131":{"start":{"line":451,"column":23},"end":{"line":451,"column":null}},"132":{"start":{"line":458,"column":23},"end":{"line":458,"column":null}},"133":{"start":{"line":461,"column":37},"end":{"line":461,"column":null}}},"fnMap":{"0":{"name":"(anonymous_0)","decl":{"start":{"line":45,"column":29},"end":{"line":45,"column":35}},"loc":{"start":{"line":45,"column":35},"end":{"line":471,"column":null}},"line":45},"1":{"name":"(anonymous_1)","decl":{"start":{"line":50,"column":18},"end":{"line":50,"column":24}},"loc":{"start":{"line":50,"column":24},"end":{"line":54,"column":5}},"line":50},"2":{"name":"(anonymous_2)","decl":{"start":{"line":79,"column":22},"end":{"line":79,"column":23}},"loc":{"start":{"line":79,"column":42},"end":{"line":82,"column":null}},"line":79},"3":{"name":"(anonymous_3)","decl":{"start":{"line":84,"column":19},"end":{"line":84,"column":20}},"loc":{"start":{"line":84,"column":37},"end":{"line":87,"column":null}},"line":84},"4":{"name":"(anonymous_4)","decl":{"start":{"line":89,"column":29},"end":{"line":89,"column":30}},"loc":{"start":{"line":89,"column":62},"end":{"line":92,"column":null}},"line":89},"5":{"name":"(anonymous_5)","decl":{"start":{"line":94,"column":25},"end":{"line":94,"column":26}},"loc":{"start":{"line":94,"column":62},"end":{"line":97,"column":null}},"line":94},"6":{"name":"(anonymous_6)","decl":{"start":{"line":99,"column":30},"end":{"line":99,"column":31}},"loc":{"start":{"line":99,"column":60},"end":{"line":102,"column":null}},"line":99},"7":{"name":"(anonymous_7)","decl":{"start":{"line":104,"column":22},"end":{"line":104,"column":23}},"loc":{"start":{"line":104,"column":48},"end":{"line":107,"column":null}},"line":104},"8":{"name":"(anonymous_8)","decl":{"start":{"line":110,"column":25},"end":{"line":110,"column":26}},"loc":{"start":{"line":110,"column":95},"end":{"line":113,"column":null}},"line":110},"9":{"name":"(anonymous_9)","decl":{"start":{"line":115,"column":28},"end":{"line":115,"column":34}},"loc":{"start":{"line":115,"column":34},"end":{"line":132,"column":null}},"line":115},"10":{"name":"(anonymous_10)","decl":{"start":{"line":117,"column":15},"end":{"line":117,"column":21}},"loc":{"start":{"line":117,"column":21},"end":{"line":131,"column":7}},"line":117},"11":{"name":"(anonymous_11)","decl":{"start":{"line":119,"column":41},"end":{"line":119,"column":42}},"loc":{"start":{"line":119,"column":51},"end":{"line":122,"column":8}},"line":119},"12":{"name":"(anonymous_12)","decl":{"start":{"line":130,"column":17},"end":{"line":130,"column":23}},"loc":{"start":{"line":130,"column":23},"end":{"line":130,"column":44}},"line":130},"13":{"name":"(anonymous_13)","decl":{"start":{"line":134,"column":32},"end":{"line":134,"column":33}},"loc":{"start":{"line":134,"column":53},"end":{"line":164,"column":null}},"line":134},"14":{"name":"(anonymous_14)","decl":{"start":{"line":166,"column":32},"end":{"line":166,"column":33}},"loc":{"start":{"line":166,"column":76},"end":{"line":192,"column":null}},"line":166},"15":{"name":"(anonymous_15)","decl":{"start":{"line":194,"column":26},"end":{"line":194,"column":27}},"loc":{"start":{"line":194,"column":57},"end":{"line":253,"column":null}},"line":194},"16":{"name":"(anonymous_16)","decl":{"start":{"line":204,"column":43},"end":{"line":204,"column":44}},"loc":{"start":{"line":204,"column":50},"end":{"line":204,"column":119}},"line":204},"17":{"name":"(anonymous_17)","decl":{"start":{"line":256,"column":31},"end":{"line":256,"column":32}},"loc":{"start":{"line":256,"column":93},"end":{"line":310,"column":null}},"line":256},"18":{"name":"(anonymous_18)","decl":{"start":{"line":260,"column":30},"end":{"line":260,"column":31}},"loc":{"start":{"line":260,"column":42},"end":{"line":267,"column":7}},"line":260},"19":{"name":"(anonymous_19)","decl":{"start":{"line":261,"column":37},"end":{"line":261,"column":38}},"loc":{"start":{"line":261,"column":44},"end":{"line":261,"column":98}},"line":261},"20":{"name":"(anonymous_20)","decl":{"start":{"line":282,"column":37},"end":{"line":282,"column":38}},"loc":{"start":{"line":282,"column":44},"end":{"line":287,"column":7}},"line":282},"21":{"name":"(anonymous_21)","decl":{"start":{"line":312,"column":27},"end":{"line":312,"column":28}},"loc":{"start":{"line":312,"column":47},"end":{"line":315,"column":null}},"line":312},"22":{"name":"(anonymous_22)","decl":{"start":{"line":313,"column":30},"end":{"line":313,"column":31}},"loc":{"start":{"line":313,"column":38},"end":{"line":313,"column":90}},"line":313},"23":{"name":"(anonymous_23)","decl":{"start":{"line":317,"column":24},"end":{"line":317,"column":25}},"loc":{"start":{"line":317,"column":47},"end":{"line":319,"column":null}},"line":317},"24":{"name":"(anonymous_24)","decl":{"start":{"line":321,"column":25},"end":{"line":321,"column":26}},"loc":{"start":{"line":321,"column":51},"end":{"line":323,"column":null}},"line":321},"25":{"name":"(anonymous_25)","decl":{"start":{"line":322,"column":26},"end":{"line":322,"column":27}},"loc":{"start":{"line":322,"column":34},"end":{"line":322,"column":74}},"line":322},"26":{"name":"(anonymous_26)","decl":{"start":{"line":325,"column":27},"end":{"line":325,"column":28}},"loc":{"start":{"line":325,"column":47},"end":{"line":327,"column":null}},"line":325},"27":{"name":"(anonymous_27)","decl":{"start":{"line":326,"column":29},"end":{"line":326,"column":30}},"loc":{"start":{"line":326,"column":36},"end":{"line":326,"column":51}},"line":326},"28":{"name":"(anonymous_28)","decl":{"start":{"line":329,"column":26},"end":{"line":329,"column":32}},"loc":{"start":{"line":329,"column":32},"end":{"line":335,"column":null}},"line":329},"29":{"name":"(anonymous_29)","decl":{"start":{"line":337,"column":32},"end":{"line":337,"column":38}},"loc":{"start":{"line":337,"column":38},"end":{"line":340,"column":null}},"line":337},"30":{"name":"(anonymous_30)","decl":{"start":{"line":354,"column":21},"end":{"line":354,"column":22}},"loc":{"start":{"line":354,"column":30},"end":{"line":354,"column":null}},"line":354},"31":{"name":"(anonymous_31)","decl":{"start":{"line":367,"column":29},"end":{"line":367,"column":35}},"loc":{"start":{"line":367,"column":35},"end":{"line":367,"column":null}},"line":367},"32":{"name":"(anonymous_32)","decl":{"start":{"line":372,"column":25},"end":{"line":372,"column":31}},"loc":{"start":{"line":372,"column":31},"end":{"line":372,"column":null}},"line":372},"33":{"name":"(anonymous_33)","decl":{"start":{"line":393,"column":25},"end":{"line":393,"column":31}},"loc":{"start":{"line":393,"column":31},"end":{"line":393,"column":null}},"line":393},"34":{"name":"(anonymous_34)","decl":{"start":{"line":394,"column":33},"end":{"line":394,"column":39}},"loc":{"start":{"line":394,"column":39},"end":{"line":394,"column":null}},"line":394},"35":{"name":"(anonymous_35)","decl":{"start":{"line":411,"column":32},"end":{"line":411,"column":38}},"loc":{"start":{"line":411,"column":38},"end":{"line":411,"column":null}},"line":411},"36":{"name":"(anonymous_36)","decl":{"start":{"line":412,"column":30},"end":{"line":412,"column":36}},"loc":{"start":{"line":412,"column":36},"end":{"line":412,"column":null}},"line":412},"37":{"name":"(anonymous_37)","decl":{"start":{"line":440,"column":17},"end":{"line":440,"column":23}},"loc":{"start":{"line":440,"column":23},"end":{"line":440,"column":null}},"line":440},"38":{"name":"(anonymous_38)","decl":{"start":{"line":451,"column":17},"end":{"line":451,"column":23}},"loc":{"start":{"line":451,"column":23},"end":{"line":451,"column":null}},"line":451},"39":{"name":"(anonymous_39)","decl":{"start":{"line":458,"column":17},"end":{"line":458,"column":23}},"loc":{"start":{"line":458,"column":23},"end":{"line":458,"column":null}},"line":458},"40":{"name":"(anonymous_40)","decl":{"start":{"line":461,"column":26},"end":{"line":461,"column":27}},"loc":{"start":{"line":461,"column":37},"end":{"line":461,"column":null}},"line":461}},"branchMap":{"0":{"loc":{"start":{"line":47,"column":21},"end":{"line":47,"column":null}},"type":"binary-expr","locations":[{"start":{"line":47,"column":21},"end":{"line":47,"column":43}},{"start":{"line":47,"column":43},"end":{"line":47,"column":null}}],"line":47},"1":{"loc":{"start":{"line":51,"column":4},"end":{"line":53,"column":null}},"type":"if","locations":[{"start":{"line":51,"column":4},"end":{"line":53,"column":null}},{"start":{},"end":{}}],"line":51},"2":{"loc":{"start":{"line":110,"column":26},"end":{"line":110,"column":95}},"type":"default-arg","locations":[{"start":{"line":110,"column":81},"end":{"line":110,"column":95}}],"line":110},"3":{"loc":{"start":{"line":136,"column":24},"end":{"line":136,"column":null}},"type":"cond-expr","locations":[{"start":{"line":136,"column":50},"end":{"line":136,"column":56}},{"start":{"line":136,"column":56},"end":{"line":136,"column":null}}],"line":136},"4":{"loc":{"start":{"line":204,"column":50},"end":{"line":204,"column":119}},"type":"binary-expr","locations":[{"start":{"line":204,"column":50},"end":{"line":204,"column":76}},{"start":{"line":204,"column":76},"end":{"line":204,"column":119}}],"line":204},"5":{"loc":{"start":{"line":207,"column":23},"end":{"line":207,"column":null}},"type":"cond-expr","locations":[{"start":{"line":207,"column":84},"end":{"line":207,"column":88}},{"start":{"line":207,"column":88},"end":{"line":207,"column":null}}],"line":207},"6":{"loc":{"start":{"line":207,"column":23},"end":{"line":207,"column":84}},"type":"binary-expr","locations":[{"start":{"line":207,"column":23},"end":{"line":207,"column":54}},{"start":{"line":207,"column":54},"end":{"line":207,"column":84}}],"line":207},"7":{"loc":{"start":{"line":207,"column":88},"end":{"line":207,"column":null}},"type":"cond-expr","locations":[{"start":{"line":207,"column":119},"end":{"line":207,"column":123}},{"start":{"line":207,"column":123},"end":{"line":207,"column":null}}],"line":207},"8":{"loc":{"start":{"line":209,"column":4},"end":{"line":232,"column":null}},"type":"if","locations":[{"start":{"line":209,"column":4},"end":{"line":232,"column":null}},{"start":{"line":218,"column":11},"end":{"line":232,"column":null}}],"line":209},"9":{"loc":{"start":{"line":258,"column":4},"end":{"line":269,"column":null}},"type":"if","locations":[{"start":{"line":258,"column":4},"end":{"line":269,"column":null}},{"start":{},"end":{}}],"line":258},"10":{"loc":{"start":{"line":258,"column":8},"end":{"line":258,"column":55}},"type":"binary-expr","locations":[{"start":{"line":258,"column":8},"end":{"line":258,"column":27}},{"start":{"line":258,"column":27},"end":{"line":258,"column":55}}],"line":258},"11":{"loc":{"start":{"line":261,"column":44},"end":{"line":261,"column":98}},"type":"binary-expr","locations":[{"start":{"line":261,"column":44},"end":{"line":261,"column":70}},{"start":{"line":261,"column":70},"end":{"line":261,"column":98}}],"line":261},"12":{"loc":{"start":{"line":262,"column":8},"end":{"line":266,"column":null}},"type":"if","locations":[{"start":{"line":262,"column":8},"end":{"line":266,"column":null}},{"start":{"line":264,"column":15},"end":{"line":266,"column":null}}],"line":262},"13":{"loc":{"start":{"line":272,"column":4},"end":{"line":278,"column":null}},"type":"if","locations":[{"start":{"line":272,"column":4},"end":{"line":278,"column":null}},{"start":{},"end":{}}],"line":272},"14":{"loc":{"start":{"line":281,"column":4},"end":{"line":289,"column":null}},"type":"if","locations":[{"start":{"line":281,"column":4},"end":{"line":289,"column":null}},{"start":{},"end":{}}],"line":281},"15":{"loc":{"start":{"line":281,"column":8},"end":{"line":281,"column":60}},"type":"binary-expr","locations":[{"start":{"line":281,"column":8},"end":{"line":281,"column":45}},{"start":{"line":281,"column":45},"end":{"line":281,"column":60}}],"line":281},"16":{"loc":{"start":{"line":283,"column":8},"end":{"line":285,"column":null}},"type":"if","locations":[{"start":{"line":283,"column":8},"end":{"line":285,"column":null}},{"start":{},"end":{}}],"line":283},"17":{"loc":{"start":{"line":292,"column":4},"end":{"line":309,"column":null}},"type":"if","locations":[{"start":{"line":292,"column":4},"end":{"line":309,"column":null}},{"start":{},"end":{}}],"line":292},"18":{"loc":{"start":{"line":292,"column":8},"end":{"line":292,"column":59}},"type":"binary-expr","locations":[{"start":{"line":292,"column":8},"end":{"line":292,"column":25}},{"start":{"line":292,"column":25},"end":{"line":292,"column":46}},{"start":{"line":292,"column":46},"end":{"line":292,"column":59}}],"line":292},"19":{"loc":{"start":{"line":299,"column":18},"end":{"line":299,"column":null}},"type":"binary-expr","locations":[{"start":{"line":299,"column":18},"end":{"line":299,"column":37}},{"start":{"line":299,"column":37},"end":{"line":299,"column":null}}],"line":299},"20":{"loc":{"start":{"line":300,"column":27},"end":{"line":300,"column":null}},"type":"binary-expr","locations":[{"start":{"line":300,"column":27},"end":{"line":300,"column":47}},{"start":{"line":300,"column":47},"end":{"line":300,"column":null}}],"line":300},"21":{"loc":{"start":{"line":301,"column":19},"end":{"line":301,"column":null}},"type":"binary-expr","locations":[{"start":{"line":301,"column":19},"end":{"line":301,"column":39}},{"start":{"line":301,"column":39},"end":{"line":301,"column":null}}],"line":301},"22":{"loc":{"start":{"line":313,"column":38},"end":{"line":313,"column":90}},"type":"cond-expr","locations":[{"start":{"line":313,"column":56},"end":{"line":313,"column":88}},{"start":{"line":313,"column":88},"end":{"line":313,"column":90}}],"line":313},"23":{"loc":{"start":{"line":322,"column":34},"end":{"line":322,"column":74}},"type":"cond-expr","locations":[{"start":{"line":322,"column":59},"end":{"line":322,"column":72}},{"start":{"line":322,"column":72},"end":{"line":322,"column":74}}],"line":322},"24":{"loc":{"start":{"line":342,"column":2},"end":{"line":344,"column":null}},"type":"if","locations":[{"start":{"line":342,"column":2},"end":{"line":344,"column":null}},{"start":{},"end":{}}],"line":342},"25":{"loc":{"start":{"line":342,"column":6},"end":{"line":342,"column":30}},"type":"binary-expr","locations":[{"start":{"line":342,"column":6},"end":{"line":342,"column":20}},{"start":{"line":342,"column":20},"end":{"line":342,"column":30}}],"line":342},"26":{"loc":{"start":{"line":347,"column":36},"end":{"line":347,"column":117}},"type":"cond-expr","locations":[{"start":{"line":347,"column":56},"end":{"line":347,"column":88}},{"start":{"line":347,"column":88},"end":{"line":347,"column":117}}],"line":347},"27":{"loc":{"start":{"line":359,"column":9},"end":{"line":375,"column":null}},"type":"binary-expr","locations":[{"start":{"line":359,"column":9},"end":{"line":359,"column":null}},{"start":{"line":360,"column":10},"end":{"line":375,"column":null}}],"line":359},"28":{"loc":{"start":{"line":378,"column":9},"end":{"line":385,"column":null}},"type":"binary-expr","locations":[{"start":{"line":378,"column":9},"end":{"line":378,"column":null}},{"start":{"line":379,"column":10},"end":{"line":385,"column":null}}],"line":378},"29":{"loc":{"start":{"line":388,"column":9},"end":{"line":395,"column":null}},"type":"binary-expr","locations":[{"start":{"line":388,"column":9},"end":{"line":388,"column":null}},{"start":{"line":389,"column":10},"end":{"line":395,"column":null}}],"line":388},"30":{"loc":{"start":{"line":398,"column":9},"end":{"line":420,"column":null}},"type":"binary-expr","locations":[{"start":{"line":398,"column":9},"end":{"line":398,"column":null}},{"start":{"line":399,"column":10},"end":{"line":420,"column":null}}],"line":398},"31":{"loc":{"start":{"line":428,"column":7},"end":{"line":434,"column":null}},"type":"binary-expr","locations":[{"start":{"line":428,"column":7},"end":{"line":428,"column":null}},{"start":{"line":429,"column":8},"end":{"line":434,"column":null}}],"line":428}},"s":{"0":2,"1":20,"2":20,"3":20,"4":4,"5":4,"6":20,"7":20,"8":20,"9":20,"10":20,"11":20,"12":20,"13":20,"14":20,"15":20,"16":20,"17":20,"18":20,"19":20,"20":20,"21":20,"22":20,"23":1,"24":1,"25":20,"26":0,"27":0,"28":20,"29":1,"30":1,"31":20,"32":3,"33":3,"34":20,"35":5,"36":5,"37":20,"38":0,"39":0,"40":20,"41":0,"42":0,"43":20,"44":4,"45":4,"46":3,"47":12,"48":3,"49":3,"50":3,"51":3,"52":3,"53":0,"54":20,"55":0,"56":0,"57":0,"58":0,"59":0,"60":20,"61":0,"62":0,"63":0,"64":0,"65":20,"66":0,"67":0,"68":0,"69":0,"70":0,"71":0,"72":0,"73":0,"74":0,"75":0,"76":0,"77":0,"78":20,"79":0,"80":0,"81":0,"82":0,"83":0,"84":0,"85":0,"86":0,"87":0,"88":0,"89":0,"90":0,"91":0,"92":0,"93":0,"94":0,"95":0,"96":0,"97":0,"98":0,"99":20,"100":0,"101":0,"102":0,"103":20,"104":0,"105":20,"106":0,"107":0,"108":20,"109":0,"110":0,"111":20,"112":0,"113":0,"114":0,"115":0,"116":0,"117":20,"118":0,"119":0,"120":20,"121":0,"122":20,"123":2,"124":0,"125":1,"126":0,"127":0,"128":0,"129":0,"130":0,"131":0,"132":1,"133":1},"f":{"0":20,"1":4,"2":1,"3":0,"4":1,"5":3,"6":5,"7":0,"8":0,"9":4,"10":3,"11":12,"12":0,"13":0,"14":0,"15":0,"16":0,"17":0,"18":0,"19":0,"20":0,"21":0,"22":0,"23":0,"24":0,"25":0,"26":0,"27":0,"28":0,"29":0,"30":2,"31":0,"32":1,"33":0,"34":0,"35":0,"36":0,"37":0,"38":0,"39":1,"40":1},"b":{"0":[20,20],"1":[4,0],"2":[0],"3":[0,0],"4":[0,0],"5":[0,0],"6":[0,0],"7":[0,0],"8":[0,0],"9":[0,0],"10":[0,0],"11":[0,0],"12":[0,0],"13":[0,0],"14":[0,0],"15":[0,0],"16":[0,0],"17":[0,0],"18":[0,0,0],"19":[0,0],"20":[0,0],"21":[0,0],"22":[0,0],"23":[0,0],"24":[0,20],"25":[20,0],"26":[0,20],"27":[20,15],"28":[20,0],"29":[20,1],"30":[20,4],"31":[20,3]},"meta":{"lastBranch":32,"lastFunction":41,"lastStatement":134,"seen":{"s:45:29:471:Infinity":0,"f:45:29:45:35":0,"s:46:134:46:Infinity":1,"s:47:21:47:Infinity":2,"b:47:21:47:43:47:43:47:Infinity":0,"s:50:2:54:Infinity":3,"f:50:18:50:24":1,"b:51:4:53:Infinity:undefined:undefined:undefined:undefined":1,"s:51:4:53:Infinity":4,"s:52:6:52:Infinity":5,"s:57:32:57:Infinity":6,"s:58:35:58:Infinity":7,"s:59:29:59:Infinity":8,"s:60:36:60:Infinity":9,"s:61:42:61:Infinity":10,"s:64:38:64:Infinity":11,"s:65:30:65:Infinity":12,"s:66:40:66:Infinity":13,"s:67:24:67:Infinity":14,"s:70:34:70:Infinity":15,"s:71:48:71:Infinity":16,"s:72:38:72:Infinity":17,"s:73:36:73:Infinity":18,"s:74:46:74:Infinity":19,"s:75:32:75:Infinity":20,"s:76:32:76:Infinity":21,"s:79:22:82:Infinity":22,"f:79:22:79:23":2,"s:80:4:80:Infinity":23,"s:81:4:81:Infinity":24,"s:84:19:87:Infinity":25,"f:84:19:84:20":3,"s:85:4:85:Infinity":26,"s:86:4:86:Infinity":27,"s:89:29:92:Infinity":28,"f:89:29:89:30":4,"s:90:4:90:Infinity":29,"s:91:4:91:Infinity":30,"s:94:25:97:Infinity":31,"f:94:25:94:26":5,"s:95:4:95:Infinity":32,"s:96:4:96:Infinity":33,"s:99:30:102:Infinity":34,"f:99:30:99:31":6,"s:100:4:100:Infinity":35,"s:101:4:101:Infinity":36,"s:104:22:107:Infinity":37,"f:104:22:104:23":7,"s:105:4:105:Infinity":38,"s:106:4:106:Infinity":39,"s:110:25:113:Infinity":40,"f:110:25:110:26":8,"b:110:81:110:95":2,"s:111:4:111:Infinity":41,"s:112:4:112:Infinity":42,"s:115:28:132:Infinity":43,"f:115:28:115:34":9,"s:116:4:116:Infinity":44,"s:117:4:131:Infinity":45,"f:117:15:117:21":10,"s:119:28:122:Infinity":46,"f:119:41:119:42":11,"s:119:51:122:8":47,"s:123:6:123:Infinity":48,"s:124:6:127:Infinity":49,"s:128:6:128:Infinity":50,"s:129:6:129:Infinity":51,"s:130:6:130:Infinity":52,"f:130:17:130:23":12,"s:130:23:130:44":53,"s:134:32:164:Infinity":54,"f:134:32:134:33":13,"s:136:24:136:Infinity":55,"b:136:50:136:56:136:56:136:Infinity":3,"s:137:23:137:Infinity":56,"s:139:4:143:Infinity":57,"s:146:42:161:Infinity":58,"s:163:4:163:Infinity":59,"s:166:32:192:Infinity":60,"f:166:32:166:33":14,"s:167:23:167:Infinity":61,"s:168:4:172:Infinity":62,"s:174:42:189:Infinity":63,"s:191:4:191:Infinity":64,"s:194:26:253:Infinity":65,"f:194:26:194:27":15,"s:196:23:196:Infinity":66,"s:197:4:201:Infinity":67,"s:204:24:204:Infinity":68,"f:204:43:204:44":16,"s:204:50:204:119":69,"b:204:50:204:76:204:76:204:119":4,"s:205:22:205:Infinity":70,"s:207:23:207:Infinity":71,"b:207:84:207:88:207:88:207:Infinity":5,"b:207:23:207:54:207:54:207:84":6,"b:207:119:207:123:207:123:207:Infinity":7,"b:209:4:232:Infinity:218:11:232:Infinity":8,"s:209:4:232:Infinity":72,"s:210:6:217:Infinity":73,"s:219:6:231:Infinity":74,"s:234:4:234:Infinity":75,"s:237:37:250:Infinity":76,"s:252:4:252:Infinity":77,"s:256:31:310:Infinity":78,"f:256:31:256:32":17,"b:258:4:269:Infinity:undefined:undefined:undefined:undefined":9,"s:258:4:269:Infinity":79,"b:258:8:258:27:258:27:258:55":10,"s:259:21:259:Infinity":80,"s:260:6:267:Infinity":81,"f:260:30:260:31":18,"s:261:20:261:Infinity":82,"f:261:37:261:38":19,"s:261:44:261:98":83,"b:261:44:261:70:261:70:261:98":11,"b:262:8:266:Infinity:264:15:266:Infinity":12,"s:262:8:266:Infinity":84,"s:263:10:263:Infinity":85,"s:265:10:265:Infinity":86,"s:268:6:268:Infinity":87,"b:272:4:278:Infinity:undefined:undefined:undefined:undefined":13,"s:272:4:278:Infinity":88,"s:273:6:277:Infinity":89,"b:281:4:289:Infinity:undefined:undefined:undefined:undefined":14,"s:281:4:289:Infinity":90,"b:281:8:281:45:281:45:281:60":15,"s:282:27:287:Infinity":91,"f:282:37:282:38":20,"b:283:8:285:Infinity:undefined:undefined:undefined:undefined":16,"s:283:8:285:Infinity":92,"s:284:10:284:Infinity":93,"s:286:8:286:Infinity":94,"s:288:6:288:Infinity":95,"b:292:4:309:Infinity:undefined:undefined:undefined:undefined":17,"s:292:4:309:Infinity":96,"b:292:8:292:25:292:25:292:46:292:46:292:59":18,"s:293:39:307:Infinity":97,"b:299:18:299:37:299:37:299:Infinity":19,"b:300:27:300:47:300:47:300:Infinity":20,"b:301:19:301:39:301:39:301:Infinity":21,"s:308:6:308:Infinity":98,"s:312:27:315:Infinity":99,"f:312:27:312:28":21,"s:313:20:313:Infinity":100,"f:313:30:313:31":22,"s:313:38:313:90":101,"b:313:56:313:88:313:88:313:90":22,"s:314:4:314:Infinity":102,"s:317:24:319:Infinity":103,"f:317:24:317:25":23,"s:318:4:318:Infinity":104,"s:321:25:323:Infinity":105,"f:321:25:321:26":24,"s:322:4:322:Infinity":106,"f:322:26:322:27":25,"s:322:34:322:74":107,"b:322:59:322:72:322:72:322:74":23,"s:325:27:327:Infinity":108,"f:325:27:325:28":26,"s:326:4:326:Infinity":109,"f:326:29:326:30":27,"s:326:36:326:51":110,"s:329:26:335:Infinity":111,"f:329:26:329:32":28,"s:330:4:330:Infinity":112,"s:331:4:331:Infinity":113,"s:332:4:332:Infinity":114,"s:333:4:333:Infinity":115,"s:334:4:334:Infinity":116,"s:337:32:340:Infinity":117,"f:337:32:337:38":29,"s:338:4:338:Infinity":118,"s:339:4:339:Infinity":119,"b:342:2:344:Infinity:undefined:undefined:undefined:undefined":24,"s:342:2:344:Infinity":120,"b:342:6:342:20:342:20:342:30":25,"s:343:4:343:Infinity":121,"s:346:2:469:Infinity":122,"b:347:56:347:88:347:88:347:117":26,"f:354:21:354:22":30,"s:354:30:354:Infinity":123,"b:359:9:359:Infinity:360:10:375:Infinity":27,"f:367:29:367:35":31,"s:367:35:367:Infinity":124,"f:372:25:372:31":32,"s:372:31:372:Infinity":125,"b:378:9:378:Infinity:379:10:385:Infinity":28,"b:388:9:388:Infinity:389:10:395:Infinity":29,"f:393:25:393:31":33,"s:393:31:393:Infinity":126,"f:394:33:394:39":34,"s:394:39:394:Infinity":127,"b:398:9:398:Infinity:399:10:420:Infinity":30,"f:411:32:411:38":35,"s:411:38:411:Infinity":128,"f:412:30:412:36":36,"s:412:36:412:Infinity":129,"b:428:7:428:Infinity:429:8:434:Infinity":31,"f:440:17:440:23":37,"s:440:23:440:Infinity":130,"f:451:17:451:23":38,"s:451:23:451:Infinity":131,"f:458:17:458:23":39,"s:458:23:458:Infinity":132,"f:461:26:461:27":40,"s:461:37:461:Infinity":133},"fnNames":{}}}
,"/app/applet/src/components/AddTransactionModal.tsx": {"path":"/app/applet/src/components/AddTransactionModal.tsx","statementMap":{"0":{"start":{"line":14,"column":71},"end":{"line":224,"column":null}},"1":{"start":{"line":21,"column":26},"end":{"line":21,"column":null}},"2":{"start":{"line":22,"column":22},"end":{"line":22,"column":null}},"3":{"start":{"line":23,"column":30},"end":{"line":23,"column":null}},"4":{"start":{"line":24,"column":26},"end":{"line":24,"column":null}},"5":{"start":{"line":25,"column":24},"end":{"line":25,"column":null}},"6":{"start":{"line":26,"column":32},"end":{"line":26,"column":null}},"7":{"start":{"line":27,"column":24},"end":{"line":27,"column":null}},"8":{"start":{"line":29,"column":2},"end":{"line":29,"column":null}},"9":{"start":{"line":29,"column":15},"end":{"line":29,"column":null}},"10":{"start":{"line":31,"column":23},"end":{"line":55,"column":null}},"11":{"start":{"line":32,"column":4},"end":{"line":32,"column":null}},"12":{"start":{"line":33,"column":19},"end":{"line":33,"column":null}},"13":{"start":{"line":34,"column":4},"end":{"line":37,"column":null}},"14":{"start":{"line":35,"column":6},"end":{"line":35,"column":null}},"15":{"start":{"line":36,"column":6},"end":{"line":36,"column":null}},"16":{"start":{"line":39,"column":37},"end":{"line":51,"column":null}},"17":{"start":{"line":53,"column":4},"end":{"line":53,"column":null}},"18":{"start":{"line":54,"column":4},"end":{"line":54,"column":null}},"19":{"start":{"line":57,"column":2},"end":{"line":222,"column":null}},"20":{"start":{"line":88,"column":16},"end":{"line":103,"column":null}},"21":{"start":{"line":91,"column":33},"end":{"line":91,"column":null}},"22":{"start":{"line":116,"column":31},"end":{"line":116,"column":null}},"23":{"start":{"line":120,"column":31},"end":{"line":120,"column":40}},"24":{"start":{"line":122,"column":18},"end":{"line":124,"column":null}},"25":{"start":{"line":146,"column":31},"end":{"line":146,"column":null}},"26":{"start":{"line":160,"column":31},"end":{"line":160,"column":null}},"27":{"start":{"line":184,"column":31},"end":{"line":184,"column":null}},"28":{"start":{"line":199,"column":31},"end":{"line":199,"column":null}}},"fnMap":{"0":{"name":"(anonymous_0)","decl":{"start":{"line":14,"column":71},"end":{"line":14,"column":72}},"loc":{"start":{"line":20,"column":6},"end":{"line":224,"column":null}},"line":20},"1":{"name":"(anonymous_1)","decl":{"start":{"line":31,"column":23},"end":{"line":31,"column":24}},"loc":{"start":{"line":31,"column":47},"end":{"line":55,"column":null}},"line":31},"2":{"name":"(anonymous_2)","decl":{"start":{"line":87,"column":76},"end":{"line":87,"column":77}},"loc":{"start":{"line":88,"column":16},"end":{"line":103,"column":null}},"line":88},"3":{"name":"(anonymous_3)","decl":{"start":{"line":91,"column":27},"end":{"line":91,"column":33}},"loc":{"start":{"line":91,"column":33},"end":{"line":91,"column":null}},"line":91},"4":{"name":"(anonymous_4)","decl":{"start":{"line":116,"column":24},"end":{"line":116,"column":25}},"loc":{"start":{"line":116,"column":31},"end":{"line":116,"column":null}},"line":116},"5":{"name":"(anonymous_5)","decl":{"start":{"line":120,"column":24},"end":{"line":120,"column":25}},"loc":{"start":{"line":120,"column":31},"end":{"line":120,"column":40}},"line":120},"6":{"name":"(anonymous_6)","decl":{"start":{"line":121,"column":21},"end":{"line":121,"column":22}},"loc":{"start":{"line":122,"column":18},"end":{"line":124,"column":null}},"line":122},"7":{"name":"(anonymous_7)","decl":{"start":{"line":146,"column":24},"end":{"line":146,"column":25}},"loc":{"start":{"line":146,"column":31},"end":{"line":146,"column":null}},"line":146},"8":{"name":"(anonymous_8)","decl":{"start":{"line":160,"column":24},"end":{"line":160,"column":25}},"loc":{"start":{"line":160,"column":31},"end":{"line":160,"column":null}},"line":160},"9":{"name":"(anonymous_9)","decl":{"start":{"line":184,"column":24},"end":{"line":184,"column":25}},"loc":{"start":{"line":184,"column":31},"end":{"line":184,"column":null}},"line":184},"10":{"name":"(anonymous_10)","decl":{"start":{"line":199,"column":24},"end":{"line":199,"column":25}},"loc":{"start":{"line":199,"column":31},"end":{"line":199,"column":null}},"line":199}},"branchMap":{"0":{"loc":{"start":{"line":29,"column":2},"end":{"line":29,"column":null}},"type":"if","locations":[{"start":{"line":29,"column":2},"end":{"line":29,"column":null}},{"start":{},"end":{}}],"line":29},"1":{"loc":{"start":{"line":34,"column":4},"end":{"line":37,"column":null}},"type":"if","locations":[{"start":{"line":34,"column":4},"end":{"line":37,"column":null}},{"start":{},"end":{}}],"line":34},"2":{"loc":{"start":{"line":34,"column":8},"end":{"line":34,"column":38}},"type":"binary-expr","locations":[{"start":{"line":34,"column":8},"end":{"line":34,"column":25}},{"start":{"line":34,"column":25},"end":{"line":34,"column":38}}],"line":34},"3":{"loc":{"start":{"line":46,"column":25},"end":{"line":46,"column":null}},"type":"binary-expr","locations":[{"start":{"line":46,"column":25},"end":{"line":46,"column":41}},{"start":{"line":46,"column":41},"end":{"line":46,"column":null}}],"line":46},"4":{"loc":{"start":{"line":47,"column":17},"end":{"line":47,"column":null}},"type":"binary-expr","locations":[{"start":{"line":47,"column":17},"end":{"line":47,"column":37}},{"start":{"line":47,"column":37},"end":{"line":47,"column":null}}],"line":47},"5":{"loc":{"start":{"line":93,"column":20},"end":{"line":99,"column":null}},"type":"cond-expr","locations":[{"start":{"line":94,"column":24},"end":{"line":98,"column":null}},{"start":{"line":99,"column":24},"end":{"line":99,"column":null}}],"line":93},"6":{"loc":{"start":{"line":94,"column":24},"end":{"line":98,"column":null}},"type":"cond-expr","locations":[{"start":{"line":95,"column":26},"end":{"line":95,"column":null}},{"start":{"line":96,"column":26},"end":{"line":98,"column":null}}],"line":94},"7":{"loc":{"start":{"line":96,"column":26},"end":{"line":98,"column":null}},"type":"cond-expr","locations":[{"start":{"line":97,"column":26},"end":{"line":97,"column":null}},{"start":{"line":98,"column":26},"end":{"line":98,"column":null}}],"line":96},"8":{"loc":{"start":{"line":102,"column":19},"end":{"line":102,"column":null}},"type":"cond-expr","locations":[{"start":{"line":102,"column":29},"end":{"line":102,"column":64}},{"start":{"line":102,"column":64},"end":{"line":102,"column":null}}],"line":102},"9":{"loc":{"start":{"line":102,"column":64},"end":{"line":102,"column":null}},"type":"cond-expr","locations":[{"start":{"line":102,"column":74},"end":{"line":102,"column":111}},{"start":{"line":102,"column":107},"end":{"line":102,"column":null}}],"line":102},"10":{"loc":{"start":{"line":127,"column":15},"end":{"line":128,"column":null}},"type":"binary-expr","locations":[{"start":{"line":127,"column":15},"end":{"line":127,"column":77}},{"start":{"line":127,"column":77},"end":{"line":127,"column":null}},{"start":{"line":128,"column":16},"end":{"line":128,"column":null}}],"line":127},"11":{"loc":{"start":{"line":149,"column":13},"end":{"line":149,"column":null}},"type":"binary-expr","locations":[{"start":{"line":149,"column":13},"end":{"line":149,"column":22}},{"start":{"line":149,"column":22},"end":{"line":149,"column":null}}],"line":149}},"s":{"0":2,"1":21,"2":21,"3":21,"4":21,"5":21,"6":21,"7":21,"8":21,"9":19,"10":2,"11":1,"12":1,"13":1,"14":0,"15":0,"16":1,"17":1,"18":1,"19":2,"20":6,"21":0,"22":0,"23":48,"24":14,"25":1,"26":0,"27":0,"28":0},"f":{"0":21,"1":1,"2":6,"3":0,"4":0,"5":48,"6":14,"7":1,"8":0,"9":0,"10":0},"b":{"0":[19,2],"1":[0,1],"2":[1,1],"3":[1,1],"4":[1,1],"5":[2,4],"6":[0,2],"7":[2,0],"8":[2,4],"9":[2,2],"10":[2,0,0],"11":[21,0]},"meta":{"lastBranch":12,"lastFunction":11,"lastStatement":29,"seen":{"s:14:71:224:Infinity":0,"f:14:71:14:72":0,"s:21:26:21:Infinity":1,"s:22:22:22:Infinity":2,"s:23:30:23:Infinity":3,"s:24:26:24:Infinity":4,"s:25:24:25:Infinity":5,"s:26:32:26:Infinity":6,"s:27:24:27:Infinity":7,"b:29:2:29:Infinity:undefined:undefined:undefined:undefined":0,"s:29:2:29:Infinity":8,"s:29:15:29:Infinity":9,"s:31:23:55:Infinity":10,"f:31:23:31:24":1,"s:32:4:32:Infinity":11,"s:33:19:33:Infinity":12,"b:34:4:37:Infinity:undefined:undefined:undefined:undefined":1,"s:34:4:37:Infinity":13,"b:34:8:34:25:34:25:34:38":2,"s:35:6:35:Infinity":14,"s:36:6:36:Infinity":15,"s:39:37:51:Infinity":16,"b:46:25:46:41:46:41:46:Infinity":3,"b:47:17:47:37:47:37:47:Infinity":4,"s:53:4:53:Infinity":17,"s:54:4:54:Infinity":18,"s:57:2:222:Infinity":19,"f:87:76:87:77":2,"s:88:16:103:Infinity":20,"f:91:27:91:33":3,"s:91:33:91:Infinity":21,"b:94:24:98:Infinity:99:24:99:Infinity":5,"b:95:26:95:Infinity:96:26:98:Infinity":6,"b:97:26:97:Infinity:98:26:98:Infinity":7,"b:102:29:102:64:102:64:102:Infinity":8,"b:102:74:102:111:102:107:102:Infinity":9,"f:116:24:116:25":4,"s:116:31:116:Infinity":22,"f:120:24:120:25":5,"s:120:31:120:40":23,"f:121:21:121:22":6,"s:122:18:124:Infinity":24,"b:127:15:127:77:127:77:127:Infinity:128:16:128:Infinity":10,"f:146:24:146:25":7,"s:146:31:146:Infinity":25,"b:149:13:149:22:149:22:149:Infinity":11,"f:160:24:160:25":8,"s:160:31:160:Infinity":26,"f:184:24:184:25":9,"s:184:31:184:Infinity":27,"f:199:24:199:25":10,"s:199:31:199:Infinity":28},"fnNames":{}}}
,"/app/applet/src/components/BankEditModal.tsx": {"path":"/app/applet/src/components/BankEditModal.tsx","statementMap":{"0":{"start":{"line":14,"column":59},"end":{"line":220,"column":null}},"1":{"start":{"line":21,"column":36},"end":{"line":21,"column":null}},"2":{"start":{"line":22,"column":38},"end":{"line":22,"column":null}},"3":{"start":{"line":23,"column":30},"end":{"line":23,"column":null}},"4":{"start":{"line":24,"column":22},"end":{"line":24,"column":null}},"5":{"start":{"line":25,"column":32},"end":{"line":25,"column":null}},"6":{"start":{"line":26,"column":24},"end":{"line":26,"column":null}},"7":{"start":{"line":27,"column":24},"end":{"line":27,"column":null}},"8":{"start":{"line":29,"column":2},"end":{"line":46,"column":null}},"9":{"start":{"line":30,"column":4},"end":{"line":44,"column":null}},"10":{"start":{"line":31,"column":6},"end":{"line":31,"column":null}},"11":{"start":{"line":32,"column":6},"end":{"line":32,"column":null}},"12":{"start":{"line":33,"column":6},"end":{"line":33,"column":null}},"13":{"start":{"line":34,"column":6},"end":{"line":34,"column":null}},"14":{"start":{"line":35,"column":6},"end":{"line":35,"column":null}},"15":{"start":{"line":36,"column":6},"end":{"line":36,"column":null}},"16":{"start":{"line":38,"column":6},"end":{"line":38,"column":null}},"17":{"start":{"line":39,"column":6},"end":{"line":39,"column":null}},"18":{"start":{"line":40,"column":6},"end":{"line":40,"column":null}},"19":{"start":{"line":41,"column":6},"end":{"line":41,"column":null}},"20":{"start":{"line":42,"column":6},"end":{"line":42,"column":null}},"21":{"start":{"line":43,"column":6},"end":{"line":43,"column":null}},"22":{"start":{"line":45,"column":4},"end":{"line":45,"column":null}},"23":{"start":{"line":48,"column":2},"end":{"line":48,"column":null}},"24":{"start":{"line":48,"column":15},"end":{"line":48,"column":null}},"25":{"start":{"line":50,"column":23},"end":{"line":75,"column":null}},"26":{"start":{"line":51,"column":4},"end":{"line":51,"column":null}},"27":{"start":{"line":52,"column":4},"end":{"line":55,"column":null}},"28":{"start":{"line":53,"column":6},"end":{"line":53,"column":null}},"29":{"start":{"line":54,"column":6},"end":{"line":54,"column":null}},"30":{"start":{"line":57,"column":19},"end":{"line":57,"column":null}},"31":{"start":{"line":58,"column":25},"end":{"line":58,"column":null}},"32":{"start":{"line":58,"column":57},"end":{"line":58,"column":65}},"33":{"start":{"line":60,"column":31},"end":{"line":71,"column":null}},"34":{"start":{"line":73,"column":4},"end":{"line":73,"column":null}},"35":{"start":{"line":74,"column":4},"end":{"line":74,"column":null}},"36":{"start":{"line":77,"column":23},"end":{"line":84,"column":null}},"37":{"start":{"line":86,"column":2},"end":{"line":218,"column":null}},"38":{"start":{"line":118,"column":31},"end":{"line":118,"column":null}},"39":{"start":{"line":131,"column":31},"end":{"line":131,"column":null}},"40":{"start":{"line":144,"column":31},"end":{"line":144,"column":null}},"41":{"start":{"line":158,"column":33},"end":{"line":158,"column":null}},"42":{"start":{"line":170,"column":33},"end":{"line":170,"column":null}},"43":{"start":{"line":182,"column":16},"end":{"line":194,"column":null}},"44":{"start":{"line":185,"column":33},"end":{"line":185,"column":null}}},"fnMap":{"0":{"name":"(anonymous_0)","decl":{"start":{"line":14,"column":59},"end":{"line":14,"column":60}},"loc":{"start":{"line":20,"column":6},"end":{"line":220,"column":null}},"line":20},"1":{"name":"(anonymous_1)","decl":{"start":{"line":29,"column":12},"end":{"line":29,"column":18}},"loc":{"start":{"line":29,"column":18},"end":{"line":46,"column":5}},"line":29},"2":{"name":"(anonymous_2)","decl":{"start":{"line":50,"column":23},"end":{"line":50,"column":24}},"loc":{"start":{"line":50,"column":47},"end":{"line":75,"column":null}},"line":50},"3":{"name":"(anonymous_3)","decl":{"start":{"line":58,"column":50},"end":{"line":58,"column":51}},"loc":{"start":{"line":58,"column":57},"end":{"line":58,"column":65}},"line":58},"4":{"name":"(anonymous_4)","decl":{"start":{"line":118,"column":24},"end":{"line":118,"column":25}},"loc":{"start":{"line":118,"column":31},"end":{"line":118,"column":null}},"line":118},"5":{"name":"(anonymous_5)","decl":{"start":{"line":131,"column":24},"end":{"line":131,"column":25}},"loc":{"start":{"line":131,"column":31},"end":{"line":131,"column":null}},"line":131},"6":{"name":"(anonymous_6)","decl":{"start":{"line":144,"column":24},"end":{"line":144,"column":25}},"loc":{"start":{"line":144,"column":31},"end":{"line":144,"column":null}},"line":144},"7":{"name":"(anonymous_7)","decl":{"start":{"line":158,"column":26},"end":{"line":158,"column":27}},"loc":{"start":{"line":158,"column":33},"end":{"line":158,"column":null}},"line":158},"8":{"name":"(anonymous_8)","decl":{"start":{"line":170,"column":26},"end":{"line":170,"column":27}},"loc":{"start":{"line":170,"column":33},"end":{"line":170,"column":null}},"line":170},"9":{"name":"(anonymous_9)","decl":{"start":{"line":181,"column":32},"end":{"line":181,"column":33}},"loc":{"start":{"line":182,"column":16},"end":{"line":194,"column":null}},"line":182},"10":{"name":"(anonymous_10)","decl":{"start":{"line":185,"column":27},"end":{"line":185,"column":33}},"loc":{"start":{"line":185,"column":33},"end":{"line":185,"column":null}},"line":185}},"branchMap":{"0":{"loc":{"start":{"line":30,"column":4},"end":{"line":44,"column":null}},"type":"if","locations":[{"start":{"line":30,"column":4},"end":{"line":44,"column":null}},{"start":{"line":37,"column":11},"end":{"line":44,"column":null}}],"line":30},"1":{"loc":{"start":{"line":48,"column":2},"end":{"line":48,"column":null}},"type":"if","locations":[{"start":{"line":48,"column":2},"end":{"line":48,"column":null}},{"start":{},"end":{}}],"line":48},"2":{"loc":{"start":{"line":52,"column":4},"end":{"line":55,"column":null}},"type":"if","locations":[{"start":{"line":52,"column":4},"end":{"line":55,"column":null}},{"start":{},"end":{}}],"line":52},"3":{"loc":{"start":{"line":52,"column":8},"end":{"line":52,"column":53}},"type":"binary-expr","locations":[{"start":{"line":52,"column":8},"end":{"line":52,"column":31}},{"start":{"line":52,"column":31},"end":{"line":52,"column":53}}],"line":52},"4":{"loc":{"start":{"line":57,"column":19},"end":{"line":57,"column":null}},"type":"cond-expr","locations":[{"start":{"line":57,"column":32},"end":{"line":57,"column":48}},{"start":{"line":57,"column":48},"end":{"line":57,"column":null}}],"line":57},"5":{"loc":{"start":{"line":64,"column":16},"end":{"line":64,"column":null}},"type":"binary-expr","locations":[{"start":{"line":64,"column":16},"end":{"line":64,"column":35}},{"start":{"line":64,"column":35},"end":{"line":64,"column":null}}],"line":64},"6":{"loc":{"start":{"line":65,"column":17},"end":{"line":65,"column":null}},"type":"cond-expr","locations":[{"start":{"line":65,"column":43},"end":{"line":65,"column":58}},{"start":{"line":65,"column":58},"end":{"line":65,"column":null}}],"line":65},"7":{"loc":{"start":{"line":66,"column":12},"end":{"line":66,"column":null}},"type":"binary-expr","locations":[{"start":{"line":66,"column":12},"end":{"line":66,"column":27}},{"start":{"line":66,"column":27},"end":{"line":66,"column":null}}],"line":66},"8":{"loc":{"start":{"line":69,"column":15},"end":{"line":69,"column":null}},"type":"cond-expr","locations":[{"start":{"line":69,"column":28},"end":{"line":69,"column":49}},{"start":{"line":69,"column":49},"end":{"line":69,"column":null}}],"line":69},"9":{"loc":{"start":{"line":70,"column":22},"end":{"line":70,"column":null}},"type":"cond-expr","locations":[{"start":{"line":70,"column":35},"end":{"line":70,"column":63}},{"start":{"line":70,"column":63},"end":{"line":70,"column":null}}],"line":70},"10":{"loc":{"start":{"line":96,"column":17},"end":{"line":96,"column":null}},"type":"cond-expr","locations":[{"start":{"line":96,"column":30},"end":{"line":96,"column":58}},{"start":{"line":96,"column":58},"end":{"line":96,"column":null}}],"line":96},"11":{"loc":{"start":{"line":187,"column":20},"end":{"line":189,"column":null}},"type":"cond-expr","locations":[{"start":{"line":188,"column":24},"end":{"line":188,"column":null}},{"start":{"line":189,"column":24},"end":{"line":189,"column":null}}],"line":187},"12":{"loc":{"start":{"line":199,"column":11},"end":{"line":199,"column":null}},"type":"binary-expr","locations":[{"start":{"line":199,"column":11},"end":{"line":199,"column":20}},{"start":{"line":199,"column":20},"end":{"line":199,"column":null}}],"line":199},"13":{"loc":{"start":{"line":213,"column":15},"end":{"line":213,"column":null}},"type":"cond-expr","locations":[{"start":{"line":213,"column":28},"end":{"line":213,"column":45}},{"start":{"line":213,"column":45},"end":{"line":213,"column":null}}],"line":213}},"s":{"0":2,"1":5,"2":5,"3":5,"4":5,"5":5,"6":5,"7":5,"8":5,"9":2,"10":0,"11":0,"12":0,"13":0,"14":0,"15":0,"16":2,"17":2,"18":2,"19":2,"20":2,"21":2,"22":2,"23":5,"24":5,"25":0,"26":0,"27":0,"28":0,"29":0,"30":0,"31":0,"32":0,"33":0,"34":0,"35":0,"36":0,"37":0,"38":0,"39":0,"40":0,"41":0,"42":0,"43":0,"44":0},"f":{"0":5,"1":2,"2":0,"3":0,"4":0,"5":0,"6":0,"7":0,"8":0,"9":0,"10":0},"b":{"0":[0,2],"1":[5,0],"2":[0,0],"3":[0,0],"4":[0,0],"5":[0,0],"6":[0,0],"7":[0,0],"8":[0,0],"9":[0,0],"10":[0,0],"11":[0,0],"12":[5,0],"13":[0,0]},"meta":{"lastBranch":14,"lastFunction":11,"lastStatement":45,"seen":{"s:14:59:220:Infinity":0,"f:14:59:14:60":0,"s:21:36:21:Infinity":1,"s:22:38:22:Infinity":2,"s:23:30:23:Infinity":3,"s:24:22:24:Infinity":4,"s:25:32:25:Infinity":5,"s:26:24:26:Infinity":6,"s:27:24:27:Infinity":7,"s:29:2:46:Infinity":8,"f:29:12:29:18":1,"b:30:4:44:Infinity:37:11:44:Infinity":0,"s:30:4:44:Infinity":9,"s:31:6:31:Infinity":10,"s:32:6:32:Infinity":11,"s:33:6:33:Infinity":12,"s:34:6:34:Infinity":13,"s:35:6:35:Infinity":14,"s:36:6:36:Infinity":15,"s:38:6:38:Infinity":16,"s:39:6:39:Infinity":17,"s:40:6:40:Infinity":18,"s:41:6:41:Infinity":19,"s:42:6:42:Infinity":20,"s:43:6:43:Infinity":21,"s:45:4:45:Infinity":22,"b:48:2:48:Infinity:undefined:undefined:undefined:undefined":1,"s:48:2:48:Infinity":23,"s:48:15:48:Infinity":24,"s:50:23:75:Infinity":25,"f:50:23:50:24":2,"s:51:4:51:Infinity":26,"b:52:4:55:Infinity:undefined:undefined:undefined:undefined":2,"s:52:4:55:Infinity":27,"b:52:8:52:31:52:31:52:53":3,"s:53:6:53:Infinity":28,"s:54:6:54:Infinity":29,"s:57:19:57:Infinity":30,"b:57:32:57:48:57:48:57:Infinity":4,"s:58:25:58:Infinity":31,"f:58:50:58:51":3,"s:58:57:58:65":32,"s:60:31:71:Infinity":33,"b:64:16:64:35:64:35:64:Infinity":5,"b:65:43:65:58:65:58:65:Infinity":6,"b:66:12:66:27:66:27:66:Infinity":7,"b:69:28:69:49:69:49:69:Infinity":8,"b:70:35:70:63:70:63:70:Infinity":9,"s:73:4:73:Infinity":34,"s:74:4:74:Infinity":35,"s:77:23:84:Infinity":36,"s:86:2:218:Infinity":37,"b:96:30:96:58:96:58:96:Infinity":10,"f:118:24:118:25":4,"s:118:31:118:Infinity":38,"f:131:24:131:25":5,"s:131:31:131:Infinity":39,"f:144:24:144:25":6,"s:144:31:144:Infinity":40,"f:158:26:158:27":7,"s:158:33:158:Infinity":41,"f:170:26:170:27":8,"s:170:33:170:Infinity":42,"f:181:32:181:33":9,"s:182:16:194:Infinity":43,"f:185:27:185:33":10,"s:185:33:185:Infinity":44,"b:188:24:188:Infinity:189:24:189:Infinity":11,"b:199:11:199:20:199:20:199:Infinity":12,"b:213:28:213:45:213:45:213:Infinity":13},"fnNames":{}}}
,"/app/applet/src/components/BiometricProvider.tsx": {"path":"/app/applet/src/components/BiometricProvider.tsx","statementMap":{"0":{"start":{"line":19,"column":6},"end":{"line":19,"column":null}},"1":{"start":{"line":21,"column":32},"end":{"line":72,"column":null}},"2":{"start":{"line":22,"column":30},"end":{"line":22,"column":null}},"3":{"start":{"line":23,"column":32},"end":{"line":23,"column":null}},"4":{"start":{"line":24,"column":50},"end":{"line":24,"column":null}},"5":{"start":{"line":25,"column":38},"end":{"line":25,"column":null}},"6":{"start":{"line":26,"column":48},"end":{"line":26,"column":null}},"7":{"start":{"line":28,"column":30},"end":{"line":33,"column":null}},"8":{"start":{"line":29,"column":20},"end":{"line":29,"column":null}},"9":{"start":{"line":30,"column":4},"end":{"line":32,"column":null}},"10":{"start":{"line":31,"column":6},"end":{"line":31,"column":null}},"11":{"start":{"line":35,"column":24},"end":{"line":41,"column":null}},"12":{"start":{"line":36,"column":4},"end":{"line":39,"column":null}},"13":{"start":{"line":37,"column":6},"end":{"line":37,"column":null}},"14":{"start":{"line":38,"column":6},"end":{"line":38,"column":null}},"15":{"start":{"line":40,"column":4},"end":{"line":40,"column":null}},"16":{"start":{"line":43,"column":15},"end":{"line":45,"column":null}},"17":{"start":{"line":44,"column":4},"end":{"line":44,"column":null}},"18":{"start":{"line":47,"column":17},"end":{"line":50,"column":null}},"19":{"start":{"line":48,"column":4},"end":{"line":48,"column":null}},"20":{"start":{"line":49,"column":4},"end":{"line":49,"column":null}},"21":{"start":{"line":52,"column":30},"end":{"line":55,"column":null}},"22":{"start":{"line":53,"column":6},"end":{"line":53,"column":null}},"23":{"start":{"line":54,"column":6},"end":{"line":54,"column":null}},"24":{"start":{"line":57,"column":24},"end":{"line":60,"column":null}},"25":{"start":{"line":58,"column":6},"end":{"line":58,"column":null}},"26":{"start":{"line":59,"column":6},"end":{"line":59,"column":null}},"27":{"start":{"line":62,"column":29},"end":{"line":65,"column":null}},"28":{"start":{"line":63,"column":6},"end":{"line":63,"column":null}},"29":{"start":{"line":64,"column":6},"end":{"line":64,"column":null}},"30":{"start":{"line":67,"column":2},"end":{"line":70,"column":null}},"31":{"start":{"line":74,"column":27},"end":{"line":80,"column":null}},"32":{"start":{"line":75,"column":8},"end":{"line":75,"column":null}},"33":{"start":{"line":76,"column":2},"end":{"line":78,"column":null}},"34":{"start":{"line":77,"column":4},"end":{"line":77,"column":null}},"35":{"start":{"line":79,"column":2},"end":{"line":79,"column":null}}},"fnMap":{"0":{"name":"(anonymous_0)","decl":{"start":{"line":21,"column":32},"end":{"line":21,"column":33}},"loc":{"start":{"line":21,"column":75},"end":{"line":72,"column":null}},"line":21},"1":{"name":"(anonymous_1)","decl":{"start":{"line":28,"column":30},"end":{"line":28,"column":42}},"loc":{"start":{"line":28,"column":42},"end":{"line":33,"column":null}},"line":28},"2":{"name":"(anonymous_2)","decl":{"start":{"line":35,"column":24},"end":{"line":35,"column":25}},"loc":{"start":{"line":35,"column":41},"end":{"line":41,"column":null}},"line":35},"3":{"name":"(anonymous_3)","decl":{"start":{"line":43,"column":15},"end":{"line":43,"column":21}},"loc":{"start":{"line":43,"column":21},"end":{"line":45,"column":null}},"line":43},"4":{"name":"(anonymous_4)","decl":{"start":{"line":47,"column":17},"end":{"line":47,"column":18}},"loc":{"start":{"line":47,"column":34},"end":{"line":50,"column":null}},"line":47},"5":{"name":"(anonymous_5)","decl":{"start":{"line":52,"column":30},"end":{"line":52,"column":31}},"loc":{"start":{"line":52,"column":52},"end":{"line":55,"column":null}},"line":52},"6":{"name":"(anonymous_6)","decl":{"start":{"line":57,"column":24},"end":{"line":57,"column":25}},"loc":{"start":{"line":57,"column":46},"end":{"line":60,"column":null}},"line":57},"7":{"name":"(anonymous_7)","decl":{"start":{"line":62,"column":29},"end":{"line":62,"column":30}},"loc":{"start":{"line":62,"column":51},"end":{"line":65,"column":null}},"line":62},"8":{"name":"(anonymous_8)","decl":{"start":{"line":74,"column":27},"end":{"line":74,"column":33}},"loc":{"start":{"line":74,"column":33},"end":{"line":80,"column":null}},"line":74}},"branchMap":{"0":{"loc":{"start":{"line":30,"column":4},"end":{"line":32,"column":null}},"type":"if","locations":[{"start":{"line":30,"column":4},"end":{"line":32,"column":null}},{"start":{},"end":{}}],"line":30},"1":{"loc":{"start":{"line":36,"column":4},"end":{"line":39,"column":null}},"type":"if","locations":[{"start":{"line":36,"column":4},"end":{"line":39,"column":null}},{"start":{},"end":{}}],"line":36},"2":{"loc":{"start":{"line":76,"column":2},"end":{"line":78,"column":null}},"type":"if","locations":[{"start":{"line":76,"column":2},"end":{"line":78,"column":null}},{"start":{},"end":{}}],"line":76}},"s":{"0":3,"1":3,"2":7,"3":7,"4":7,"5":7,"6":7,"7":7,"8":0,"9":0,"10":0,"11":7,"12":1,"13":0,"14":0,"15":1,"16":7,"17":0,"18":7,"19":1,"20":1,"21":7,"22":0,"23":0,"24":7,"25":0,"26":0,"27":7,"28":0,"29":0,"30":7,"31":3,"32":24,"33":24,"34":0,"35":24},"f":{"0":7,"1":0,"2":1,"3":0,"4":1,"5":0,"6":0,"7":0,"8":24},"b":{"0":[0,0],"1":[0,1],"2":[0,24]},"meta":{"lastBranch":3,"lastFunction":9,"lastStatement":36,"seen":{"s:19:6:19:Infinity":0,"s:21:32:72:Infinity":1,"f:21:32:21:33":0,"s:22:30:22:Infinity":2,"s:23:32:23:Infinity":3,"s:24:50:24:Infinity":4,"s:25:38:25:Infinity":5,"s:26:48:26:Infinity":6,"s:28:30:33:Infinity":7,"f:28:30:28:42":1,"s:29:20:29:Infinity":8,"b:30:4:32:Infinity:undefined:undefined:undefined:undefined":0,"s:30:4:32:Infinity":9,"s:31:6:31:Infinity":10,"s:35:24:41:Infinity":11,"f:35:24:35:25":2,"b:36:4:39:Infinity:undefined:undefined:undefined:undefined":1,"s:36:4:39:Infinity":12,"s:37:6:37:Infinity":13,"s:38:6:38:Infinity":14,"s:40:4:40:Infinity":15,"s:43:15:45:Infinity":16,"f:43:15:43:21":3,"s:44:4:44:Infinity":17,"s:47:17:50:Infinity":18,"f:47:17:47:18":4,"s:48:4:48:Infinity":19,"s:49:4:49:Infinity":20,"s:52:30:55:Infinity":21,"f:52:30:52:31":5,"s:53:6:53:Infinity":22,"s:54:6:54:Infinity":23,"s:57:24:60:Infinity":24,"f:57:24:57:25":6,"s:58:6:58:Infinity":25,"s:59:6:59:Infinity":26,"s:62:29:65:Infinity":27,"f:62:29:62:30":7,"s:63:6:63:Infinity":28,"s:64:6:64:Infinity":29,"s:67:2:70:Infinity":30,"s:74:27:80:Infinity":31,"f:74:27:74:33":8,"s:75:8:75:Infinity":32,"b:76:2:78:Infinity:undefined:undefined:undefined:undefined":2,"s:76:2:78:Infinity":33,"s:77:4:77:Infinity":34,"s:79:2:79:Infinity":35},"fnNames":{}}}
,"/app/applet/src/components/ExportPreviewModal.tsx": {"path":"/app/applet/src/components/ExportPreviewModal.tsx","statementMap":{"0":{"start":{"line":18,"column":69},"end":{"line":132,"column":null}},"1":{"start":{"line":28,"column":2},"end":{"line":28,"column":null}},"2":{"start":{"line":28,"column":15},"end":{"line":28,"column":null}},"3":{"start":{"line":30,"column":15},"end":{"line":33,"column":null}},"4":{"start":{"line":35,"column":2},"end":{"line":130,"column":null}},"5":{"start":{"line":80,"column":22},"end":{"line":80,"column":null}},"6":{"start":{"line":102,"column":20},"end":{"line":107,"column":null}}},"fnMap":{"0":{"name":"(anonymous_0)","decl":{"start":{"line":18,"column":69},"end":{"line":18,"column":70}},"loc":{"start":{"line":27,"column":6},"end":{"line":132,"column":null}},"line":27},"1":{"name":"(anonymous_1)","decl":{"start":{"line":79,"column":30},"end":{"line":79,"column":31}},"loc":{"start":{"line":80,"column":22},"end":{"line":80,"column":null}},"line":80},"2":{"name":"(anonymous_2)","decl":{"start":{"line":101,"column":49},"end":{"line":101,"column":50}},"loc":{"start":{"line":102,"column":20},"end":{"line":107,"column":null}},"line":102}},"branchMap":{"0":{"loc":{"start":{"line":28,"column":2},"end":{"line":28,"column":null}},"type":"if","locations":[{"start":{"line":28,"column":2},"end":{"line":28,"column":null}},{"start":{},"end":{}}],"line":28},"1":{"loc":{"start":{"line":103,"column":72},"end":{"line":103,"column":102}},"type":"binary-expr","locations":[{"start":{"line":103,"column":72},"end":{"line":103,"column":96}},{"start":{"line":103,"column":96},"end":{"line":103,"column":102}}],"line":103},"2":{"loc":{"start":{"line":109,"column":19},"end":{"line":112,"column":null}},"type":"binary-expr","locations":[{"start":{"line":109,"column":19},"end":{"line":109,"column":null}},{"start":{"line":110,"column":20},"end":{"line":112,"column":null}}],"line":109}},"s":{"0":3,"1":2,"2":2,"3":0,"4":0,"5":0,"6":0},"f":{"0":2,"1":0,"2":0},"b":{"0":[2,0],"1":[0,0],"2":[0,0]},"meta":{"lastBranch":3,"lastFunction":3,"lastStatement":7,"seen":{"s:18:69:132:Infinity":0,"f:18:69:18:70":0,"b:28:2:28:Infinity:undefined:undefined:undefined:undefined":0,"s:28:2:28:Infinity":1,"s:28:15:28:Infinity":2,"s:30:15:33:Infinity":3,"s:35:2:130:Infinity":4,"f:79:30:79:31":1,"s:80:22:80:Infinity":5,"f:101:49:101:50":2,"s:102:20:107:Infinity":6,"b:103:72:103:96:103:96:103:102":1,"b:109:19:109:Infinity:110:20:112:Infinity":2},"fnNames":{}}}
,"/app/applet/src/components/Navbar.tsx": {"path":"/app/applet/src/components/Navbar.tsx","statementMap":{"0":{"start":{"line":15,"column":45},"end":{"line":78,"column":null}},"1":{"start":{"line":22,"column":2},"end":{"line":76,"column":null}},"2":{"start":{"line":28,"column":25},"end":{"line":28,"column":null}},"3":{"start":{"line":51,"column":29},"end":{"line":51,"column":null}},"4":{"start":{"line":63,"column":29},"end":{"line":63,"column":null}},"5":{"start":{"line":84,"column":5},"end":{"line":132,"column":null}},"6":{"start":{"line":85,"column":2},"end":{"line":130,"column":null}},"7":{"start":{"line":89,"column":23},"end":{"line":89,"column":null}},"8":{"start":{"line":100,"column":23},"end":{"line":100,"column":null}},"9":{"start":{"line":111,"column":23},"end":{"line":111,"column":null}},"10":{"start":{"line":122,"column":23},"end":{"line":122,"column":null}}},"fnMap":{"0":{"name":"(anonymous_0)","decl":{"start":{"line":15,"column":45},"end":{"line":15,"column":46}},"loc":{"start":{"line":21,"column":6},"end":{"line":78,"column":null}},"line":21},"1":{"name":"(anonymous_1)","decl":{"start":{"line":28,"column":19},"end":{"line":28,"column":25}},"loc":{"start":{"line":28,"column":25},"end":{"line":28,"column":null}},"line":28},"2":{"name":"(anonymous_2)","decl":{"start":{"line":51,"column":23},"end":{"line":51,"column":29}},"loc":{"start":{"line":51,"column":29},"end":{"line":51,"column":null}},"line":51},"3":{"name":"(anonymous_3)","decl":{"start":{"line":63,"column":23},"end":{"line":63,"column":29}},"loc":{"start":{"line":63,"column":29},"end":{"line":63,"column":null}},"line":63},"4":{"name":"(anonymous_4)","decl":{"start":{"line":84,"column":5},"end":{"line":84,"column":6}},"loc":{"start":{"line":84,"column":48},"end":{"line":132,"column":null}},"line":84},"5":{"name":"(anonymous_5)","decl":{"start":{"line":89,"column":17},"end":{"line":89,"column":23}},"loc":{"start":{"line":89,"column":23},"end":{"line":89,"column":null}},"line":89},"6":{"name":"(anonymous_6)","decl":{"start":{"line":100,"column":17},"end":{"line":100,"column":23}},"loc":{"start":{"line":100,"column":23},"end":{"line":100,"column":null}},"line":100},"7":{"name":"(anonymous_7)","decl":{"start":{"line":111,"column":17},"end":{"line":111,"column":23}},"loc":{"start":{"line":111,"column":23},"end":{"line":111,"column":null}},"line":111},"8":{"name":"(anonymous_8)","decl":{"start":{"line":122,"column":17},"end":{"line":122,"column":23}},"loc":{"start":{"line":122,"column":23},"end":{"line":122,"column":null}},"line":122}},"branchMap":{"0":{"loc":{"start":{"line":53,"column":16},"end":{"line":55,"column":null}},"type":"cond-expr","locations":[{"start":{"line":54,"column":20},"end":{"line":54,"column":null}},{"start":{"line":55,"column":20},"end":{"line":55,"column":null}}],"line":53},"1":{"loc":{"start":{"line":65,"column":16},"end":{"line":67,"column":null}},"type":"cond-expr","locations":[{"start":{"line":66,"column":20},"end":{"line":66,"column":null}},{"start":{"line":67,"column":20},"end":{"line":67,"column":null}}],"line":65},"2":{"loc":{"start":{"line":91,"column":10},"end":{"line":91,"column":null}},"type":"cond-expr","locations":[{"start":{"line":91,"column":33},"end":{"line":91,"column":64}},{"start":{"line":91,"column":64},"end":{"line":91,"column":null}}],"line":91},"3":{"loc":{"start":{"line":102,"column":10},"end":{"line":102,"column":null}},"type":"cond-expr","locations":[{"start":{"line":102,"column":36},"end":{"line":102,"column":67}},{"start":{"line":102,"column":67},"end":{"line":102,"column":null}}],"line":102},"4":{"loc":{"start":{"line":113,"column":10},"end":{"line":113,"column":null}},"type":"cond-expr","locations":[{"start":{"line":113,"column":41},"end":{"line":113,"column":72}},{"start":{"line":113,"column":72},"end":{"line":113,"column":null}}],"line":113},"5":{"loc":{"start":{"line":124,"column":10},"end":{"line":124,"column":null}},"type":"cond-expr","locations":[{"start":{"line":124,"column":37},"end":{"line":124,"column":68}},{"start":{"line":124,"column":68},"end":{"line":124,"column":null}}],"line":124}},"s":{"0":4,"1":26,"2":0,"3":1,"4":3,"5":4,"6":22,"7":2,"8":2,"9":1,"10":2},"f":{"0":26,"1":0,"2":1,"3":3,"4":22,"5":2,"6":2,"7":1,"8":2},"b":{"0":[25,1],"1":[1,25],"2":[17,5],"3":[0,22],"4":[1,21],"5":[4,18]},"meta":{"lastBranch":6,"lastFunction":9,"lastStatement":11,"seen":{"s:15:45:78:Infinity":0,"f:15:45:15:46":0,"s:22:2:76:Infinity":1,"f:28:19:28:25":1,"s:28:25:28:Infinity":2,"f:51:23:51:29":2,"s:51:29:51:Infinity":3,"b:54:20:54:Infinity:55:20:55:Infinity":0,"f:63:23:63:29":3,"s:63:29:63:Infinity":4,"b:66:20:66:Infinity:67:20:67:Infinity":1,"s:84:5:132:Infinity":5,"f:84:5:84:6":4,"s:85:2:130:Infinity":6,"f:89:17:89:23":5,"s:89:23:89:Infinity":7,"b:91:33:91:64:91:64:91:Infinity":2,"f:100:17:100:23":6,"s:100:23:100:Infinity":8,"b:102:36:102:67:102:67:102:Infinity":3,"f:111:17:111:23":7,"s:111:23:111:Infinity":9,"b:113:41:113:72:113:72:113:Infinity":4,"f:122:17:122:23":8,"s:122:23:122:Infinity":10,"b:124:37:124:68:124:68:124:Infinity":5},"fnNames":{}}}
,"/app/applet/src/components/OnboardingModal.tsx": {"path":"/app/applet/src/components/OnboardingModal.tsx","statementMap":{"0":{"start":{"line":13,"column":63},"end":{"line":105,"column":null}},"1":{"start":{"line":14,"column":22},"end":{"line":14,"column":null}},"2":{"start":{"line":16,"column":2},"end":{"line":16,"column":null}},"3":{"start":{"line":16,"column":15},"end":{"line":16,"column":null}},"4":{"start":{"line":18,"column":16},"end":{"line":42,"column":null}},"5":{"start":{"line":44,"column":21},"end":{"line":50,"column":null}},"6":{"start":{"line":45,"column":4},"end":{"line":49,"column":null}},"7":{"start":{"line":46,"column":6},"end":{"line":46,"column":null}},"8":{"start":{"line":48,"column":6},"end":{"line":48,"column":null}},"9":{"start":{"line":52,"column":2},"end":{"line":103,"column":null}},"10":{"start":{"line":72,"column":12},"end":{"line":77,"column":null}},"11":{"start":{"line":84,"column":29},"end":{"line":84,"column":null}}},"fnMap":{"0":{"name":"(anonymous_0)","decl":{"start":{"line":13,"column":63},"end":{"line":13,"column":64}},"loc":{"start":{"line":13,"column":98},"end":{"line":105,"column":null}},"line":13},"1":{"name":"(anonymous_1)","decl":{"start":{"line":44,"column":21},"end":{"line":44,"column":27}},"loc":{"start":{"line":44,"column":27},"end":{"line":50,"column":null}},"line":44},"2":{"name":"(anonymous_2)","decl":{"start":{"line":71,"column":21},"end":{"line":71,"column":22}},"loc":{"start":{"line":72,"column":12},"end":{"line":77,"column":null}},"line":72},"3":{"name":"(anonymous_3)","decl":{"start":{"line":84,"column":23},"end":{"line":84,"column":29}},"loc":{"start":{"line":84,"column":29},"end":{"line":84,"column":null}},"line":84}},"branchMap":{"0":{"loc":{"start":{"line":16,"column":2},"end":{"line":16,"column":null}},"type":"if","locations":[{"start":{"line":16,"column":2},"end":{"line":16,"column":null}},{"start":{},"end":{}}],"line":16},"1":{"loc":{"start":{"line":45,"column":4},"end":{"line":49,"column":null}},"type":"if","locations":[{"start":{"line":45,"column":4},"end":{"line":49,"column":null}},{"start":{"line":47,"column":11},"end":{"line":49,"column":null}}],"line":45},"2":{"loc":{"start":{"line":75,"column":16},"end":{"line":75,"column":null}},"type":"cond-expr","locations":[{"start":{"line":75,"column":29},"end":{"line":75,"column":52}},{"start":{"line":75,"column":52},"end":{"line":75,"column":null}}],"line":75},"3":{"loc":{"start":{"line":82,"column":11},"end":{"line":90,"column":null}},"type":"cond-expr","locations":[{"start":{"line":83,"column":12},"end":{"line":88,"column":null}},{"start":{"line":90,"column":12},"end":{"line":90,"column":null}}],"line":82},"4":{"loc":{"start":{"line":98,"column":19},"end":{"line":98,"column":83}},"type":"cond-expr","locations":[{"start":{"line":98,"column":47},"end":{"line":98,"column":63}},{"start":{"line":98,"column":47},"end":{"line":98,"column":83}}],"line":98}},"s":{"0":2,"1":20,"2":20,"3":0,"4":20,"5":20,"6":0,"7":0,"8":0,"9":20,"10":80,"11":0},"f":{"0":20,"1":0,"2":80,"3":0},"b":{"0":[0,20],"1":[0,0],"2":[20,60],"3":[0,20],"4":[0,20]},"meta":{"lastBranch":5,"lastFunction":4,"lastStatement":12,"seen":{"s:13:63:105:Infinity":0,"f:13:63:13:64":0,"s:14:22:14:Infinity":1,"b:16:2:16:Infinity:undefined:undefined:undefined:undefined":0,"s:16:2:16:Infinity":2,"s:16:15:16:Infinity":3,"s:18:16:42:Infinity":4,"s:44:21:50:Infinity":5,"f:44:21:44:27":1,"b:45:4:49:Infinity:47:11:49:Infinity":1,"s:45:4:49:Infinity":6,"s:46:6:46:Infinity":7,"s:48:6:48:Infinity":8,"s:52:2:103:Infinity":9,"f:71:21:71:22":2,"s:72:12:77:Infinity":10,"b:75:29:75:52:75:52:75:Infinity":2,"b:83:12:88:Infinity:90:12:90:Infinity":3,"f:84:23:84:29":3,"s:84:29:84:Infinity":11,"b:98:47:98:63:98:47:98:83":4},"fnNames":{}}}
,"/app/applet/src/components/PackageCard.tsx": {"path":"/app/applet/src/components/PackageCard.tsx","statementMap":{"0":{"start":{"line":11,"column":55},"end":{"line":95,"column":null}},"1":{"start":{"line":12,"column":21},"end":{"line":12,"column":null}},"2":{"start":{"line":13,"column":18},"end":{"line":13,"column":null}},"3":{"start":{"line":14,"column":16},"end":{"line":14,"column":null}},"4":{"start":{"line":16,"column":21},"end":{"line":16,"column":null}},"5":{"start":{"line":18,"column":14},"end":{"line":18,"column":null}},"6":{"start":{"line":19,"column":22},"end":{"line":19,"column":null}},"7":{"start":{"line":20,"column":19},"end":{"line":20,"column":null}},"8":{"start":{"line":22,"column":22},"end":{"line":27,"column":null}},"9":{"start":{"line":23,"column":4},"end":{"line":23,"column":null}},"10":{"start":{"line":23,"column":20},"end":{"line":23,"column":null}},"11":{"start":{"line":24,"column":4},"end":{"line":24,"column":null}},"12":{"start":{"line":24,"column":17},"end":{"line":24,"column":null}},"13":{"start":{"line":25,"column":4},"end":{"line":25,"column":null}},"14":{"start":{"line":25,"column":15},"end":{"line":25,"column":null}},"15":{"start":{"line":26,"column":4},"end":{"line":26,"column":null}},"16":{"start":{"line":29,"column":25},"end":{"line":34,"column":null}},"17":{"start":{"line":30,"column":4},"end":{"line":30,"column":null}},"18":{"start":{"line":30,"column":20},"end":{"line":30,"column":null}},"19":{"start":{"line":31,"column":4},"end":{"line":31,"column":null}},"20":{"start":{"line":31,"column":17},"end":{"line":31,"column":null}},"21":{"start":{"line":32,"column":4},"end":{"line":32,"column":null}},"22":{"start":{"line":32,"column":15},"end":{"line":32,"column":null}},"23":{"start":{"line":33,"column":4},"end":{"line":33,"column":null}},"24":{"start":{"line":36,"column":27},"end":{"line":43,"column":null}},"25":{"start":{"line":37,"column":4},"end":{"line":37,"column":null}},"26":{"start":{"line":37,"column":25},"end":{"line":37,"column":null}},"27":{"start":{"line":38,"column":4},"end":{"line":38,"column":null}},"28":{"start":{"line":38,"column":25},"end":{"line":38,"column":null}},"29":{"start":{"line":39,"column":4},"end":{"line":39,"column":null}},"30":{"start":{"line":39,"column":20},"end":{"line":39,"column":null}},"31":{"start":{"line":40,"column":4},"end":{"line":40,"column":null}},"32":{"start":{"line":40,"column":17},"end":{"line":40,"column":null}},"33":{"start":{"line":41,"column":4},"end":{"line":41,"column":null}},"34":{"start":{"line":41,"column":15},"end":{"line":41,"column":null}},"35":{"start":{"line":42,"column":4},"end":{"line":42,"column":null}},"36":{"start":{"line":45,"column":2},"end":{"line":93,"column":null}}},"fnMap":{"0":{"name":"(anonymous_0)","decl":{"start":{"line":11,"column":55},"end":{"line":11,"column":56}},"loc":{"start":{"line":11,"column":78},"end":{"line":95,"column":null}},"line":11},"1":{"name":"(anonymous_1)","decl":{"start":{"line":22,"column":22},"end":{"line":22,"column":28}},"loc":{"start":{"line":22,"column":28},"end":{"line":27,"column":null}},"line":22},"2":{"name":"(anonymous_2)","decl":{"start":{"line":29,"column":25},"end":{"line":29,"column":31}},"loc":{"start":{"line":29,"column":31},"end":{"line":34,"column":null}},"line":29},"3":{"name":"(anonymous_3)","decl":{"start":{"line":36,"column":27},"end":{"line":36,"column":33}},"loc":{"start":{"line":36,"column":33},"end":{"line":43,"column":null}},"line":36}},"branchMap":{"0":{"loc":{"start":{"line":16,"column":71},"end":{"line":16,"column":96}},"type":"binary-expr","locations":[{"start":{"line":16,"column":71},"end":{"line":16,"column":90}},{"start":{"line":16,"column":90},"end":{"line":16,"column":96}}],"line":16},"1":{"loc":{"start":{"line":23,"column":4},"end":{"line":23,"column":null}},"type":"if","locations":[{"start":{"line":23,"column":4},"end":{"line":23,"column":null}},{"start":{},"end":{}}],"line":23},"2":{"loc":{"start":{"line":24,"column":4},"end":{"line":24,"column":null}},"type":"if","locations":[{"start":{"line":24,"column":4},"end":{"line":24,"column":null}},{"start":{},"end":{}}],"line":24},"3":{"loc":{"start":{"line":25,"column":4},"end":{"line":25,"column":null}},"type":"if","locations":[{"start":{"line":25,"column":4},"end":{"line":25,"column":null}},{"start":{},"end":{}}],"line":25},"4":{"loc":{"start":{"line":30,"column":4},"end":{"line":30,"column":null}},"type":"if","locations":[{"start":{"line":30,"column":4},"end":{"line":30,"column":null}},{"start":{},"end":{}}],"line":30},"5":{"loc":{"start":{"line":31,"column":4},"end":{"line":31,"column":null}},"type":"if","locations":[{"start":{"line":31,"column":4},"end":{"line":31,"column":null}},{"start":{},"end":{}}],"line":31},"6":{"loc":{"start":{"line":32,"column":4},"end":{"line":32,"column":null}},"type":"if","locations":[{"start":{"line":32,"column":4},"end":{"line":32,"column":null}},{"start":{},"end":{}}],"line":32},"7":{"loc":{"start":{"line":37,"column":4},"end":{"line":37,"column":null}},"type":"if","locations":[{"start":{"line":37,"column":4},"end":{"line":37,"column":null}},{"start":{},"end":{}}],"line":37},"8":{"loc":{"start":{"line":38,"column":4},"end":{"line":38,"column":null}},"type":"if","locations":[{"start":{"line":38,"column":4},"end":{"line":38,"column":null}},{"start":{},"end":{}}],"line":38},"9":{"loc":{"start":{"line":39,"column":4},"end":{"line":39,"column":null}},"type":"if","locations":[{"start":{"line":39,"column":4},"end":{"line":39,"column":null}},{"start":{},"end":{}}],"line":39},"10":{"loc":{"start":{"line":40,"column":4},"end":{"line":40,"column":null}},"type":"if","locations":[{"start":{"line":40,"column":4},"end":{"line":40,"column":null}},{"start":{},"end":{}}],"line":40},"11":{"loc":{"start":{"line":41,"column":4},"end":{"line":41,"column":null}},"type":"if","locations":[{"start":{"line":41,"column":4},"end":{"line":41,"column":null}},{"start":{},"end":{}}],"line":41},"12":{"loc":{"start":{"line":57,"column":15},"end":{"line":57,"column":null}},"type":"cond-expr","locations":[{"start":{"line":57,"column":35},"end":{"line":57,"column":67}},{"start":{"line":57,"column":67},"end":{"line":57,"column":null}}],"line":57},"13":{"loc":{"start":{"line":57,"column":67},"end":{"line":57,"column":null}},"type":"cond-expr","locations":[{"start":{"line":57,"column":88},"end":{"line":57,"column":122}},{"start":{"line":57,"column":122},"end":{"line":57,"column":null}}],"line":57},"14":{"loc":{"start":{"line":76,"column":41},"end":{"line":76,"column":66}},"type":"cond-expr","locations":[{"start":{"line":76,"column":61},"end":{"line":76,"column":65}},{"start":{"line":76,"column":65},"end":{"line":76,"column":66}}],"line":76}},"s":{"0":3,"1":11,"2":11,"3":11,"4":11,"5":11,"6":11,"7":11,"8":11,"9":11,"10":5,"11":6,"12":6,"13":0,"14":0,"15":0,"16":11,"17":11,"18":5,"19":6,"20":6,"21":0,"22":0,"23":0,"24":11,"25":11,"26":0,"27":11,"28":6,"29":5,"30":5,"31":0,"32":0,"33":0,"34":0,"35":0,"36":11},"f":{"0":11,"1":11,"2":11,"3":11},"b":{"0":[11,0],"1":[5,6],"2":[6,0],"3":[0,0],"4":[5,6],"5":[6,0],"6":[0,0],"7":[0,11],"8":[6,5],"9":[5,0],"10":[0,0],"11":[0,0],"12":[5,6],"13":[6,0],"14":[5,6]},"meta":{"lastBranch":15,"lastFunction":4,"lastStatement":37,"seen":{"s:11:55:95:Infinity":0,"f:11:55:11:56":0,"s:12:21:12:Infinity":1,"s:13:18:13:Infinity":2,"s:14:16:14:Infinity":3,"s:16:21:16:Infinity":4,"b:16:71:16:90:16:90:16:96":0,"s:18:14:18:Infinity":5,"s:19:22:19:Infinity":6,"s:20:19:20:Infinity":7,"s:22:22:27:Infinity":8,"f:22:22:22:28":1,"b:23:4:23:Infinity:undefined:undefined:undefined:undefined":1,"s:23:4:23:Infinity":9,"s:23:20:23:Infinity":10,"b:24:4:24:Infinity:undefined:undefined:undefined:undefined":2,"s:24:4:24:Infinity":11,"s:24:17:24:Infinity":12,"b:25:4:25:Infinity:undefined:undefined:undefined:undefined":3,"s:25:4:25:Infinity":13,"s:25:15:25:Infinity":14,"s:26:4:26:Infinity":15,"s:29:25:34:Infinity":16,"f:29:25:29:31":2,"b:30:4:30:Infinity:undefined:undefined:undefined:undefined":4,"s:30:4:30:Infinity":17,"s:30:20:30:Infinity":18,"b:31:4:31:Infinity:undefined:undefined:undefined:undefined":5,"s:31:4:31:Infinity":19,"s:31:17:31:Infinity":20,"b:32:4:32:Infinity:undefined:undefined:undefined:undefined":6,"s:32:4:32:Infinity":21,"s:32:15:32:Infinity":22,"s:33:4:33:Infinity":23,"s:36:27:43:Infinity":24,"f:36:27:36:33":3,"b:37:4:37:Infinity:undefined:undefined:undefined:undefined":7,"s:37:4:37:Infinity":25,"s:37:25:37:Infinity":26,"b:38:4:38:Infinity:undefined:undefined:undefined:undefined":8,"s:38:4:38:Infinity":27,"s:38:25:38:Infinity":28,"b:39:4:39:Infinity:undefined:undefined:undefined:undefined":9,"s:39:4:39:Infinity":29,"s:39:20:39:Infinity":30,"b:40:4:40:Infinity:undefined:undefined:undefined:undefined":10,"s:40:4:40:Infinity":31,"s:40:17:40:Infinity":32,"b:41:4:41:Infinity:undefined:undefined:undefined:undefined":11,"s:
[...]
":{"start":{"line":181,"column":6},"end":{"line":181,"column":37}},"type":"binary-expr","locations":[{"start":{"line":181,"column":6},"end":{"line":181,"column":21}},{"start":{"line":181,"column":21},"end":{"line":181,"column":37}}],"line":181},"60":{"loc":{"start":{"line":187,"column":2},"end":{"line":189,"column":null}},"type":"if","locations":[{"start":{"line":187,"column":2},"end":{"line":189,"column":null}},{"start":{},"end":{}}],"line":187},"61":{"loc":{"start":{"line":187,"column":6},"end":{"line":187,"column":106}},"type":"binary-expr","locations":[{"start":{"line":187,"column":6},"end":{"line":187,"column":20}},{"start":{"line":187,"column":20},"end":{"line":187,"column":37}},{"start":{"line":187,"column":37},"end":{"line":187,"column":72}},{"start":{"line":187,"column":72},"end":{"line":187,"column":106}}],"line":187},"62":{"loc":{"start":{"line":196,"column":12},"end":{"line":196,"column":null}},"type":"binary-expr","locations":[{"start":{"line":196,"column":12},"end":{"line":196,"column":22}},{"start":{"line":196,"column":22},"end":{"line":196,"column":null}}],"line":196},"63":{"loc":{"start":{"line":199,"column":15},"end":{"line":199,"column":null}},"type":"binary-expr","locations":[{"start":{"line":199,"column":15},"end":{"line":199,"column":28}},{"start":{"line":199,"column":28},"end":{"line":199,"column":null}}],"line":199}},"s":{"0":12,"1":12,"2":12,"3":12,"4":34,"5":2,"6":10,"7":10,"8":0,"9":10,"10":17,"11":4,"12":6,"13":12,"14":1,"15":5,"16":15,"17":1,"18":4,"19":15,"20":1,"21":3,"22":9,"23":0,"24":3,"25":8,"26":2,"27":1,"28":12,"29":12,"30":12,"31":12,"32":12,"33":12,"34":12,"35":12,"36":12,"37":12,"38":12,"39":12,"40":12,"41":12,"42":11,"43":11,"44":11,"45":2,"46":12,"47":12,"48":3,"49":3,"50":3,"51":12,"52":12,"53":1,"54":1,"55":12,"56":12,"57":1,"58":1,"59":12,"60":1,"61":1,"62":1,"63":1,"64":1,"65":1,"66":1,"67":11,"68":4,"69":4,"70":4,"71":4,"72":4,"73":4,"74":7,"75":5,"76":1,"77":1,"78":1,"79":4,"80":4,"81":4,"82":5,"83":5,"84":5,"85":12,"86":12,"87":10,"88":12,"89":12,"90":3,"91":12,"92":12,"93":11,"94":12,"95":12,"96":6,"97":12},"f":{"0":12,"1":34,"2":10,"3":17,"4":12,"5":15,"6":15,"7":9,"8":8},"b":{"0":[12],"1":[2,10],"2":[0,10],"3":[4,6],"4":[1,5],"5":[1,4],"6":[1,3],"7":[0,3],"8":[2,1],"9":[1,0],"10":[11,1],"11":[12,11],"12":[11,0],"13":[2,9],"14":[11,9,9],"15":[12,11],"16":[3,9],"17":[0,3],"18":[0,3],"19":[0,3],"20":[3,0],"21":[3,0],"22":[12,11],"23":[1,11],"24":[1,0],"25":[0,0],"26":[1,11],"27":[12,1],"28":[1,11],"29":[12,12,12],"30":[1,1],"31":[1,0],"32":[1,1],"33":[4,7],"34":[11,9,7,7,7],"35":[0,4],"36":[4,0],"37":[4,0],"38":[4,4],"39":[5,2],"40":[7,5,5,4,4,3,2,2,2,2],"41":[1,4],"42":[5,5,4,4],"43":[1,3],"44":[4,3,3,3],"45":[0,3],"46":[3,3,3],"47":[0,3],"48":[3,3,3],"49":[2,1],"50":[3,1,1],"51":[5,0],"52":[5,0],"53":[5,5],"54":[10,2],"55":[12,10],"56":[3,9],"57":[12,3],"58":[11,1],"59":[12,11],"60":[6,6],"61":[12,6,6,6],"62":[12,2],"63":[12,2]},"meta":{"lastBranch":64,"lastFunction":9,"lastStatement":98,"seen":{"f:3:16:3:33":0,"b:3:83:3:112":0,"s:4:22:4:Infinity":0,"s:5:20:5:Infinity":1,"s:7:15:7:Infinity":2,"b:8:2:16:Infinity:8:73:16:Infinity":1,"s:8:2:16:Infinity":3,"f:8:33:8:38":1,"s:8:38:8:61":4,"s:8:64:8:Infinity":5,"b:8:73:16:Infinity:9:68:16:Infinity":2,"s:8:73:16:Infinity":6,"f:9:28:9:33":2,"s:9:33:9:56":7,"s:9:59:9:Infinity":8,"b:9:68:16:Infinity:10:76:16:Infinity":3,"s:9:68:16:Infinity":9,"f:10:36:10:41":3,"s:10:41:10:64":10,"s:10:67:10:Infinity":11,"b:10:76:16:Infinity:11:73:16:Infinity":4,"s:10:76:16:Infinity":12,"f:11:33:11:38":4,"s:11:38:11:61":13,"s:11:64:11:Infinity":14,"b:11:73:16:Infinity:12:81:16:Infinity":5,"s:11:73:16:Infinity":15,"f:12:41:12:46":5,"s:12:46:12:69":16,"s:12:72:12:Infinity":17,"b:12:81:16:Infinity:13:91:16:Infinity":6,"s:12:81:16:Infinity":18,"f:13:51:13:56":6,"s:13:56:13:79":19,"s:13:82:13:Infinity":20,"b:13:91:16:Infinity:14:79:16:Infinity":7,"s:13:91:16:Infinity":21,"f:14:39:14:44":7,"s:14:44:14:67":22,"s:14:70:14:Infinity":23,"b:14:79:16:Infinity:16:7:16:Infinity":8,"s:14:79:16:Infinity":24,"f:15:55:15:60":8,"s:15:60:15:83":25,"s:15:86:15:Infinity":26,"s:16:7:16:Infinity":27,"b:16:16:16:31:16:31:16:Infinity":9,"s:18:43:18:Infinity":28,"s:19:17:19:Infinity":29,"s:20:19:20:Infinity":30,"s:21:42:21:Infinity":31,"s:22:35:22:Infinity":32,"s:23:32:23:Infinity":33,"s:24:41:24:Infinity":34,"s:25:38:25:Infinity":35,"s:26:38:26:Infinity":36,"s:27:38:27:Infinity":37,"s:28:43:28:Infinity":38,"s:29:19:29:Infinity":39,"s:33:23:33:Infinity":40,"b:34:2:41:Infinity:undefined:undefined:undefined:undefined":10,"s:34:2:41:Infinity":41,"b:34:6:34:22:34:22:34:39":11,"s:35:19:35:Infinity":42,"b:36:4:40:Infinity:undefined:undefined:undefined:undefined":12,"s:36:4:40:Infinity":43,"b:37:6:39:Infinity:undefined:undefined:undefined:undefined":13,"s:37:6:39:Infinity":44,"b:37:10:37:34:37:34:37:59:37:59:37:82":14,"s:38:8:38:Infinity":45,"s:44:24:45:Infinity":46,"b:44:24:44:Infinity:45:24:45:Infinity":15,"b:46:2:61:Infinity:undefined:undefined:undefined:undefined":16,"s:46:2:61:Infinity":47,"s:47:16:47:Infinity":48,"s:48:17:48:Infinity":49,"s:49:4:60:Infinity":50,"b:52:45:52:55:52:55:52:Infinity":17,"b:52:85:52:95:52:95:52:Infinity":18,"b:52:126:52:137:52:137:52:Infinity":19,"b:53:35:53:41:53:41:53:Infinity":20,"b:54:39:54:45:54:45:54:Infinity":21,"s:63:21:64:Infinity":51,"b:63:21:63:Infinity:64:21:64:Infinity":22,"b:65:2:79:Infinity:undefined:undefined:undefined:undefined":23,"s:65:2:79:Infinity":52,"s:66:19:66:Infinity":53,"s:67:4:78:Infinity":54,"b:70:47:70:59:70:59:70:Infinity":24,"b:70:89:70:99:70:99:70:Infinity":25,"s:81:23:81:Infinity":55,"b:82:2:96:Infinity:undefined:undefined:undefined:undefined":26,"s:82:2:96:Infinity":56,"b:82:6:82:22:82:22:82:65":27,"s:83:19:83:Infinity":57,"s:84:4:95:Infinity":58,"b:99:2:165:Infinity:109:2:165:Infinity":28,"s:99:2:165:Infinity":59,"b:99:6:99:46:99:46:99:82:99:82:99:105":29,"s:100:4:100:Infinity":60,"s:101:4:101:Infinity":61,"s:102:4:102:Infinity":62,"s:103:4:103:Infinity":63,"s:104:27:105:Infinity":64,"b:104:27:104:Infinity:105:27:105:Infinity":30,"b:106:4:108:Infinity:undefined:undefined:undefined:undefined":31,"s:106:4:108:Infinity":65,"b:106:8:106:26:106:26:106:45":32,"s:107:6:107:Infinity":66,"b:109:2:165:Infinity:128:2:165:Infinity":33,"s:109:2:165:Infinity":67,"b:114:4:114:Infinity:115:4:115:Infinity:116:4:116:Infinity:117:4:117:Infinity:118:4:118:Infinity":34,"s:120:4:120:Infinity":68,"s:121:4:121:Infinity":69,"b:121:46:121:57:121:57:121:Infinity":35,"s:122:4:122:Infinity":70,"s:123:21:124:Infinity":71,"b:123:21:123:Infinity:124:21:124:Infinity":36,"b:125:4:127:Infinity:undefined:undefined:undefined:undefined":37,"s:125:4:127:Infinity":72,"b:125:8:125:20:125:20:125:33":38,"s:126:6:126:Infinity":73,"b:128:2:165:Infinity:undefined:undefined:undefined:undefined":39,"s:128:2:165:Infinity":74,"b:131:4:131:Infinity:132:4:132:Infinity:133:4:133:Infinity:134:4:134:Infinity:135:4:135:Infinity:136:4:136:Infinity:137:4:137:Infinity:138:4:138:Infinity:139:4:139:Infinity:140:4:140:Infinity":40,"b:142:4:158:Infinity:146:11:158:Infinity":41,"s:142:4:158:Infinity":75,"b:142:8:142:48:142:48:142:85:142:85:142:115:142:115:142:143":42,"s:143:6:143:Infinity":76,"s:144:6:144:Infinity":77,"s:145:6:145:Infinity":78,"s:147:6:147:Infinity":79,"s:148:6:156:Infinity":80,"b:149:10:149:Infinity:150:10:156:Infinity":43,"b:148:17:148:51:148:51:148:82:148:82:148:115:148:115:148:Infinity":44,"b:151:10:151:Infinity:152:10:156:Infinity":45,"b:150:10:150:44:150:44:150:75:150:75:150:Infinity":46,"b:153:10:153:Infinity:154:10:156:Infinity":47,"b:152:10:152:46:152:46:152:76:152:76:152:Infinity":48,"b:155:10:155:Infinity:156:10:156:Infinity":49,"b:154:10:154:43:154:43:154:76:154:76:154:Infinity":50,"s:157:6:157:Infinity":81,"s:160:21:161:Infinity":82,"b:160:21:160:Infinity:161:21:161:Infinity":51,"b:162:4:164:Infinity:undefined:undefined:undefined:undefined":52,"s:162:4:164:Infinity":83,"b:162:8:162:20:162:20:162:33":53,"s:163:6:163:Infinity":84,"s:168:19:168:Infinity":85,"b:169:2:171:Infinity:undefined:undefined:undefined:undefined":54,"s:169:2:171:Infinity":86,"b:169:6:169:18:169:18:169:31":55,"s:170:4:170:Infinity":87,"s:174:19:174:Infinity":88,"b:175:2:177:Infinity:undefined:undefined:undefined:undefined":56,"s:175:2:177:Infinity":89,"b:175:6:175:18:175:18:175:31":57,"s:176:4:176:Infinity":90,"s:180:22:180:Infinity":91,"b:181:2:183:Infinity:undefined:undefined:undefined:undefined":58,"s:181:2:183:Infinity":92,"b:181:6:181:21:181:21:181:37":59,"s:182:4:182:Infinity":93,"s:186:21:186:Infinity":94,"b:187:2:189:Infinity:undefined:undefined:undefined:undefined":60,"s:187:2:189:Infinity":95,"b:187:6:187:20:187:20:187:37:187:37:187:72:187:72:187:106":61,"s:188:4:188:Infinity":96,"s:191:2:205:Infinity":97,"b:196:12:196:22:196:22:196:Infinity":62,"b:199:15:199:28:199:28:199:Infinity":63},"fnNames":{}}}
,"/app/applet/src/services/storage.ts": {"path":"/app/applet/src/services/storage.ts","statementMap":{"0":{"start":{"line":5,"column":21},"end":{"line":14,"column":null}},"1":{"start":{"line":17,"column":2},"end":{"line":22,"column":null}},"2":{"start":{"line":18,"column":16},"end":{"line":18,"column":null}},"3":{"start":{"line":19,"column":4},"end":{"line":19,"column":null}},"4":{"start":{"line":19,"column":13},"end":{"line":19,"column":null}},"5":{"start":{"line":21,"column":4},"end":{"line":21,"column":null}},"6":{"start":{"line":23,"column":2},"end":{"line":23,"column":null}},"7":{"start":{"line":27,"column":2},"end":{"line":27,"column":null}},"8":{"start":{"line":31,"column":2},"end":{"line":36,"column":null}},"9":{"start":{"line":32,"column":16},"end":{"line":32,"column":null}},"10":{"start":{"line":33,"column":4},"end":{"line":33,"column":null}},"11":{"start":{"line":33,"column":13},"end":{"line":33,"column":null}},"12":{"start":{"line":35,"column":4},"end":{"line":35,"column":null}},"13":{"start":{"line":37,"column":2},"end":{"line":37,"column":null}},"14":{"start":{"line":41,"column":2},"end":{"line":41,"column":null}},"15":{"start":{"line":45,"column":2},"end":{"line":50,"column":null}},"16":{"start":{"line":46,"column":16},"end":{"line":46,"column":null}},"17":{"start":{"line":47,"column":4},"end":{"line":47,"column":null}},"18":{"start":{"line":47,"column":13},"end":{"line":47,"column":null}},"19":{"start":{"line":49,"column":4},"end":{"line":49,"column":null}},"20":{"start":{"line":51,"column":2},"end":{"line":51,"column":null}},"21":{"start":{"line":55,"column":2},"end":{"line":55,"column":null}},"22":{"start":{"line":59,"column":2},"end":{"line":64,"column":null}},"23":{"start":{"line":60,"column":16},"end":{"line":60,"column":null}},"24":{"start":{"line":61,"column":4},"end":{"line":61,"column":null}},"25":{"start":{"line":61,"column":13},"end":{"line":61,"column":null}},"26":{"start":{"line":63,"column":4},"end":{"line":63,"column":null}},"27":{"start":{"line":65,"column":2},"end":{"line":65,"column":null}},"28":{"start":{"line":69,"column":2},"end":{"line":69,"column":null}},"29":{"start":{"line":73,"column":14},"end":{"line":73,"column":null}},"30":{"start":{"line":74,"column":2},"end":{"line":74,"column":null}},"31":{"start":{"line":78,"column":2},"end":{"line":78,"column":null}},"32":{"start":{"line":82,"column":14},"end":{"line":82,"column":null}},"33":{"start":{"line":83,"column":2},"end":{"line":83,"column":null}},"34":{"start":{"line":87,"column":2},"end":{"line":87,"column":null}},"35":{"start":{"line":91,"column":2},"end":{"line":91,"column":null}},"36":{"start":{"line":95,"column":2},"end":{"line":95,"column":null}},"37":{"start":{"line":99,"column":2},"end":{"line":99,"column":null}},"38":{"start":{"line":103,"column":2},"end":{"line":103,"column":null}},"39":{"start":{"line":107,"column":2},"end":{"line":107,"column":null}},"40":{"start":{"line":108,"column":2},"end":{"line":108,"column":null}},"41":{"start":{"line":109,"column":2},"end":{"line":109,"column":null}},"42":{"start":{"line":110,"column":2},"end":{"line":110,"column":null}}},"fnMap":{"0":{"name":"loadTransactions","decl":{"start":{"line":16,"column":16},"end":{"line":16,"column":56}},"loc":{"start":{"line":16,"column":56},"end":{"line":24,"column":null}},"line":16},"1":{"name":"saveTransactions","decl":{"start":{"line":26,"column":16},"end":{"line":26,"column":33}},"loc":{"start":{"line":26,"column":68},"end":{"line":28,"column":null}},"line":26},"2":{"name":"loadPackages","decl":{"start":{"line":30,"column":16},"end":{"line":30,"column":55}},"loc":{"start":{"line":30,"column":55},"end":{"line":38,"column":null}},"line":30},"3":{"name":"savePackages","decl":{"start":{"line":40,"column":16},"end":{"line":40,"column":29}},"loc":{"start":{"line":40,"column":63},"end":{"line":42,"column":null}},"line":40},"4":{"name":"loadTelecomAssets","decl":{"start":{"line":44,"column":16},"end":{"line":44,"column":51}},"loc":{"start":{"line":44,"column":51},"end":{"line":52,"column":null}},"line":44},"5":{"name":"saveTelecomAssets","decl":{"start":{"line":54,"column":16},"end":{"line":54,"column":34}},"loc":{"start":{"line":54,"column":57},"end":{"line":56,"column":null}},"line":54},"6":{"name":"loadBanks","decl":{"start":{"line":58,"column":16},"end":{"line":58,"column":40}},"loc":{"start":{"line":58,"column":40},"end":{"line":66,"column":null}},"line":58},"7":{"name":"saveBanks","decl":{"start":{"line":68,"column":16},"end":{"line":68,"column":26}},"loc":{"start":{"line":68,"column":45},"end":{"line":70,"column":null}},"line":68},"8":{"name":"loadLanguage","decl":{"start":{"line":72,"column":16},"end":{"line":72,"column":41}},"loc":{"start":{"line":72,"column":41},"end":{"line":75,"column":null}},"line":72},"9":{"name":"saveLanguage","decl":{"start":{"line":77,"column":16},"end":{"line":77,"column":29}},"loc":{"start":{"line":77,"column":45},"end":{"line":79,"column":null}},"line":77},"10":{"name":"loadTheme","decl":{"start":{"line":81,"column":16},"end":{"line":81,"column":39}},"loc":{"start":{"line":81,"column":39},"end":{"line":84,"column":null}},"line":81},"11":{"name":"saveTheme","decl":{"start":{"line":86,"column":16},"end":{"line":86,"column":26}},"loc":{"start":{"line":86,"column":44},"end":{"line":88,"column":null}},"line":86},"12":{"name":"loadUserName","decl":{"start":{"line":90,"column":16},"end":{"line":90,"column":39}},"loc":{"start":{"line":90,"column":39},"end":{"line":92,"column":null}},"line":90},"13":{"name":"saveUserName","decl":{"start":{"line":94,"column":16},"end":{"line":94,"column":29}},"loc":{"start":{"line":94,"column":43},"end":{"line":96,"column":null}},"line":94},"14":{"name":"hasCompletedOnboarding","decl":{"start":{"line":98,"column":16},"end":{"line":98,"column":50}},"loc":{"start":{"line":98,"column":50},"end":{"line":100,"column":null}},"line":98},"15":{"name":"setCompletedOnboarding","decl":{"start":{"line":102,"column":16},"end":{"line":102,"column":39}},"loc":{"start":{"line":102,"column":59},"end":{"line":104,"column":null}},"line":102},"16":{"name":"resetAllData","decl":{"start":{"line":106,"column":16},"end":{"line":106,"column":31}},"loc":{"start":{"line":106,"column":31},"end":{"line":111,"column":null}},"line":106}},"branchMap":{"0":{"loc":{"start":{"line":19,"column":4},"end":{"line":19,"column":null}},"type":"if","locations":[{"start":{"line":19,"column":4},"end":{"line":19,"column":null}},{"start":{},"end":{}}],"line":19},"1":{"loc":{"start":{"line":33,"column":4},"end":{"line":33,"column":null}},"type":"if","locations":[{"start":{"line":33,"column":4},"end":{"line":33,"column":null}},{"start":{},"end":{}}],"line":33},"2":{"loc":{"start":{"line":47,"column":4},"end":{"line":47,"column":null}},"type":"if","locations":[{"start":{"line":47,"column":4},"end":{"line":47,"column":null}},{"start":{},"end":{}}],"line":47},"3":{"loc":{"start":{"line":61,"column":4},"end":{"line":61,"column":null}},"type":"if","locations":[{"start":{"line":61,"column":4},"end":{"line":61,"column":null}},{"start":{},"end":{}}],"line":61},"4":{"loc":{"start":{"line":74,"column":9},"end":{"line":74,"column":null}},"type":"cond-expr","locations":[{"start":{"line":74,"column":56},"end":{"line":74,"column":62}},{"start":{"line":74,"column":62},"end":{"line":74,"column":null}}],"line":74},"5":{"loc":{"start":{"line":74,"column":9},"end":{"line":74,"column":56}},"type":"binary-expr","locations":[{"start":{"line":74,"column":9},"end":{"line":74,"column":25}},{"start":{"line":74,"column":25},"end":{"line":74,"column":41}},{"start":{"line":74,"column":41},"end":{"line":74,"column":56}}],"line":74},"6":{"loc":{"start":{"line":83,"column":9},"end":{"line":83,"column":null}},"type":"cond-expr","locations":[{"start":{"line":83,"column":66},"end":{"line":83,"column":72}},{"start":{"line":83,"column":72},"end":{"line":83,"column":null}}],"line":83},"7":{"loc":{"start":{"line":83,"column":9},"end":{"line":83,"column":66}},"type":"binary-expr","locations":[{"start":{"line":83,"column":9},"end":{"line":83,"column":28}},{"start":{"line":83,"column":28},"end":{"line":83,"column":49}},{"start":{"line":83,"column":49},"end":{"line":83,"column":66}}],"line":83},"8":{"loc":{"start":{"line":91,"column":9},"end":{"line":91,"column":null}},"type":"binary-expr","locations":[{"start":{"line":91,"column":9},"end":{"line":91,"column":57}},{"start":{"line":91,"column":57},"end":{"line":91,"column":null}}],"line":91},"9":{"loc":{"start":{"line":103,"column":58},"end":{"line":103,"column":86}},"type":"cond-expr","locations":[{"start":{"line":103,"column":70},"end":{"line":103,"column":79}},{"start":{"line":103,"column":79},"end":{"line":103,"column":86}}],"line":103}},"s":{"0":4,"1":22,"2":22,"3":22,"4":2,"5":0,"6":20,"7":3,"8":21,"9":21,"10":21,"11":4,"12":0,"13":17,"14":4,"15":23,"16":23,"17":23,"18":6,"19":0,"20":17,"21":6,"22":20,"23":20,"24":20,"25":0,"26":0,"27":20,"28":0,"29":23,"30":23,"31":3,"32":23,"33":23,"34":2,"35":4,"36":1,"37":22,"38":1,"39":1,"40":1,"41":1,"42":1},"f":{"0":22,"1":3,"2":21,"3":4,"4":23,"5":6,"6":20,"7":0,"8":23,"9":3,"10":23,"11":2,"12":4,"13":1,"14":22,"15":1,"16":1},"b":{"0":[2,20],"1":[4,17],"2":[6,17],"3":[0,20],"4":[5,18],"5":[23,19,18],"6":[2,21],"7":[23,22,21],"8":[4,3],"9":[1,0]},"meta":{"lastBranch":10,"lastFunction":17,"lastStatement":43,"seen":{"s:5:21:14:Infinity":0,"f:16:16:16:56":0,"s:17:2:22:Infinity":1,"s:18:16:18:Infinity":2,"b:19:4:19:Infinity:undefined:undefined:undefined:undefined":0,"s:19:4:19:Infinity":3,"s:19:13:19:Infinity":4,"s:21:4:21:Infinity":5,"s:23:2:23:Infinity":6,"f:26:16:26:33":1,"s:27:2:27:Infinity":7,"f:30:16:30:55":2,"s:31:2:36:Infinity":8,"s:32:16:32:Infinity":9,"b:33:4:33:Infinity:undefined:undefined:undefined:undefined":1,"s:33:4:33:Infinity":10,"s:33:13:33:Infinity":11,"s:35:4:35:Infinity":12,"s:37:2:37:Infinity":13,"f:40:16:40:29":3,"s:41:2:41:Infinity":14,"f:44:16:44:51":4,"s:45:2:50:Infinity":15,"s:46:16:46:Infinity":16,"b:47:4:47:Infinity:undefined:undefined:undefined:undefined":2,"s:47:4:47:Infinity":17,"s:47:13:47:Infinity":18,"s:49:4:49:Infinity":19,"s:51:2:51:Infinity":20,"f:54:16:54:34":5,"s:55:2:55:Infinity":21,"f:58:16:58:40":6,"s:59:2:64:Infinity":22,"s:60:16:60:Infinity":23,"b:61:4:61:Infinity:undefined:undefined:undefined:undefined":3,"s:61:4:61:Infinity":24,"s:61:13:61:Infinity":25,"s:63:4:63:Infinity":26,"s:65:2:65:Infinity":27,"f:68:16:68:26":7,"s:69:2:69:Infinity":28,"f:72:16:72:41":8,"s:73:14:73:Infinity":29,"s:74:2:74:Infinity":30,"b:74:56:74:62:74:62:74:Infinity":4,"b:74:9:74:25:74:25:74:41:74:41:74:56":5,"f:77:16:77:29":9,"s:78:2:78:Infinity":31,"f:81:16:81:39":10,"s:82:14:82:Infinity":32,"s:83:2:83:Infinity":33,"b:83:66:83:72:83:72:83:Infinity":6,"b:83:9:83:28:83:28:83:49:83:49:83:66":7,"f:86:16:86:26":11,"s:87:2:87:Infinity":34,"f:90:16:90:39":12,"s:91:2:91:Infinity":35,"b:91:9:91:57:91:57:91:Infinity":8,"f:94:16:94:29":13,"s:95:2:95:Infinity":36,"f:98:16:98:50":14,"s:99:2:99:Infinity":37,"f:102:16:102:39":15,"s:103:2:103:Infinity":38,"b:103:70:103:79:103:79:103:86":9,"f:106:16:106:31":16,"s:107:2:107:Infinity":39,"s:108:2:108:Infinity":40,"s:109:2:109:Infinity":41,"s:110:2:110:Infinity":42},"fnNames":{}}}
}
